#
# A fatal error has been detected by the Java Runtime Environment:
#
#  SIGSEGV (0xb) at pc=0x00007f5df68ac98d, pid=8811, tid=0x00007f5dd6cec700
#
# JRE version: Java(TM) SE Runtime Environment (8.0_201-b09) (build 1.8.0_201-b09)
# Java VM: Java HotSpot(TM) 64-Bit Server VM (25.201-b09 mixed mode linux-amd64 compressed oops)
# Problematic frame:
# C  [libc.so.6+0x9798d]  cfree+0x3d
#
# Failed to write core dump. Core dumps have been disabled. To enable core dumping, try "ulimit -c unlimited" before starting Java again
#
# If you would like to submit a bug report, please visit:
#   http://bugreport.java.com/bugreport/crash.jsp
# The crash happened outside the Java Virtual Machine in native code.
# See problematic frame for where to report the bug.
#

---------------  T H R E A D  ---------------

Current thread (0x00007f5df0092800):  JavaThread "Finalizer" daemon [_thread_in_native, id=8834, stack(0x00007f5dd6bec000,0x00007f5dd6ced000)]

siginfo: si_signo: 11 (SIGSEGV), si_code: 1 (SEGV_MAPERR), si_addr: 0x00007f5dbd8f0008

Registers:
RAX=0x0000000000000000, RBX=0x00007f5cf9a47640, RCX=0x0000000002ed0e34, RDX=0x00007f5cf9a47fa0
RSP=0x00007f5dd6ce8c80, RBP=0x00007f5dd6ce8d60, RSI=0x00007f5dd6ce8d60, RDI=0x00007f5dbd8f0010
R8 =0x00000000f8005c39, R9 =0x00007f5ddd1ff000, R10=0x00007f5d52b3cf30, R11=0x00000005d9b76b08
R12=0x00007f5dbd8f0010, R13=0x00007f5de13b6280, R14=0x00007f5dd6ceb920, R15=0x00007f5df0092800
RIP=0x00007f5df68ac98d, EFLAGS=0x0000000000010202, CSGSFS=0x002b000000000033, ERR=0x0000000000000004
  TRAPNO=0x000000000000000e

Top of Stack: (sp=0x00007f5dd6ce8c80)
0x00007f5dd6ce8c80:   000000000074dc50 00007f5d59012d3c
0x00007f5dd6ce8c90:   00007f5dcf662098 0000ffff00001fa0
0x00007f5dd6ce8ca0:   00007f5df0092800 b47906523fe91000
0x00007f5dd6ce8cb0:   00007f5d5b058690 00007f5cf9a47640
0x00007f5dd6ce8cc0:   00007f5dd6ce8d60 0000000000000000
0x00007f5dd6ce8cd0:   00007f5de13b6280 00007f5dd6ceb920
0x00007f5dd6ce8ce0:   00007f5df0092800 00007f5d53879ee8
0x00007f5dd6ce8cf0:   00007f5cf9a47640 00007f5d53879f2c
0x00007f5dd6ce8d00:   00007f5dd6ce8d60 00007f5cf9a47640
0x00007f5dd6ce8d10:   00007f5dd6ce8d60 00007f5d53879f59
0x00007f5dd6ce8d20:   00007f5cf9a47640 00007f5d590280ef
0x00007f5dd6ce8d30:   ffffffffffffffff 00007f5d59012d3c
0x00007f5dd6ce8d40:   746e616e696d7265 00007265746c6946
0x00007f5dd6ce8d50:   746e616e696d7265 00000000006c6946
0x00007f5dd6ce8d60:   00007f5d5b058690 0000000000001b31
0x00007f5dd6ce8d70:   9066ffffbd2ae900 55fffec000248489
0x00007f5dd6ce8d80:   4840ec8348ec8b48 90000c90be49d68b
0x00007f5dd6ce8d90:   2474894c00007f5d 8b493024748d4c30
0x00007f5dd6ce8da0:   00315f64616f6c64 00325f64616f6c64
0x00007f5dd6ce8db0:   0000000000000000 0000000000000000
0x00007f5dd6ce8dc0:   032e4e0661533e0f 0000000000000000
0x00007f5dd6ce8dd0:   0000000000000000 0000000000000000
0x00007f5dd6ce8de0:   0000000000000000 0000000000000000
0x00007f5dd6ce8df0:   0000000000000000 0000000000000000
0x00007f5dd6ce8e00:   0000000000000000 0000000000000000
0x00007f5dd6ce8e10:   cafebabecafebabe 0000000000000000
0x00007f5dd6ce8e20:   00007f5dd6ce8e90 00007f5df0935800
0x00007f5dd6ce8e30:   00007f5dd6ce8e90 0000000000000000
0x00007f5dd6ce8e40:   00007f5dcf668328 00007f5df1ae3500
0x00007f5dd6ce8e50:   0000000000000000 0000000000000000
0x00007f5dd6ce8e60:   00007f5dce974428 00007f5dd6ceb920
0x00007f5dd6ce8e70:   00007f5df0092800 00007f5d59011e98 

Instructions: (pc=0x00007f5df68ac98d)
0x00007f5df68ac96d:   24 28 31 c0 48 8b 05 70 35 35 00 48 8b 00 48 85
0x00007f5df68ac97d:   c0 0f 85 9c 02 00 00 48 85 ff 0f 84 13 01 00 00
0x00007f5df68ac98d:   48 8b 77 f8 4c 8d 6f f0 40 f6 c6 02 0f 85 29 01
0x00007f5df68ac99d:   00 00 48 8b 2d d2 33 35 00 64 48 83 7d 00 00 0f 

Register to memory mapping:

RAX=0x0000000000000000 is an unknown value
RBX=0x00007f5cf9a47640 is an unknown value
RCX=0x0000000002ed0e34 is an unknown value
RDX=0x00007f5cf9a47fa0 is an unknown value
RSP=0x00007f5dd6ce8c80 is pointing into the stack for thread: 0x00007f5df0092800
RBP=0x00007f5dd6ce8d60 is pointing into the stack for thread: 0x00007f5df0092800
RSI=0x00007f5dd6ce8d60 is pointing into the stack for thread: 0x00007f5df0092800
RDI=0x00007f5dbd8f0010 is an unknown value
R8 =0x00000000f8005c39 is an unknown value
R9 =0x00007f5ddd1ff000 is an unknown value
R10=0x00007f5d52b3cf30: Java_org_itk_simple_SimpleITKJNI_delete_1Image+0 in /home/fernandr/Programmes/Fiji.app/lib/linux64/libSimpleITKJava.so at 0x00007f5d4ccad000
R11=0x00000005d9b76b08 is pointing into object: 0x00000005d9b76b00
java.lang.System$2 
 - klass: 'java/lang/System$2'
R12=0x00007f5dbd8f0010 is an unknown value
R13=0x00007f5de13b6280 is at entry_point+704 in (nmethod*)0x00007f5de13b5dd0
R14=0x00007f5dd6ceb920 is pointing into the stack for thread: 0x00007f5df0092800
R15=0x00007f5df0092800 is a thread


Stack: [0x00007f5dd6bec000,0x00007f5dd6ced000],  sp=0x00007f5dd6ce8c80,  free space=1011k
Native frames: (J=compiled Java code, j=interpreted, Vv=VM code, C=native code)
C  [libc.so.6+0x9798d]  cfree+0x3d
C  0x0000000000001b31

Java frames: (J=compiled Java code, j=interpreted, Vv=VM code)
J 3806  org.itk.simple.SimpleITKJNI.delete_Image(J)V (0 bytes) @ 0x00007f5de1717901 [0x00007f5de17178c0+0x41]
J 3675 C1 org.itk.simple.Image.finalize()V (5 bytes) @ 0x00007f5de1a254cc [0x00007f5de1a252a0+0x22c]
J 3617% C2 java.lang.ref.Finalizer$FinalizerThread.run()V (55 bytes) @ 0x00007f5de13b6280 [0x00007f5de13b5fc0+0x2c0]
v  ~StubRoutines::call_stub

---------------  P R O C E S S  ---------------

Java Threads: ( => current thread )
  0x00007f5df3716000 JavaThread "pool-1-thread-12" [_thread_blocked, id=9984, stack(0x00007f5dbf5f6000,0x00007f5dbf6f7000)]
  0x00007f5df3715000 JavaThread "pool-1-thread-11" [_thread_blocked, id=9983, stack(0x00007f5dbf3f4000,0x00007f5dbf4f5000)]
  0x00007f5df1c0e800 JavaThread "pool-1-thread-10" [_thread_blocked, id=9982, stack(0x00007f5dbf0f1000,0x00007f5dbf1f2000)]
  0x00007f5df1c0d800 JavaThread "pool-1-thread-9" [_thread_blocked, id=9981, stack(0x00007f5dbf7f8000,0x00007f5dbf8f9000)]
  0x00007f5df1c0d000 JavaThread "pool-1-thread-8" [_thread_blocked, id=9980, stack(0x00007f5dbf6f7000,0x00007f5dbf7f8000)]
  0x00007f5df1c0c000 JavaThread "pool-1-thread-7" [_thread_blocked, id=9979, stack(0x00007f5dbfafb000,0x00007f5dbfbfc000)]
  0x00007f5df1c04000 JavaThread "pool-1-thread-6" [_thread_blocked, id=9978, stack(0x00007f5dbf1f2000,0x00007f5dbf2f3000)]
  0x00007f5df1c05000 JavaThread "pool-1-thread-5" [_thread_blocked, id=9977, stack(0x00007f5dbf2f3000,0x00007f5dbf3f4000)]
  0x00007f5df1c08000 JavaThread "pool-1-thread-4" [_thread_blocked, id=9976, stack(0x00007f5dbf8f9000,0x00007f5dbf9fa000)]
  0x00007f5df1c06800 JavaThread "pool-1-thread-3" [_thread_blocked, id=9975, stack(0x00007f5dbf9fa000,0x00007f5dbfafb000)]
  0x00007f5df1c0b000 JavaThread "pool-1-thread-2" [_thread_blocked, id=9974, stack(0x00007f5dbf4f5000,0x00007f5dbf5f6000)]
  0x00007f5df1c0a000 JavaThread "pool-1-thread-1" [_thread_blocked, id=9973, stack(0x00007f5dbfbfc000,0x00007f5dbfcfd000)]
  0x00007f5df1bfc800 JavaThread "zSelector" [_thread_blocked, id=9954, stack(0x00007f5dbfeff000,0x00007f5dc0000000)]
  0x00007f5df1bf9000 JavaThread "zSelector" [_thread_blocked, id=9953, stack(0x00007f5dbfdfe000,0x00007f5dbfeff000)]
  0x00007f5df1ca7800 JavaThread "zSelector" [_thread_blocked, id=9949, stack(0x00007f5dbfcfd000,0x00007f5dbfdfe000)]
  0x00007f5df098e000 JavaThread "zSelector" [_thread_blocked, id=8880, stack(0x00007f5dcda67000,0x00007f5dcdb68000)]
  0x00007f5df098a800 JavaThread "zSelector" [_thread_blocked, id=8879, stack(0x00007f5dce4a8000,0x00007f5dce5a9000)]
  0x00007f5df01a7000 JavaThread "zSelector" [_thread_blocked, id=8875, stack(0x00007f5dcead6000,0x00007f5dcebd7000)]
  0x00007f5df01a4800 JavaThread "zSelector" [_thread_blocked, id=8874, stack(0x00007f5dcde69000,0x00007f5dcdf6a000)]
  0x00007f5df0936000 JavaThread "TimerQueue" daemon [_thread_blocked, id=8850, stack(0x00007f5dcdd68000,0x00007f5dcde69000)]
  0x00007f5df0340800 JavaThread "AWT-EventQueue-0" [_thread_blocked, id=8845, stack(0x00007f5dcf274000,0x00007f5dcf375000)]
  0x00007f5df033c000 JavaThread "AWT-Shutdown" [_thread_blocked, id=8844, stack(0x00007f5dcf375000,0x00007f5dcf476000)]
  0x00007f5df02ad000 JavaThread "AWT-XAWT" daemon [_thread_in_native, id=8843, stack(0x00007f5dcf676000,0x00007f5dcf777000)]
  0x00007f5df0284000 JavaThread "Java2D Disposer" daemon [_thread_blocked, id=8842, stack(0x00007f5dd4100000,0x00007f5dd4201000)]
  0x00007f5df00d9800 JavaThread "Service Thread" daemon [_thread_blocked, id=8840, stack(0x00007f5dd5c17000,0x00007f5dd5d18000)]
  0x00007f5df00ce000 JavaThread "C1 CompilerThread3" daemon [_thread_blocked, id=8839, stack(0x00007f5dd5d19000,0x00007f5dd5e19000)]
  0x00007f5df00cc000 JavaThread "C2 CompilerThread2" daemon [_thread_in_native, id=8838, stack(0x00007f5dd5e1a000,0x00007f5dd5f1a000)]
  0x00007f5df00ca000 JavaThread "C2 CompilerThread1" daemon [_thread_blocked, id=8837, stack(0x00007f5dd5f1b000,0x00007f5dd601b000)]
  0x00007f5df00c7800 JavaThread "C2 CompilerThread0" daemon [_thread_in_native, id=8836, stack(0x00007f5dd601c000,0x00007f5dd611c000)]
  0x00007f5df00c6000 JavaThread "Signal Dispatcher" daemon [_thread_blocked, id=8835, stack(0x00007f5dd611c000,0x00007f5dd621d000)]
=>0x00007f5df0092800 JavaThread "Finalizer" daemon [_thread_in_native, id=8834, stack(0x00007f5dd6bec000,0x00007f5dd6ced000)]
  0x00007f5df0090000 JavaThread "Reference Handler" daemon [_thread_blocked, id=8833, stack(0x00007f5dd6ced000,0x00007f5dd6dee000)]
  0x00007f5df000c000 JavaThread "Run$_main" [_thread_in_native_trans, id=8820, stack(0x00007f5df752e000,0x00007f5df762e000)]

Other Threads:
  0x00007f5df0086800 VMThread [stack: 0x00007f5dd6def000,0x00007f5dd6eef000] [id=8832]
  0x00007f5df00dc000 WatcherThread [stack: 0x00007f5dd5b17000,0x00007f5dd5c17000] [id=8841]

VM state:not at safepoint (normal execution)

VM Mutex/Monitor currently owned by a thread: None

heap address: 0x00000005cd200000, size: 7982 MB, Compressed Oops mode: Zero based, Oop shift amount: 3
Narrow klass base: 0x0000000000000000, Narrow klass shift: 3
Compressed class space size: 1073741824 Address: 0x00000007c0000000

Heap:
 PSYoungGen      total 708096K, used 11492K [0x0000000719b80000, 0x0000000748b80000, 0x00000007c0000000)
  eden space 647680K, 1% used [0x0000000719b80000,0x000000071a6b90c0,0x0000000741400000)
  from space 60416K, 0% used [0x0000000744f80000,0x0000000744f80000,0x0000000748a80000)
  to   space 60928K, 0% used [0x0000000741400000,0x0000000741400000,0x0000000744f80000)
 ParOldGen       total 491008K, used 248624K [0x00000005cd200000, 0x00000005eb180000, 0x0000000719b80000)
  object space 491008K, 50% used [0x00000005cd200000,0x00000005dc4cc248,0x00000005eb180000)
 Metaspace       used 21817K, capacity 22105K, committed 22320K, reserved 1069056K
  class space    used 2221K, capacity 2298K, committed 2304K, reserved 1048576K

Card table byte_map: [0x00007f5de0068000,0x00007f5de1000000] byte_map_base: 0x00007f5ddd1ff000

Marking Bits: (ParMarkBitMap*) 0x00007f5df67f7d80
 Begin Bits: [0x00007f5da0690000, 0x00007f5da8348000)
 End Bits:   [0x00007f5da8348000, 0x00007f5db0000000)

Polling page: 0x00007f5df766e000

CodeCache: size=245760Kb used=15280Kb max_used=15293Kb free=230480Kb
 bounds [0x00007f5de1000000, 0x00007f5de1f10000, 0x00007f5df0000000]
 total_blobs=4424 nmethods=3484 adapters=850
 compilation: enabled

Compilation events (10 events):
Event: 55,011 Thread 0x00007f5df00ce000 4075   !   3       java.awt.Container::removeNotify (125 bytes)
Event: 55,012 Thread 0x00007f5df00ce000 nmethod 4075 0x00007f5de1e87590 code [0x00007f5de1e87860, 0x00007f5de1e88e78]
Event: 55,013 Thread 0x00007f5df00ca000 4076   !   4       java.util.concurrent.locks.AbstractQueuedSynchronizer::acquireQueued (93 bytes)
Event: 55,013 Thread 0x00007f5df00c7800 4077       4       ij.plugin.filter.GaussianBlur::makeGaussianKernel (347 bytes)
Event: 55,016 Thread 0x00007f5df00ca000 nmethod 4076 0x00007f5de1eea1d0 code [0x00007f5de1eea360, 0x00007f5de1eea6a8]
Event: 55,021 Thread 0x00007f5df00c7800 nmethod 4077 0x00007f5de1eeac50 code [0x00007f5de1eeae60, 0x00007f5de1eebd98]
Event: 55,091 Thread 0x00007f5df00ca000 4078       4       java.util.concurrent.SynchronousQueue$TransferStack::transfer (380 bytes)
Event: 55,093 Thread 0x00007f5df00c7800 4079       4       com.vitimage.registration.ItkTransform::computeDenseFieldFromSparseCorrespondancePoints (1720 bytes)
Event: 55,094 Thread 0x00007f5df00ce000 4080       3       com.vitimage.common.ItkImagePlusInterface::convertImagePlusArrayToDisplacementField (336 bytes)
Event: 55,096 Thread 0x00007f5df00ce000 nmethod 4080 0x00007f5de1efb450 code [0x00007f5de1efb920, 0x00007f5de1efe548]

GC Heap History (10 events):
Event: 52,511 GC heap before
{Heap before GC invocations=48 (full 2):
 PSYoungGen      total 671744K, used 30177K [0x0000000719b80000, 0x0000000745c80000, 0x00000007c0000000)
  eden space 641536K, 0% used [0x0000000719b80000,0x0000000719b80000,0x0000000740e00000)
  from space 30208K, 99% used [0x0000000743200000,0x0000000744f78410,0x0000000744f80000)
  to   space 36864K, 0% used [0x0000000740e00000,0x0000000740e00000,0x0000000743200000)
 ParOldGen       total 491008K, used 317428K [0x00000005cd200000, 0x00000005eb180000, 0x0000000719b80000)
  object space 491008K, 64% used [0x00000005cd200000,0x00000005e07fd378,0x00000005eb180000)
 Metaspace       used 21796K, capacity 22041K, committed 22320K, reserved 1069056K
  class space    used 2220K, capacity 2298K, committed 2304K, reserved 1048576K
Event: 52,552 GC heap after
Heap after GC invocations=48 (full 2):
 PSYoungGen      total 671744K, used 0K [0x0000000719b80000, 0x0000000745c80000, 0x00000007c0000000)
  eden space 641536K, 0% used [0x0000000719b80000,0x0000000719b80000,0x0000000740e00000)
  from space 30208K, 0% used [0x0000000743200000,0x0000000743200000,0x0000000744f80000)
  to   space 36864K, 0% used [0x0000000740e00000,0x0000000740e00000,0x0000000743200000)
 ParOldGen       total 491008K, used 247795K [0x00000005cd200000, 0x00000005eb180000, 0x0000000719b80000)
  object space 491008K, 50% used [0x00000005cd200000,0x00000005dc3fcca8,0x00000005eb180000)
 Metaspace       used 21796K, capacity 22041K, committed 22320K, reserved 1069056K
  class space    used 2220K, capacity 2298K, committed 2304K, reserved 1048576K
}
Event: 53,788 GC heap before
{Heap before GC invocations=49 (full 2):
 PSYoungGen      total 671744K, used 88675K [0x0000000719b80000, 0x0000000745c80000, 0x00000007c0000000)
  eden space 641536K, 13% used [0x0000000719b80000,0x000000071f218c10,0x0000000740e00000)
  from space 30208K, 0% used [0x0000000743200000,0x0000000743200000,0x0000000744f80000)
  to   space 36864K, 0% used [0x0000000740e00000,0x0000000740e00000,0x0000000743200000)
 ParOldGen       total 491008K, used 247795K [0x00000005cd200000, 0x00000005eb180000, 0x0000000719b80000)
  object space 491008K, 50% used [0x00000005cd200000,0x00000005dc3fcca8,0x00000005eb180000)
 Metaspace       used 21804K, capacity 22041K, committed 22320K, reserved 1069056K
  class space    used 2220K, capacity 2298K, committed 2304K, reserved 1048576K
Event: 53,907 GC heap after
Heap after GC invocations=49 (full 2):
 PSYoungGen      total 678400K, used 36832K [0x0000000719b80000, 0x0000000748a80000, 0x00000007c0000000)
  eden space 641536K, 0% used [0x0000000719b80000,0x0000000719b80000,0x0000000740e00000)
  from space 36864K, 99% used [0x0000000740e00000,0x00000007431f8150,0x0000000743200000)
  to   space 60416K, 0% used [0x0000000744f80000,0x0000000744f80000,0x0000000748a80000)
 ParOldGen       total 491008K, used 298259K [0x00000005cd200000, 0x00000005eb180000, 0x0000000719b80000)
  object space 491008K, 60% used [0x00000005cd200000,0x00000005df544ca8,0x00000005eb180000)
 Metaspace       used 21804K, capacity 22041K, committed 22320K, reserved 1069056K
  class space    used 2220K, capacity 2298K, committed 2304K, reserved 1048576K
}
Event: 53,907 GC heap before
{Heap before GC invocations=50 (full 3):
 PSYoungGen      total 678400K, used 36832K [0x0000000719b80000, 0x0000000748a80000, 0x00000007c0000000)
  eden space 641536K, 0% used [0x0000000719b80000,0x0000000719b80000,0x0000000740e00000)
  from space 36864K, 99% used [0x0000000740e00000,0x00000007431f8150,0x0000000743200000)
  to   space 60416K, 0% used [0x0000000744f80000,0x0000000744f80000,0x0000000748a80000)
 ParOldGen       total 491008K, used 298259K [0x00000005cd200000, 0x00000005eb180000, 0x0000000719b80000)
  object space 491008K, 60% used [0x00000005cd200000,0x00000005df544ca8,0x00000005eb180000)
 Metaspace       used 21804K, capacity 22041K, committed 22320K, reserved 1069056K
  class space    used 2220K, capacity 2298K, committed 2304K, reserved 1048576K
Event: 54,108 GC heap after
Heap after GC invocations=50 (full 3):
 PSYoungGen      total 678400K, used 0K [0x0000000719b80000, 0x0000000748a80000, 0x00000007c0000000)
  eden space 641536K, 0% used [0x0000000719b80000,0x0000000719b80000,0x0000000740e00000)
  from space 36864K, 0% used [0x0000000740e00000,0x0000000740e00000,0x0000000743200000)
  to   space 60416K, 0% used [0x0000000744f80000,0x0000000744f80000,0x0000000748a80000)
 ParOldGen       total 491008K, used 329543K [0x00000005cd200000, 0x00000005eb180000, 0x0000000719b80000)
  object space 491008K, 67% used [0x00000005cd200000,0x00000005e13d1f60,0x00000005eb180000)
 Metaspace       used 21804K, capacity 22041K, committed 22320K, reserved 1069056K
  class space    used 2220K, capacity 2298K, committed 2304K, reserved 1048576K
}
Event: 55,097 GC heap before
{Heap before GC invocations=51 (full 3):
 PSYoungGen      total 678400K, used 135479K [0x0000000719b80000, 0x0000000748a80000, 0x00000007c0000000)
  eden space 641536K, 21% used [0x0000000719b80000,0x0000000721fcdc38,0x0000000740e00000)
  from space 36864K, 0% used [0x0000000740e00000,0x0000000740e00000,0x0000000743200000)
  to   space 60416K, 0% used [0x0000000744f80000,0x0000000744f80000,0x0000000748a80000)
 ParOldGen       total 491008K, used 329543K [0x00000005cd200000, 0x00000005eb180000, 0x0000000719b80000)
  object space 491008K, 67% used [0x00000005cd200000,0x00000005e13d1f60,0x00000005eb180000)
 Metaspace       used 21817K, capacity 22105K, committed 22320K, reserved 1069056K
  class space    used 2221K, capacity 2298K, committed 2304K, reserved 1048576K
Event: 55,103 GC heap after
Heap after GC invocations=51 (full 3):
 PSYoungGen      total 708096K, used 2912K [0x0000000719b80000, 0x0000000748b80000, 0x00000007c0000000)
  eden space 647680K, 0% used [0x0000000719b80000,0x0000000719b80000,0x0000000741400000)
  from space 60416K, 4% used [0x0000000744f80000,0x00000007452580c0,0x0000000748a80000)
  to   space 60928K, 0% used [0x0000000741400000,0x0000000741400000,0x0000000744f80000)
 ParOldGen       total 491008K, used 329543K [0x00000005cd200000, 0x00000005eb180000, 0x0000000719b80000)
  object space 491008K, 67% used [0x00000005cd200000,0x00000005e13d1f60,0x00000005eb180000)
 Metaspace       used 21817K, capacity 22105K, committed 22320K, reserved 1069056K
  class space    used 2221K, capacity 2298K, committed 2304K, reserved 1048576K
}
Event: 55,103 GC heap before
{Heap before GC invocations=52 (full 4):
 PSYoungGen      total 708096K, used 2912K [0x0000000719b80000, 0x0000000748b80000, 0x00000007c0000000)
  eden space 647680K, 0% used [0x0000000719b80000,0x0000000719b80000,0x0000000741400000)
  from space 60416K, 4% used [0x0000000744f80000,0x00000007452580c0,0x0000000748a80000)
  to   space 60928K, 0% used [0x0000000741400000,0x0000000741400000,0x0000000744f80000)
 ParOldGen       total 491008K, used 329543K [0x00000005cd200000, 0x00000005eb180000, 0x0000000719b80000)
  object space 491008K, 67% used [0x00000005cd200000,0x00000005e13d1f60,0x00000005eb180000)
 Metaspace       used 21817K, capacity 22105K, committed 22320K, reserved 1069056K
  class space    used 2221K, capacity 2298K, committed 2304K, reserved 1048576K
Event: 55,121 GC heap after
Heap after GC invocations=52 (full 4):
 PSYoungGen      total 708096K, used 0K [0x0000000719b80000, 0x0000000748b80000, 0x00000007c0000000)
  eden space 647680K, 0% used [0x0000000719b80000,0x0000000719b80000,0x0000000741400000)
  from space 60416K, 0% used [0x0000000744f80000,0x0000000744f80000,0x0000000748a80000)
  to   space 60928K, 0% used [0x0000000741400000,0x0000000741400000,0x0000000744f80000)
 ParOldGen       total 491008K, used 248624K [0x00000005cd200000, 0x00000005eb180000, 0x0000000719b80000)
  object space 491008K, 50% used [0x00000005cd200000,0x00000005dc4cc248,0x00000005eb180000)
 Metaspace       used 21817K, capacity 22105K, committed 22320K, reserved 1069056K
  class space    used 2221K, capacity 2298K, committed 2304K, reserved 1048576K
}

Deoptimization events (10 events):
Event: 52,332 Thread 0x00007f5df1c06800 Uncommon trap: reason=unstable_if action=reinterpret pc=0x00007f5de1c5b584 method=java.util.concurrent.SynchronousQueue$TransferStack.awaitFulfill(Ljava/util/concurrent/SynchronousQueue$TransferStack$SNode;ZJ)Ljava/util/concurrent/SynchronousQueue$Transfe
Event: 52,332 Thread 0x00007f5df1c0b000 Uncommon trap: reason=unstable_if action=reinterpret pc=0x00007f5de1c5b584 method=java.util.concurrent.SynchronousQueue$TransferStack.awaitFulfill(Ljava/util/concurrent/SynchronousQueue$TransferStack$SNode;ZJ)Ljava/util/concurrent/SynchronousQueue$Transfe
Event: 52,332 Thread 0x00007f5df3716000 Uncommon trap: reason=unstable_if action=reinterpret pc=0x00007f5de1c5b584 method=java.util.concurrent.SynchronousQueue$TransferStack.awaitFulfill(Ljava/util/concurrent/SynchronousQueue$TransferStack$SNode;ZJ)Ljava/util/concurrent/SynchronousQueue$Transfe
Event: 52,332 Thread 0x00007f5df1c04000 Uncommon trap: reason=unstable_if action=reinterpret pc=0x00007f5de1c5b584 method=java.util.concurrent.SynchronousQueue$TransferStack.awaitFulfill(Ljava/util/concurrent/SynchronousQueue$TransferStack$SNode;ZJ)Ljava/util/concurrent/SynchronousQueue$Transfe
Event: 52,420 Thread 0x00007f5df000c000 Uncommon trap: reason=unstable_if action=reinterpret pc=0x00007f5de1e09010 method=sun.misc.FloatingDecimal$BinaryToASCIIBuffer.dtoa(IJIZ)V @ 824
Event: 53,059 Thread 0x00007f5df000c000 Uncommon trap: reason=unstable_if action=reinterpret pc=0x00007f5de1bfe218 method=com.vitimage.registration.ItkTransform.getFlattenDenseFieldAsDeformationField(Lij/ImagePlus;)Lorg/itk/simple/DisplacementFieldTransform; @ 440
Event: 53,714 Thread 0x00007f5df000c000 Uncommon trap: reason=unloaded action=reinterpret pc=0x00007f5de1bd0f80 method=com.vitimage.registration.ItkTransform.getFlattenDenseFieldAsDeformationField(Lij/ImagePlus;)Lorg/itk/simple/DisplacementFieldTransform; @ 595
Event: 53,739 Thread 0x00007f5df000c000 Uncommon trap: reason=unstable_if action=reinterpret pc=0x00007f5de1c10884 method=com.vitimage.common.ItkImagePlusInterface.convertImagePlusArrayToDisplacementField([Lij/ImagePlus;)Lorg/itk/simple/Image; @ 222
Event: 54,330 Thread 0x00007f5df000c000 Uncommon trap: reason=unstable_if action=reinterpret pc=0x00007f5de1c0a2b8 method=com.vitimage.common.VitimageUtils.clipFloatImage(Lij/ImagePlus;DD)Lij/ImagePlus; @ 79
Event: 55,094 Thread 0x00007f5df000c000 Uncommon trap: reason=unstable_if action=reinterpret pc=0x00007f5de1bd39cc method=com.vitimage.common.ItkImagePlusInterface.convertImagePlusArrayToDisplacementField([Lij/ImagePlus;)Lorg/itk/simple/Image; @ 222

Classes redefined (0 events):
No events

Internal exceptions (10 events):
Event: 54,403 Thread 0x00007f5df000c000 Implicit null exception at 0x00007f5de1ac44c0 to 0x00007f5de1ac4702
Event: 54,403 Thread 0x00007f5df000c000 Exception <a 'java/lang/NullPointerException'> (0x000000071b81c9e8) thrown at [/HUDSON/workspace/8-2-build-linux-amd64/jdk8u201/12317/hotspot/src/share/vm/runtime/sharedRuntime.cpp, line 605]
Event: 54,404 Thread 0x00007f5df000c000 Implicit null exception at 0x00007f5de1ac44c0 to 0x00007f5de1ac4702
Event: 54,404 Thread 0x00007f5df000c000 Exception <a 'java/lang/NullPointerException'> (0x000000071b936870) thrown at [/HUDSON/workspace/8-2-build-linux-amd64/jdk8u201/12317/hotspot/src/share/vm/runtime/sharedRuntime.cpp, line 605]
Event: 54,404 Thread 0x00007f5df000c000 Implicit null exception at 0x00007f5de1ac44c0 to 0x00007f5de1ac4702
Event: 54,404 Thread 0x00007f5df000c000 Exception <a 'java/lang/NullPointerException'> (0x000000071b9424e0) thrown at [/HUDSON/workspace/8-2-build-linux-amd64/jdk8u201/12317/hotspot/src/share/vm/runtime/sharedRuntime.cpp, line 605]
Event: 54,404 Thread 0x00007f5df000c000 Implicit null exception at 0x00007f5de1ac44c0 to 0x00007f5de1ac4702
Event: 54,404 Thread 0x00007f5df000c000 Exception <a 'java/lang/NullPointerException'> (0x000000071b94e150) thrown at [/HUDSON/workspace/8-2-build-linux-amd64/jdk8u201/12317/hotspot/src/share/vm/runtime/sharedRuntime.cpp, line 605]
Event: 54,404 Thread 0x00007f5df000c000 Implicit null exception at 0x00007f5de1ac44c0 to 0x00007f5de1ac4702
Event: 54,404 Thread 0x00007f5df000c000 Exception <a 'java/lang/NullPointerException'> (0x000000071b959dc0) thrown at [/HUDSON/workspace/8-2-build-linux-amd64/jdk8u201/12317/hotspot/src/share/vm/runtime/sharedRuntime.cpp, line 605]

Events (10 events):
Event: 54,790 Thread 0x00007f5df0123000 Thread exited: 0x00007f5df0123000
Event: 54,790 Thread 0x00007f5df1ca6800 Thread exited: 0x00007f5df1ca6800
Event: 54,790 Thread 0x00007f5df1ce7800 Thread exited: 0x00007f5df1ce7800
Event: 54,791 Thread 0x00007f5df1ae4000 Thread exited: 0x00007f5df1ae4000
Event: 54,795 Thread 0x00007f5df02ea000 Thread exited: 0x00007f5df02ea000
Event: 55,094 Thread 0x00007f5df000c000 Uncommon trap: trap_request=0xffffff65 fr.pc=0x00007f5de1bd39cc
Event: 55,094 Thread 0x00007f5df000c000 DEOPT PACKING pc=0x00007f5de1bd39cc sp=0x00007f5df762b910
Event: 55,094 Thread 0x00007f5df000c000 DEOPT UNPACKING pc=0x00007f5de104573a sp=0x00007f5df762b8c8 mode 2
Event: 55,097 Executing VM operation: ParallelGCSystemGC
Event: 55,121 Executing VM operation: ParallelGCSystemGC done


Dynamic libraries:
00400000-00401000 r-xp 00000000 103:05 399591                            /usr/lib/jvm/java-8-oracle/bin/java
00600000-00601000 r--p 00000000 103:05 399591                            /usr/lib/jvm/java-8-oracle/bin/java
00601000-00602000 rw-p 00001000 103:05 399591                            /usr/lib/jvm/java-8-oracle/bin/java
01caa000-01ccb000 rw-p 00000000 00:00 0                                  [heap]
5cd200000-5eb180000 rw-p 00000000 00:00 0 
5eb180000-719b80000 ---p 00000000 00:00 0 
719b80000-748b80000 rw-p 00000000 00:00 0 
748b80000-7c0000000 ---p 00000000 00:00 0 
7c0000000-7c0240000 rw-p 00000000 00:00 0 
7c0240000-800000000 ---p 00000000 00:00 0 
7f5cc8000000-7f5cc8021000 rw-p 00000000 00:00 0 
7f5cc8021000-7f5ccc000000 ---p 00000000 00:00 0 
7f5ccc000000-7f5ccc021000 rw-p 00000000 00:00 0 
7f5ccc021000-7f5cd0000000 ---p 00000000 00:00 0 
7f5cd0000000-7f5cd0021000 rw-p 00000000 00:00 0 
7f5cd0021000-7f5cd4000000 ---p 00000000 00:00 0 
7f5cd4000000-7f5cd4021000 rw-p 00000000 00:00 0 
7f5cd4021000-7f5cd8000000 ---p 00000000 00:00 0 
7f5cd8000000-7f5cd8021000 rw-p 00000000 00:00 0 
7f5cd8021000-7f5cdc000000 ---p 00000000 00:00 0 
7f5cdc000000-7f5cdc021000 rw-p 00000000 00:00 0 
7f5cdc021000-7f5ce0000000 ---p 00000000 00:00 0 
7f5ce0000000-7f5ce0021000 rw-p 00000000 00:00 0 
7f5ce0021000-7f5ce4000000 ---p 00000000 00:00 0 
7f5ce4000000-7f5ce4021000 rw-p 00000000 00:00 0 
7f5ce4021000-7f5ce8000000 ---p 00000000 00:00 0 
7f5ce8000000-7f5ce8021000 rw-p 00000000 00:00 0 
7f5ce8021000-7f5cec000000 ---p 00000000 00:00 0 
7f5cf0000000-7f5cf0021000 rw-p 00000000 00:00 0 
7f5cf0021000-7f5cf4000000 ---p 00000000 00:00 0 
7f5cf4000000-7f5cf4021000 rw-p 00000000 00:00 0 
7f5cf4021000-7f5cf8000000 ---p 00000000 00:00 0 
7f5cf8000000-7f5cfaa65000 rw-p 00000000 00:00 0 
7f5cfaa65000-7f5cfc000000 ---p 00000000 00:00 0 
7f5cfc000000-7f5cff0f6000 rw-p 00000000 00:00 0 
7f5cff0f6000-7f5d00000000 ---p 00000000 00:00 0 
7f5d00000000-7f5d00021000 rw-p 00000000 00:00 0 
7f5d00021000-7f5d04000000 ---p 00000000 00:00 0 
7f5d04000000-7f5d04021000 rw-p 00000000 00:00 0 
7f5d04021000-7f5d08000000 ---p 00000000 00:00 0 
7f5d08000000-7f5d08021000 rw-p 00000000 00:00 0 
7f5d08021000-7f5d0c000000 ---p 00000000 00:00 0 
7f5d0c000000-7f5d0c021000 rw-p 00000000 00:00 0 
7f5d0c021000-7f5d10000000 ---p 00000000 00:00 0 
7f5d10000000-7f5d10021000 rw-p 00000000 00:00 0 
7f5d10021000-7f5d14000000 ---p 00000000 00:00 0 
7f5d14000000-7f5d14021000 rw-p 00000000 00:00 0 
7f5d14021000-7f5d18000000 ---p 00000000 00:00 0 
7f5d18000000-7f5d18021000 rw-p 00000000 00:00 0 
7f5d18021000-7f5d1c000000 ---p 00000000 00:00 0 
7f5d1c000000-7f5d1c021000 rw-p 00000000 00:00 0 
7f5d1c021000-7f5d20000000 ---p 00000000 00:00 0 
7f5d20000000-7f5d20021000 rw-p 00000000 00:00 0 
7f5d20021000-7f5d24000000 ---p 00000000 00:00 0 
7f5d24000000-7f5d24021000 rw-p 00000000 00:00 0 
7f5d24021000-7f5d28000000 ---p 00000000 00:00 0 
7f5d28000000-7f5d28021000 rw-p 00000000 00:00 0 
7f5d28021000-7f5d2c000000 ---p 00000000 00:00 0 
7f5d2c000000-7f5d2c021000 rw-p 00000000 00:00 0 
7f5d2c021000-7f5d30000000 ---p 00000000 00:00 0 
7f5d30000000-7f5d30021000 rw-p 00000000 00:00 0 
7f5d30021000-7f5d34000000 ---p 00000000 00:00 0 
7f5d34000000-7f5d34021000 rw-p 00000000 00:00 0 
7f5d34021000-7f5d38000000 ---p 00000000 00:00 0 
7f5d38000000-7f5d38021000 rw-p 00000000 00:00 0 
7f5d38021000-7f5d3c000000 ---p 00000000 00:00 0 
7f5d3c000000-7f5d3c021000 rw-p 00000000 00:00 0 
7f5d3c021000-7f5d40000000 ---p 00000000 00:00 0 
7f5d40000000-7f5d40021000 rw-p 00000000 00:00 0 
7f5d40021000-7f5d44000000 ---p 00000000 00:00 0 
7f5d44000000-7f5d44021000 rw-p 00000000 00:00 0 
7f5d44021000-7f5d48000000 ---p 00000000 00:00 0 
7f5d48000000-7f5d48021000 rw-p 00000000 00:00 0 
7f5d48021000-7f5d4c000000 ---p 00000000 00:00 0 
7f5d4ccad000-7f5d5ad74000 r-xp 00000000 103:05 2121741                   /home/fernandr/Programmes/Fiji.app/lib/linux64/libSimpleITKJava.so
7f5d5ad74000-7f5d5af73000 ---p 0e0c7000 103:05 2121741                   /home/fernandr/Programmes/Fiji.app/lib/linux64/libSimpleITKJava.so
7f5d5af73000-7f5d5bfe1000 rw-p 0e0c6000 103:05 2121741                   /home/fernandr/Programmes/Fiji.app/lib/linux64/libSimpleITKJava.so
7f5d5bfe1000-7f5d5c000000 rw-p 00000000 00:00 0 
7f5d5c000000-7f5d5c30d000 rw-p 00000000 00:00 0 
7f5d5c30d000-7f5d60000000 ---p 00000000 00:00 0 
7f5d60000000-7f5d60021000 rw-p 00000000 00:00 0 
7f5d60021000-7f5d64000000 ---p 00000000 00:00 0 
7f5d64000000-7f5d6402f000 rw-p 00000000 00:00 0 
7f5d6402f000-7f5d68000000 ---p 00000000 00:00 0 
7f5d68000000-7f5d68021000 rw-p 00000000 00:00 0 
7f5d68021000-7f5d6c000000 ---p 00000000 00:00 0 
7f5d6c000000-7f5d6c021000 rw-p 00000000 00:00 0 
7f5d6c021000-7f5d70000000 ---p 00000000 00:00 0 
7f5d70000000-7f5d70026000 rw-p 00000000 00:00 0 
7f5d70026000-7f5d74000000 ---p 00000000 00:00 0 
7f5d74000000-7f5d75ae4000 rw-p 00000000 00:00 0 
7f5d75ae4000-7f5d78000000 ---p 00000000 00:00 0 
7f5d78000000-7f5d78021000 rw-p 00000000 00:00 0 
7f5d78021000-7f5d7c000000 ---p 00000000 00:00 0 
7f5d7c000000-7f5d7cbc1000 rw-p 00000000 00:00 0 
7f5d7cbc1000-7f5d80000000 ---p 00000000 00:00 0 
7f5d80000000-7f5d817f6000 rw-p 00000000 00:00 0 
7f5d817f6000-7f5d84000000 ---p 00000000 00:00 0 
7f5d84000000-7f5d84021000 rw-p 00000000 00:00 0 
7f5d84021000-7f5d88000000 ---p 00000000 00:00 0 
7f5d88000000-7f5d8bfff000 rw-p 00000000 00:00 0 
7f5d8bfff000-7f5d8c000000 ---p 00000000 00:00 0 
7f5d8c000000-7f5d8c021000 rw-p 00000000 00:00 0 
7f5d8c021000-7f5d90000000 ---p 00000000 00:00 0 
7f5d90000000-7f5d91ba9000 rw-p 00000000 00:00 0 
7f5d91ba9000-7f5d94000000 ---p 00000000 00:00 0 
7f5d94000000-7f5d94021000 rw-p 00000000 00:00 0 
7f5d94021000-7f5d98000000 ---p 00000000 00:00 0 
7f5d98000000-7f5d9808c000 rw-p 00000000 00:00 0 
7f5d9808c000-7f5d9c000000 ---p 00000000 00:00 0 
7f5d9c000000-7f5d9c021000 rw-p 00000000 00:00 0 
7f5d9c021000-7f5da0000000 ---p 00000000 00:00 0 
7f5da0690000-7f5db0000000 rw-p 00000000 00:00 0 
7f5db0000000-7f5db0021000 rw-p 00000000 00:00 0 
7f5db0021000-7f5db4000000 ---p 00000000 00:00 0 
7f5db4000000-7f5db4021000 rw-p 00000000 00:00 0 
7f5db4021000-7f5db8000000 ---p 00000000 00:00 0 
7f5db8000000-7f5db8021000 rw-p 00000000 00:00 0 
7f5db8021000-7f5dbc000000 ---p 00000000 00:00 0 
7f5dbcce4000-7f5dbcce7000 ---p 00000000 00:00 0 
7f5dbcce7000-7f5dbcde5000 rw-p 00000000 00:00 0 
7f5dbcde5000-7f5dbcde8000 ---p 00000000 00:00 0 
7f5dbcde8000-7f5dbcee6000 rw-p 00000000 00:00 0 
7f5dbcee6000-7f5dbcee9000 ---p 00000000 00:00 0 
7f5dbcee9000-7f5dbcfe7000 rw-p 00000000 00:00 0 
7f5dbcfe7000-7f5dbcfea000 ---p 00000000 00:00 0 
7f5dbcfea000-7f5dbd0e8000 rw-p 00000000 00:00 0 
7f5dbd0e8000-7f5dbd0eb000 ---p 00000000 00:00 0 
7f5dbd0eb000-7f5dbd1e9000 rw-p 00000000 00:00 0 
7f5dbd1e9000-7f5dbd1ec000 ---p 00000000 00:00 0 
7f5dbd1ec000-7f5dbd2ea000 rw-p 00000000 00:00 0 
7f5dbd2ea000-7f5dbd2ed000 ---p 00000000 00:00 0 
7f5dbd2ed000-7f5dbd3eb000 rw-p 00000000 00:00 0 
7f5dbd3eb000-7f5dbd3ee000 ---p 00000000 00:00 0 
7f5dbd3ee000-7f5dbd4ec000 rw-p 00000000 00:00 0 
7f5dbd4ec000-7f5dbd4ef000 ---p 00000000 00:00 0 
7f5dbd4ef000-7f5dbd5ed000 rw-p 00000000 00:00 0 
7f5dbd5ed000-7f5dbd5f0000 ---p 00000000 00:00 0 
7f5dbd5f0000-7f5dbd6ee000 rw-p 00000000 00:00 0 
7f5dbd6ee000-7f5dbd6f1000 ---p 00000000 00:00 0 
7f5dbd6f1000-7f5dbd7ef000 rw-p 00000000 00:00 0 
7f5dbd7ef000-7f5dbd7f2000 ---p 00000000 00:00 0 
7f5dbd7f2000-7f5dbd8f0000 rw-p 00000000 00:00 0 
7f5dbf0f1000-7f5dbf0f4000 ---p 00000000 00:00 0 
7f5dbf0f4000-7f5dbf1f2000 rw-p 00000000 00:00 0 
7f5dbf1f2000-7f5dbf1f5000 ---p 00000000 00:00 0 
7f5dbf1f5000-7f5dbf2f3000 rw-p 00000000 00:00 0 
7f5dbf2f3000-7f5dbf2f6000 ---p 00000000 00:00 0 
7f5dbf2f6000-7f5dbf3f4000 rw-p 00000000 00:00 0 
7f5dbf3f4000-7f5dbf3f7000 ---p 00000000 00:00 0 
7f5dbf3f7000-7f5dbf4f5000 rw-p 00000000 00:00 0 
7f5dbf4f5000-7f5dbf4f8000 ---p 00000000 00:00 0 
7f5dbf4f8000-7f5dbf5f6000 rw-p 00000000 00:00 0 
7f5dbf5f6000-7f5dbf5f9000 ---p 00000000 00:00 0 
7f5dbf5f9000-7f5dbf6f7000 rw-p 00000000 00:00 0 
7f5dbf6f7000-7f5dbf6fa000 ---p 00000000 00:00 0 
7f5dbf6fa000-7f5dbf7f8000 rw-p 00000000 00:00 0 
7f5dbf7f8000-7f5dbf7fb000 ---p 00000000 00:00 0 
7f5dbf7fb000-7f5dbf8f9000 rw-p 00000000 00:00 0 
7f5dbf8f9000-7f5dbf8fc000 ---p 00000000 00:00 0 
7f5dbf8fc000-7f5dbf9fa000 rw-p 00000000 00:00 0 
7f5dbf9fa000-7f5dbf9fd000 ---p 00000000 00:00 0 
7f5dbf9fd000-7f5dbfafb000 rw-p 00000000 00:00 0 
7f5dbfafb000-7f5dbfafe000 ---p 00000000 00:00 0 
7f5dbfafe000-7f5dbfbfc000 rw-p 00000000 00:00 0 
7f5dbfbfc000-7f5dbfbff000 ---p 00000000 00:00 0 
7f5dbfbff000-7f5dbfcfd000 rw-p 00000000 00:00 0 
7f5dbfcfd000-7f5dbfd00000 ---p 00000000 00:00 0 
7f5dbfd00000-7f5dbfdfe000 rw-p 00000000 00:00 0 
7f5dbfdfe000-7f5dbfe01000 ---p 00000000 00:00 0 
7f5dbfe01000-7f5dbfeff000 rw-p 00000000 00:00 0 
7f5dbfeff000-7f5dbff02000 ---p 00000000 00:00 0 
7f5dbff02000-7f5dc0000000 rw-p 00000000 00:00 0 
7f5dc0000000-7f5dc0021000 rw-p 00000000 00:00 0 
7f5dc0021000-7f5dc4000000 ---p 00000000 00:00 0 
7f5dc4000000-7f5dc4021000 rw-p 00000000 00:00 0 
7f5dc4021000-7f5dc8000000 ---p 00000000 00:00 0 
7f5dc8000000-7f5dc8021000 rw-p 00000000 00:00 0 
7f5dc8021000-7f5dcc000000 ---p 00000000 00:00 0 
7f5dcc064000-7f5dcc1f0000 rw-p 00000000 00:00 0 
7f5dcc1f0000-7f5dcc264000 ---p 00000000 00:00 0 
7f5dcc264000-7f5dcc265000 ---p 00000000 00:00 0 
7f5dcc265000-7f5dcca65000 rw-p 00000000 00:00 0 
7f5dcca65000-7f5dcca66000 ---p 00000000 00:00 0 
7f5dcca66000-7f5dcd266000 rw-p 00000000 00:00 0 
7f5dcd266000-7f5dcd267000 ---p 00000000 00:00 0 
7f5dcd267000-7f5dcda67000 rw-p 00000000 00:00 0 
7f5dcda67000-7f5dcda6a000 ---p 00000000 00:00 0 
7f5dcda6a000-7f5dcdd68000 rw-p 00000000 00:00 0 
7f5dcdd68000-7f5dcdd6b000 ---p 00000000 00:00 0 
7f5dcdd6b000-7f5dcde69000 rw-p 00000000 00:00 0 
7f5dcde69000-7f5dcde6c000 ---p 00000000 00:00 0 
7f5dcde6c000-7f5dce16a000 rw-p 00000000 00:00 0 
7f5dce1b8000-7f5dce1cb000 r--s 00345000 103:05 1319020                   /usr/lib/jvm/java-8-oracle/jre/lib/resources.jar
7f5dce20c000-7f5dce40c000 rw-p 00000000 00:00 0 
7f5dce41f000-7f5dce422000 r--s 00026000 103:05 2231676                   /home/fernandr/.m2/repository/org/scijava/vecmath/1.6.0-scijava-2/vecmath-1.6.0-scijava-2.jar
7f5dce422000-7f5dce431000 r--s 000f1000 103:05 2231674                   /home/fernandr/.m2/repository/org/scijava/j3dutils/1.6.0-scijava-2/j3dutils-1.6.0-scijava-2.jar
7f5dce431000-7f5dce455000 r--s 0031e000 103:05 2231672                   /home/fernandr/.m2/repository/org/jogamp/jogl/jogl-all/2.3.2/jogl-all-2.3.2.jar
7f5dce455000-7f5dce45b000 r--s 0004f000 103:05 2231670                   /home/fernandr/.m2/repository/org/jogamp/gluegen/gluegen-rt/2.3.2/gluegen-rt-2.3.2.jar
7f5dce45b000-7f5dce468000 r--s 001ce000 103:05 2231668                   /home/fernandr/.m2/repository/org/scijava/j3dcore/1.6.0-scijava-2/j3dcore-1.6.0-scijava-2.jar
7f5dce468000-7f5dce46f000 r--s 00083000 103:05 2240416                   /home/fernandr/.m2/repository/sc/fiji/3D_Viewer/4.0.3/3D_Viewer-4.0.3.jar
7f5dce46f000-7f5dce479000 r--s 0008a000 103:05 2122552                   /home/fernandr/.m2/repository/org/itk/simple/simpleitk/0.9.0/simpleitk-0.9.0.jar
7f5dce479000-7f5dce47c000 r--s 00012000 103:05 2231666                   /home/fernandr/.m2/repository/org/bushe/eventbus/1.4/eventbus-1.4.jar
7f5dce47c000-7f5dce48c000 r--s 000ac000 103:05 2231660                   /home/fernandr/.m2/repository/org/scijava/scijava-common/2.62.1/scijava-common-2.62.1.jar
7f5dce48c000-7f5dce4a8000 r--s 00393000 103:05 1448276                   /usr/lib/jvm/java-8-oracle/jre/lib/ext/cldrdata.jar
7f5dce4a8000-7f5dce4ab000 ---p 00000000 00:00 0 
7f5dce4ab000-7f5dce5a9000 rw-p 00000000 00:00 0 
7f5dce5a9000-7f5dce6a9000 rw-s 00000000 00:05 25722925                   /SYSV00000000 (deleted)
7f5dce6a9000-7f5dce6d3000 r-xp 00000000 103:05 1319030                   /usr/lib/jvm/java-8-oracle/jre/lib/amd64/libdcpr.so
7f5dce6d3000-7f5dce8d2000 ---p 0002a000 103:05 1319030                   /usr/lib/jvm/java-8-oracle/jre/lib/amd64/libdcpr.so
7f5dce8d2000-7f5dce8d3000 r--p 00029000 103:05 1319030                   /usr/lib/jvm/java-8-oracle/jre/lib/amd64/libdcpr.so
7f5dce8d3000-7f5dce8d6000 rw-p 0002a000 103:05 1319030                   /usr/lib/jvm/java-8-oracle/jre/lib/amd64/libdcpr.so
7f5dce8d6000-7f5dcead6000 rw-p 00000000 00:00 0 
7f5dcead6000-7f5dcead9000 ---p 00000000 00:00 0 
7f5dcead9000-7f5dcebd7000 rw-p 00000000 00:00 0 
7f5dcebd7000-7f5dcec43000 r-xp 00000000 103:05 1319045                   /usr/lib/jvm/java-8-oracle/jre/lib/amd64/libt2k.so
7f5dcec43000-7f5dcee43000 ---p 0006c000 103:05 1319045                   /usr/lib/jvm/java-8-oracle/jre/lib/amd64/libt2k.so
7f5dcee43000-7f5dcee49000 r--p 0006c000 103:05 1319045                   /usr/lib/jvm/java-8-oracle/jre/lib/amd64/libt2k.so
7f5dcee49000-7f5dcee4a000 rw-p 00072000 103:05 1319045                   /usr/lib/jvm/java-8-oracle/jre/lib/amd64/libt2k.so
7f5dcee4a000-7f5dcee5b000 r-xp 00000000 103:05 1319086                   /usr/lib/jvm/java-8-oracle/jre/lib/amd64/libnio.so
7f5dcee5b000-7f5dcf05a000 ---p 00011000 103:05 1319086                   /usr/lib/jvm/java-8-oracle/jre/lib/amd64/libnio.so
7f5dcf05a000-7f5dcf05b000 r--p 00010000 103:05 1319086                   /usr/lib/jvm/java-8-oracle/jre/lib/amd64/libnio.so
7f5dcf05b000-7f5dcf05c000 rw-p 00011000 103:05 1319086                   /usr/lib/jvm/java-8-oracle/jre/lib/amd64/libnio.so
7f5dcf05c000-7f5dcf072000 r-xp 00000000 103:05 1319083                   /usr/lib/jvm/java-8-oracle/jre/lib/amd64/libnet.so
7f5dcf072000-7f5dcf272000 ---p 00016000 103:05 1319083                   /usr/lib/jvm/java-8-oracle/jre/lib/amd64/libnet.so
7f5dcf272000-7f5dcf273000 r--p 00016000 103:05 1319083                   /usr/lib/jvm/java-8-oracle/jre/lib/amd64/libnet.so
7f5dcf273000-7f5dcf274000 rw-p 00017000 103:05 1319083                   /usr/lib/jvm/java-8-oracle/jre/lib/amd64/libnet.so
7f5dcf274000-7f5dcf277000 ---p 00000000 00:00 0 
7f5dcf277000-7f5dcf375000 rw-p 00000000 00:00 0 
7f5dcf375000-7f5dcf378000 ---p 00000000 00:00 0 
7f5dcf378000-7f5dcf676000 rw-p 00000000 00:00 0 
7f5dcf676000-7f5dcf679000 ---p 00000000 00:00 0 
7f5dcf679000-7f5dcf777000 rw-p 00000000 00:00 0 
7f5dcf777000-7f5dcf77c000 r-xp 00000000 103:05 401423                    /usr/lib/x86_64-linux-gnu/libXfixes.so.3.1.0
7f5dcf77c000-7f5dcf97b000 ---p 00005000 103:05 401423                    /usr/lib/x86_64-linux-gnu/libXfixes.so.3.1.0
7f5dcf97b000-7f5dcf97c000 r--p 00004000 103:05 401423                    /usr/lib/x86_64-linux-gnu/libXfixes.so.3.1.0
7f5dcf97c000-7f5dcf97d000 rw-p 00005000 103:05 401423                    /usr/lib/x86_64-linux-gnu/libXfixes.so.3.1.0
7f5dcf97d000-7f5dcf986000 r-xp 00000000 103:05 401415                    /usr/lib/x86_64-linux-gnu/libXcursor.so.1.0.2
7f5dcf986000-7f5dcfb85000 ---p 00009000 103:05 401415                    /usr/lib/x86_64-linux-gnu/libXcursor.so.1.0.2
7f5dcfb85000-7f5dcfb86000 r--p 00008000 103:05 401415                    /usr/lib/x86_64-linux-gnu/libXcursor.so.1.0.2
7f5dcfb86000-7f5dcfb87000 rw-p 00009000 103:05 401415                    /usr/lib/x86_64-linux-gnu/libXcursor.so.1.0.2
7f5dcfb87000-7f5dcfb9e000 r-xp 00000000 103:05 3801268                   /lib/x86_64-linux-gnu/libgcc_s.so.1
7f5dcfb9e000-7f5dcfd9d000 ---p 00017000 103:05 3801268                   /lib/x86_64-linux-gnu/libgcc_s.so.1
7f5dcfd9d000-7f5dcfd9e000 r--p 00016000 103:05 3801268                   /lib/x86_64-linux-gnu/libgcc_s.so.1
7f5dcfd9e000-7f5dcfd9f000 rw-p 00017000 103:05 3801268                   /lib/x86_64-linux-gnu/libgcc_s.so.1
7f5dcfd9f000-7f5dcfdfc000 r-xp 00000000 103:05 1319057                   /usr/lib/jvm/java-8-oracle/jre/lib/amd64/libfontmanager.so
7f5dcfdfc000-7f5dcfffc000 ---p 0005d000 103:05 1319057                   /usr/lib/jvm/java-8-oracle/jre/lib/amd64/libfontmanager.so
7f5dcfffc000-7f5dcffff000 r--p 0005d000 103:05 1319057                   /usr/lib/jvm/java-8-oracle/jre/lib/amd64/libfontmanager.so
7f5dcffff000-7f5dd0000000 rw-p 00060000 103:05 1319057                   /usr/lib/jvm/java-8-oracle/jre/lib/amd64/libfontmanager.so
7f5dd0000000-7f5dd0021000 rw-p 00000000 00:00 0 
7f5dd0021000-7f5dd4000000 ---p 00000000 00:00 0 
7f5dd4002000-7f5dd4004000 r--s 00003000 103:05 2231664                   /home/fernandr/.m2/repository/com/googlecode/gentyref/gentyref/1.1.0/gentyref-1.1.0.jar
7f5dd4004000-7f5dd4006000 r--s 00009000 103:05 2231662                   /home/fernandr/.m2/repository/org/scijava/parsington/1.0.0/parsington-1.0.0.jar
7f5dd4006000-7f5dd4007000 r--s 00001000 103:05 2055202                   /home/fernandr/.m2/repository/org/scijava/scijava-java3d/0.1.0/scijava-java3d-0.1.0.jar
7f5dd4007000-7f5dd4009000 r--s 00008000 103:05 2027869                   /home/fernandr/.m2/repository/gov/nist/math/jama/1.0.3/jama-1.0.3.jar
7f5dd4009000-7f5dd400a000 r--s 0000a000 103:05 1978199                   /home/fernandr/.m2/repository/sc/fiji/pal-optimization/2.0.1/pal-optimization-2.0.1.jar
7f5dd400a000-7f5dd4014000 r--s 00116000 103:05 1448283                   /usr/lib/jvm/java-8-oracle/jre/lib/ext/localedata.jar
7f5dd4014000-7f5dd401b000 r--s 00095000 103:05 1978197                   /home/fernandr/.m2/repository/sc/fiji/VIB-lib/2.2.0/VIB-lib-2.2.0.jar
7f5dd401b000-7f5dd4094000 r--s 010fd000 103:05 409159                    /usr/lib/jvm/java-8-oracle/lib/tools.jar
7f5dd4094000-7f5dd409f000 r--s 00000000 103:05 2754318                   /var/cache/fontconfig/945677eb7aeaf62f1d50efc3fb3ec7d8-le64.cache-7
7f5dd409f000-7f5dd40a4000 r--s 00000000 103:05 2754289                   /var/cache/fontconfig/2300eef321c393bfd76478a5c0e95b23-le64.cache-7
7f5dd40a4000-7f5dd40a5000 r--s 00000000 103:05 2754282                   /var/cache/fontconfig/0d8c3b2ac0904cb8a57a757ad11a4a08-le64.cache-7
7f5dd40a5000-7f5dd40a9000 r--s 00000000 103:05 2758608                   /var/cache/fontconfig/6d41288fd70b0be22e8c3a91e032eec0-le64.cache-7
7f5dd40a9000-7f5dd40be000 r--s 00000000 103:05 2754278                   /var/cache/fontconfig/04aabc0a78ac019cf9454389977116d2-le64.cache-7
7f5dd40be000-7f5dd40bf000 r--s 00000000 103:05 2754286                   /var/cache/fontconfig/1ac9eb803944fde146138c791f5cc56a-le64.cache-7
7f5dd40bf000-7f5dd40c0000 r--s 00000000 103:05 2754337                   /var/cache/fontconfig/dc05db6664285cc2f12bf69c139ae4c3-le64.cache-7
7f5dd40c0000-7f5dd40c2000 r--s 00000000 103:05 2754283                   /var/cache/fontconfig/14a5e22175779b556eaa434240950366-le64.cache-7
7f5dd40c2000-7f5dd40c3000 r--s 00000000 103:05 2754310                   /var/cache/fontconfig/660208299946a285a940457d1287da33-le64.cache-7
7f5dd40c3000-7f5dd40c5000 r--s 00000000 103:05 2754301                   /var/cache/fontconfig/4f3e3037c9980c83b53a9351efadef62-le64.cache-7
7f5dd40c5000-7f5dd40c7000 r--s 00000000 103:05 2754315                   /var/cache/fontconfig/767a8244fc0220cfb567a839d0392e0b-le64.cache-7
7f5dd40c7000-7f5dd40c8000 r--s 00000000 103:05 2755247                   /var/cache/fontconfig/4794a0821666d79190d59a36cb4f44b5-le64.cache-7
7f5dd40c8000-7f5dd40ca000 r--s 00000000 103:05 2759434                   /var/cache/fontconfig/0bd3dc0958fa2205aaaa8ebb13e2872b-le64.cache-7
7f5dd40ca000-7f5dd40cf000 r--s 00000000 103:05 2754338                   /var/cache/fontconfig/def309198bfa603429122923fa2bb2d4-le64.cache-7
7f5dd40cf000-7f5dd40d0000 r--s 00000000 103:05 2754326                   /var/cache/fontconfig/b872e6e592da6075ffa4ab0a1fcc0c75-le64.cache-7
7f5dd40d0000-7f5dd40d1000 r--s 00000000 103:05 2754343                   /var/cache/fontconfig/f6d4eedfaab2589bde49f7a3ff831d22-le64.cache-7
7f5dd40d1000-7f5dd40d2000 r--s 00000000 103:05 2754308                   /var/cache/fontconfig/589f83ef4c36d296ce6e1c846f468f08-le64.cache-7
7f5dd40d2000-7f5dd40d3000 r--s 00000000 103:05 2754328                   /var/cache/fontconfig/bab58bb527bb656aaa9f116d68a48d89-le64.cache-7
7f5dd40d3000-7f5dd40d4000 r--s 00000000 103:05 2754287                   /var/cache/fontconfig/2171a34dccabdb6bcbbc728186263178-le64.cache-7
7f5dd40d4000-7f5dd40d5000 r--s 00000000 103:05 2754329                   /var/cache/fontconfig/c5c45a61289222e0d30b1a26ef4effbe-le64.cache-7
7f5dd40d5000-7f5dd40d6000 r--s 00000000 103:05 2754324                   /var/cache/fontconfig/aec30016f93e1b46d1a973dce0d74068-le64.cache-7
7f5dd40d6000-7f5dd40d7000 r--s 00000000 103:05 2754294                   /var/cache/fontconfig/3f589640d34b7dc9042c8d453f7c8b9c-le64.cache-7
7f5dd40d7000-7f5dd40d8000 r--s 00000000 103:05 2754284                   /var/cache/fontconfig/16c2fda60d1b4b719f4b3d06fd951d25-le64.cache-7
7f5dd40d8000-7f5dd40d9000 r--s 00000000 103:05 2754323                   /var/cache/fontconfig/a48eab177a16e4f3713381162db2f3e9-le64.cache-7
7f5dd40d9000-7f5dd40da000 r--s 00000000 103:05 2754304                   /var/cache/fontconfig/564b2e68ac9bc4e36a6f7f6d6125ec1c-le64.cache-7
7f5dd40da000-7f5dd40df000 r--s 00000000 103:05 2754981                   /var/cache/fontconfig/9d2451b1fd30e5bffe8383fd27c35478-le64.cache-7
7f5dd40df000-7f5dd40e5000 r--s 00000000 103:05 2759433                   /var/cache/fontconfig/3047814df9a2f067bd2d96a2b9c36e5a-le64.cache-7
7f5dd40e5000-7f5dd40ed000 r--s 00000000 103:05 2753774                   /var/cache/fontconfig/bf3b770c553c462765856025a94f1ce6-le64.cache-7
7f5dd40ed000-7f5dd4100000 r--s 00000000 103:05 2754334                   /var/cache/fontconfig/d52a8644073d54c13679302ca1180695-le64.cache-7
7f5dd4100000-7f5dd4103000 ---p 00000000 00:00 0 
7f5dd4103000-7f5dd4201000 rw-p 00000000 00:00 0 
7f5dd4201000-7f5dd4214000 r-xp 00000000 103:05 3801384                   /lib/x86_64-linux-gnu/libbsd.so.0.8.7
7f5dd4214000-7f5dd4413000 ---p 00013000 103:05 3801384                   /lib/x86_64-linux-gnu/libbsd.so.0.8.7
7f5dd4413000-7f5dd4414000 r--p 00012000 103:05 3801384                   /lib/x86_64-linux-gnu/libbsd.so.0.8.7
7f5dd4414000-7f5dd4415000 rw-p 00013000 103:05 3801384                   /lib/x86_64-linux-gnu/libbsd.so.0.8.7
7f5dd4415000-7f5dd4416000 rw-p 00000000 00:00 0 
7f5dd4416000-7f5dd441b000 r-xp 00000000 103:05 401419                    /usr/lib/x86_64-linux-gnu/libXdmcp.so.6.0.0
7f5dd441b000-7f5dd461a000 ---p 00005000 103:05 401419                    /usr/lib/x86_64-linux-gnu/libXdmcp.so.6.0.0
7f5dd461a000-7f5dd461b000 r--p 00004000 103:05 401419                    /usr/lib/x86_64-linux-gnu/libXdmcp.so.6.0.0
7f5dd461b000-7f5dd461c000 rw-p 00005000 103:05 401419                    /usr/lib/x86_64-linux-gnu/libXdmcp.so.6.0.0
7f5dd461c000-7f5dd461e000 r-xp 00000000 103:05 401408                    /usr/lib/x86_64-linux-gnu/libXau.so.6.0.0
7f5dd461e000-7f5dd481e000 ---p 00002000 103:05 401408                    /usr/lib/x86_64-linux-gnu/libXau.so.6.0.0
7f5dd481e000-7f5dd481f000 r--p 00002000 103:05 401408                    /usr/lib/x86_64-linux-gnu/libXau.so.6.0.0
7f5dd481f000-7f5dd4820000 rw-p 00003000 103:05 401408                    /usr/lib/x86_64-linux-gnu/libXau.so.6.0.0
7f5dd4820000-7f5dd4846000 r-xp 00000000 103:05 396084                    /usr/lib/x86_64-linux-gnu/libxcb.so.1.1.0
7f5dd4846000-7f5dd4a46000 ---p 00026000 103:05 396084                    /usr/lib/x86_64-linux-gnu/libxcb.so.1.1.0
7f5dd4a46000-7f5dd4a47000 r--p 00026000 103:05 396084                    /usr/lib/x86_64-linux-gnu/libxcb.so.1.1.0
7f5dd4a47000-7f5dd4a48000 rw-p 00027000 103:05 396084                    /usr/lib/x86_64-linux-gnu/libxcb.so.1.1.0
7f5dd4a48000-7f5dd4a57000 r-xp 00000000 103:05 401429                    /usr/lib/x86_64-linux-gnu/libXi.so.6.1.0
7f5dd4a57000-7f5dd4c56000 ---p 0000f000 103:05 401429                    /usr/lib/x86_64-linux-gnu/libXi.so.6.1.0
7f5dd4c56000-7f5dd4c57000 r--p 0000e000 103:05 401429                    /usr/lib/x86_64-linux-gnu/libXi.so.6.1.0
7f5dd4c57000-7f5dd4c58000 rw-p 0000f000 103:05 401429                    /usr/lib/x86_64-linux-gnu/libXi.so.6.1.0
7f5dd4c58000-7f5dd4c5d000 r-xp 00000000 103:05 401447                    /usr/lib/x86_64-linux-gnu/libXtst.so.6.1.0
7f5dd4c5d000-7f5dd4e5c000 ---p 00005000 103:05 401447                    /usr/lib/x86_64-linux-gnu/libXtst.so.6.1.0
7f5dd4e5c000-7f5dd4e5d000 r--p 00004000 103:05 401447                    /usr/lib/x86_64-linux-gnu/libXtst.so.6.1.0
7f5dd4e5d000-7f5dd4e5e000 rw-p 00005000 103:05 401447                    /usr/lib/x86_64-linux-gnu/libXtst.so.6.1.0
7f5dd4e5e000-7f5dd4e67000 r-xp 00000000 103:05 401441                    /usr/lib/x86_64-linux-gnu/libXrender.so.1.3.0
7f5dd4e67000-7f5dd5066000 ---p 00009000 103:05 401441                    /usr/lib/x86_64-linux-gnu/libXrender.so.1.3.0
7f5dd5066000-7f5dd5067000 r--p 00008000 103:05 401441                    /usr/lib/x86_64-linux-gnu/libXrender.so.1.3.0
7f5dd5067000-7f5dd5068000 rw-p 00009000 103:05 401441                    /usr/lib/x86_64-linux-gnu/libXrender.so.1.3.0
7f5dd5068000-7f5dd519b000 r-xp 00000000 103:05 400060                    /usr/lib/x86_64-linux-gnu/libX11.so.6.3.0
7f5dd519b000-7f5dd539b000 ---p 00133000 103:05 400060                    /usr/lib/x86_64-linux-gnu/libX11.so.6.3.0
7f5dd539b000-7f5dd539c000 r--p 00133000 103:05 400060                    /usr/lib/x86_64-linux-gnu/libX11.so.6.3.0
7f5dd539c000-7f5dd53a0000 rw-p 00134000 103:05 400060                    /usr/lib/x86_64-linux-gnu/libX11.so.6.3.0
7f5dd53a0000-7f5dd53b1000 r-xp 00000000 103:05 401421                    /usr/lib/x86_64-linux-gnu/libXext.so.6.4.0
7f5dd53b1000-7f5dd55b0000 ---p 00011000 103:05 401421                    /usr/lib/x86_64-linux-gnu/libXext.so.6.4.0
7f5dd55b0000-7f5dd55b1000 r--p 00010000 103:05 401421                    /usr/lib/x86_64-linux-gnu/libXext.so.6.4.0
7f5dd55b1000-7f5dd55b2000 rw-p 00011000 103:05 401421                    /usr/lib/x86_64-linux-gnu/libXext.so.6.4.0
7f5dd55b2000-7f5dd55b3000 r--s 00000000 103:05 2754305                   /var/cache/fontconfig/56cf4f4769d0f4abc89a4895d7bd3ae1-le64.cache-7
7f5dd55b3000-7f5dd55b4000 r--s 00000000 103:05 2754327                   /var/cache/fontconfig/b9d506c9ac06c20b433354fa67a72993-le64.cache-7
7f5dd55b4000-7f5dd55ba000 r--s 00000000 103:05 2754325                   /var/cache/fontconfig/b47c4e1ecd0709278f4910c18777a504-le64.cache-7
7f5dd55ba000-7f5dd55bb000 r--s 00000000 103:05 2754292                   /var/cache/fontconfig/370e5b74bf5dafc30834de68e24a87a4-le64.cache-7
7f5dd55bb000-7f5dd55bc000 r--s 00000000 103:05 2754313                   /var/cache/fontconfig/6b2c5944714ca7831b25bed9e85cb5c8-le64.cache-7
7f5dd55bc000-7f5dd55bd000 r--s 00000000 103:05 2754333                   /var/cache/fontconfig/d5178ab6d91b49bf20a416737dcea9e8-le64.cache-7
7f5dd55bd000-7f5dd55c0000 r--s 00000000 103:05 2754342                   /var/cache/fontconfig/f259c2cffa685e28062317905db73c4a-le64.cache-7
7f5dd55c0000-7f5dd55c2000 r--s 00000000 103:05 2754302                   /var/cache/fontconfig/550f3886151c940c12a5ed35f6a00586-le64.cache-7
7f5dd55c2000-7f5dd55c5000 r--s 00000000 103:05 2754311                   /var/cache/fontconfig/674d1711f2d1d2a09646eb0bdcadee49-le64.cache-7
7f5dd55c5000-7f5dd55c9000 r--s 00000000 103:05 2754335                   /var/cache/fontconfig/d589a48862398ed80a3d6066f4f56f4c-le64.cache-7
7f5dd55c9000-7f5dd55ef000 r--p 00000000 103:05 1182632                   /usr/share/locale-langpack/fr/LC_MESSAGES/libc.mo
7f5dd55ef000-7f5dd5642000 r-xp 00000000 103:05 1319090                   /usr/lib/jvm/java-8-oracle/jre/lib/amd64/libawt_xawt.so
7f5dd5642000-7f5dd5841000 ---p 00053000 103:05 1319090                   /usr/lib/jvm/java-8-oracle/jre/lib/amd64/libawt_xawt.so
7f5dd5841000-7f5dd5842000 r--p 00052000 103:05 1319090                   /usr/lib/jvm/java-8-oracle/jre/lib/amd64/libawt_xawt.so
7f5dd5842000-7f5dd5845000 rw-p 00053000 103:05 1319090                   /usr/lib/jvm/java-8-oracle/jre/lib/amd64/libawt_xawt.so
7f5dd5845000-7f5dd5846000 rw-p 00000000 00:00 0 
7f5dd5846000-7f5dd58e6000 r-xp 00000000 103:05 1319075                   /usr/lib/jvm/java-8-oracle/jre/lib/amd64/libawt.so
7f5dd58e6000-7f5dd5ae5000 ---p 000a0000 103:05 1319075                   /usr/lib/jvm/java-8-oracle/jre/lib/amd64/libawt.so
7f5dd5ae5000-7f5dd5ae6000 r--p 0009f000 103:05 1319075                   /usr/lib/jvm/java-8-oracle/jre/lib/amd64/libawt.so
7f5dd5ae6000-7f5dd5af1000 rw-p 000a0000 103:05 1319075                   /usr/lib/jvm/java-8-oracle/jre/lib/amd64/libawt.so
7f5dd5af1000-7f5dd5b16000 rw-p 00000000 00:00 0 
7f5dd5b16000-7f5dd5b17000 ---p 00000000 00:00 0 
7f5dd5b17000-7f5dd5c17000 rw-p 00000000 00:00 0 
7f5dd5c17000-7f5dd5c1a000 ---p 00000000 00:00 0 
7f5dd5c1a000-7f5dd5d18000 rw-p 00000000 00:00 0 
7f5dd5d18000-7f5dd5d19000 ---p 00000000 00:00 0 
7f5dd5d19000-7f5dd5d1c000 ---p 00000000 00:00 0 
7f5dd5d1c000-7f5dd5e19000 rw-p 00000000 00:00 0 
7f5dd5e19000-7f5dd5e1a000 ---p 00000000 00:00 0 
7f5dd5e1a000-7f5dd5e1d000 ---p 00000000 00:00 0 
7f5dd5e1d000-7f5dd5f1a000 rw-p 00000000 00:00 0 
7f5dd5f1a000-7f5dd5f1b000 ---p 00000000 00:00 0 
7f5dd5f1b000-7f5dd5f1e000 ---p 00000000 00:00 0 
7f5dd5f1e000-7f5dd601b000 rw-p 00000000 00:00 0 
7f5dd601b000-7f5dd601c000 ---p 00000000 00:00 0 
7f5dd601c000-7f5dd601f000 ---p 00000000 00:00 0 
7f5dd601f000-7f5dd611c000 rw-p 00000000 00:00 0 
7f5dd611c000-7f5dd611f000 ---p 00000000 00:00 0 
7f5dd611f000-7f5dd621d000 rw-p 00000000 00:00 0 
7f5dd621d000-7f5dd6bec000 r--p 00000000 103:05 400112                    /usr/lib/locale/locale-archive
7f5dd6bec000-7f5dd6bef000 ---p 00000000 00:00 0 
7f5dd6bef000-7f5dd6ced000 rw-p 00000000 00:00 0 
7f5dd6ced000-7f5dd6cf0000 ---p 00000000 00:00 0 
7f5dd6cf0000-7f5dd6dee000 rw-p 00000000 00:00 0 
7f5dd6dee000-7f5dd6def000 ---p 00000000 00:00 0 
7f5dd6def000-7f5dd8000000 rw-p 00000000 00:00 0 
7f5dd8000000-7f5dd8021000 rw-p 00000000 00:00 0 
7f5dd8021000-7f5ddc000000 ---p 00000000 00:00 0 
7f5ddc000000-7f5ddc001000 r--s 00000000 103:05 2754303                   /var/cache/fontconfig/551ecf3b0e8b0bca0f25c0944f561853-le64.cache-7
7f5ddc001000-7f5ddc002000 r--s 00000000 103:05 2754295                   /var/cache/fontconfig/3f7329c5293ffd510edef78f73874cfd-le64.cache-7
7f5ddc002000-7f5ddc003000 r--s 00000000 103:05 2754281                   /var/cache/fontconfig/0c9eb80ebd1c36541ebe2852d3bb0c49-le64.cache-7
7f5ddc003000-7f5ddc004000 r--s 00000000 103:05 2754288                   /var/cache/fontconfig/22368d551a680bfe5a62c02760edf4ea-le64.cache-7
7f5ddc004000-7f5ddc005000 r--s 00000000 103:05 2754300                   /var/cache/fontconfig/4d9c95eba1cb85bbcf2878543262124a-le64.cache-7
7f5ddc005000-7f5ddc006000 r--s 00000000 103:05 2754317                   /var/cache/fontconfig/85e0a52ce643a7ba2ae53e5d6949cead-le64.cache-7
7f5ddc006000-7f5ddc007000 r--s 00000000 103:05 2754297                   /var/cache/fontconfig/49f0de54bdd920fe4f0dfd4cbac43e6b-le64.cache-7
7f5ddc007000-7f5ddc015000 r--s 00000000 103:05 2754320                   /var/cache/fontconfig/9b89f8e3dae116d678bbf48e5f21f69b-le64.cache-7
7f5ddc015000-7f5ddc017000 r--s 00000000 103:05 2754312                   /var/cache/fontconfig/6afa1bb216ce958c1589e297e8008489-le64.cache-7
7f5ddc017000-7f5ddc025000 r--s 00000000 103:05 2764616                   /var/cache/fontconfig/e13b20fdb08344e0e664864cc2ede53d-le64.cache-7
7f5ddc025000-7f5ddc02f000 r--s 0008a000 103:05 2054473                   /home/fernandr/Programmes/Fiji.app/jars/simpleitk-0.9.0.jar
7f5ddc02f000-7f5ddd1b7000 rw-p 00000000 00:00 0 
7f5ddd1b7000-7f5ddd391000 r--s 03d6f000 103:05 1319016                   /usr/lib/jvm/java-8-oracle/jre/lib/rt.jar
7f5ddd391000-7f5ddebf9000 rw-p 00000000 00:00 0 
7f5ddebf9000-7f5ddebfa000 ---p 00000000 00:00 0 
7f5ddebfa000-7f5ddecfa000 rw-p 00000000 00:00 0 
7f5ddecfa000-7f5ddecfb000 ---p 00000000 00:00 0 
7f5ddecfb000-7f5ddedfb000 rw-p 00000000 00:00 0 
7f5ddedfb000-7f5ddedfc000 ---p 00000000 00:00 0 
7f5ddedfc000-7f5ddeefc000 rw-p 00000000 00:00 0 
7f5ddeefc000-7f5ddeefd000 ---p 00000000 00:00 0 
7f5ddeefd000-7f5ddeffd000 rw-p 00000000 00:00 0 
7f5ddeffd000-7f5ddeffe000 ---p 00000000 00:00 0 
7f5ddeffe000-7f5ddf0fe000 rw-p 00000000 00:00 0 
7f5ddf0fe000-7f5ddf0ff000 ---p 00000000 00:00 0 
7f5ddf0ff000-7f5ddf1ff000 rw-p 00000000 00:00 0 
7f5ddf1ff000-7f5ddf200000 ---p 00000000 00:00 0 
7f5ddf200000-7f5ddf300000 rw-p 00000000 00:00 0 
7f5ddf300000-7f5ddf301000 ---p 00000000 00:00 0 
7f5ddf301000-7f5ddf401000 rw-p 00000000 00:00 0 
7f5ddf401000-7f5ddf402000 ---p 00000000 00:00 0 
7f5ddf402000-7f5ddf502000 rw-p 00000000 00:00 0 
7f5ddf502000-7f5ddf503000 ---p 00000000 00:00 0 
7f5ddf503000-7f5ddf6f3000 rw-p 00000000 00:00 0 
7f5ddf6f3000-7f5de0068000 ---p 00000000 00:00 0 
7f5de0068000-7f5de0158000 rw-p 00000000 00:00 0 
7f5de0158000-7f5de0acc000 ---p 00000000 00:00 0 
7f5de0acc000-7f5de0c45000 rw-p 00000000 00:00 0 
7f5de0c45000-7f5de0fff000 ---p 00000000 00:00 0 
7f5de0fff000-7f5de1000000 rw-p 00000000 00:00 0 
7f5de1000000-7f5de1f10000 rwxp 00000000 00:00 0 
7f5de1f10000-7f5df0000000 ---p 00000000 00:00 0 
7f5df0000000-7f5df3dfd000 rw-p 00000000 00:00 0 
7f5df3dfd000-7f5df4000000 ---p 00000000 00:00 0 
7f5df4000000-7f5df4009000 r--s 00233000 103:05 1975536                   /home/fernandr/.m2/repository/net/imagej/ij/1.52t/ij-1.52t.jar
7f5df4009000-7f5df4067000 rw-p 00000000 00:00 0 
7f5df4067000-7f5df43ea000 ---p 00000000 00:00 0 
7f5df43ea000-7f5df4405000 r-xp 00000000 103:05 1319079                   /usr/lib/jvm/java-8-oracle/jre/lib/amd64/libzip.so
7f5df4405000-7f5df4604000 ---p 0001b000 103:05 1319079                   /usr/lib/jvm/java-8-oracle/jre/lib/amd64/libzip.so
7f5df4604000-7f5df4605000 r--p 0001a000 103:05 1319079                   /usr/lib/jvm/java-8-oracle/jre/lib/amd64/libzip.so
7f5df4605000-7f5df4606000 rw-p 0001b000 103:05 1319079                   /usr/lib/jvm/java-8-oracle/jre/lib/amd64/libzip.so
7f5df4606000-7f5df4611000 r-xp 00000000 103:05 3806148                   /lib/x86_64-linux-gnu/libnss_files-2.27.so
7f5df4611000-7f5df4810000 ---p 0000b000 103:05 3806148                   /lib/x86_64-linux-gnu/libnss_files-2.27.so
7f5df4810000-7f5df4811000 r--p 0000a000 103:05 3806148                   /lib/x86_64-linux-gnu/libnss_files-2.27.so
7f5df4811000-7f5df4812000 rw-p 0000b000 103:05 3806148                   /lib/x86_64-linux-gnu/libnss_files-2.27.so
7f5df4812000-7f5df4818000 rw-p 00000000 00:00 0 
7f5df4818000-7f5df482f000 r-xp 00000000 103:05 3806142                   /lib/x86_64-linux-gnu/libnsl-2.27.so
7f5df482f000-7f5df4a2e000 ---p 00017000 103:05 3806142                   /lib/x86_64-linux-gnu/libnsl-2.27.so
7f5df4a2e000-7f5df4a2f000 r--p 00016000 103:05 3806142                   /lib/x86_64-linux-gnu/libnsl-2.27.so
7f5df4a2f000-7f5df4a30000 rw-p 00017000 103:05 3806142                   /lib/x86_64-linux-gnu/libnsl-2.27.so
7f5df4a30000-7f5df4a32000 rw-p 00000000 00:00 0 
7f5df4a32000-7f5df4a3d000 r-xp 00000000 103:05 3806159                   /lib/x86_64-linux-gnu/libnss_nis-2.27.so
7f5df4a3d000-7f5df4c3c000 ---p 0000b000 103:05 3806159                   /lib/x86_64-linux-gnu/libnss_nis-2.27.so
7f5df4c3c000-7f5df4c3d000 r--p 0000a000 103:05 3806159                   /lib/x86_64-linux-gnu/libnss_nis-2.27.so
7f5df4c3d000-7f5df4c3e000 rw-p 0000b000 103:05 3806159                   /lib/x86_64-linux-gnu/libnss_nis-2.27.so
7f5df4c3e000-7f5df4c46000 r-xp 00000000 103:05 3806144                   /lib/x86_64-linux-gnu/libnss_compat-2.27.so
7f5df4c46000-7f5df4e46000 ---p 00008000 103:05 3806144                   /lib/x86_64-linux-gnu/libnss_compat-2.27.so
7f5df4e46000-7f5df4e47000 r--p 00008000 103:05 3806144                   /lib/x86_64-linux-gnu/libnss_compat-2.27.so
7f5df4e47000-7f5df4e48000 rw-p 00009000 103:05 3806144                   /lib/x86_64-linux-gnu/libnss_compat-2.27.so
7f5df4e48000-7f5df4e74000 r-xp 00000000 103:05 1319071                   /usr/lib/jvm/java-8-oracle/jre/lib/amd64/libjava.so
7f5df4e74000-7f5df5074000 ---p 0002c000 103:05 1319071                   /usr/lib/jvm/java-8-oracle/jre/lib/amd64/libjava.so
7f5df5074000-7f5df5075000 r--p 0002c000 103:05 1319071                   /usr/lib/jvm/java-8-oracle/jre/lib/amd64/libjava.so
7f5df5075000-7f5df5077000 rw-p 0002d000 103:05 1319071                   /usr/lib/jvm/java-8-oracle/jre/lib/amd64/libjava.so
7f5df5077000-7f5df5084000 r-xp 00000000 103:05 1319077                   /usr/lib/jvm/java-8-oracle/jre/lib/amd64/libverify.so
7f5df5084000-7f5df5283000 ---p 0000d000 103:05 1319077                   /usr/lib/jvm/java-8-oracle/jre/lib/amd64/libverify.so
7f5df5283000-7f5df5285000 r--p 0000c000 103:05 1319077                   /usr/lib/jvm/java-8-oracle/jre/lib/amd64/libverify.so
7f5df5285000-7f5df5286000 rw-p 0000e000 103:05 1319077                   /usr/lib/jvm/java-8-oracle/jre/lib/amd64/libverify.so
7f5df5286000-7f5df528d000 r-xp 00000000 103:05 3806199                   /lib/x86_64-linux-gnu/librt-2.27.so
7f5df528d000-7f5df548c000 ---p 00007000 103:05 3806199                   /lib/x86_64-linux-gnu/librt-2.27.so
7f5df548c000-7f5df548d000 r--p 00006000 103:05 3806199                   /lib/x86_64-linux-gnu/librt-2.27.so
7f5df548d000-7f5df548e000 rw-p 00007000 103:05 3806199                   /lib/x86_64-linux-gnu/librt-2.27.so
7f5df548e000-7f5df562b000 r-xp 00000000 103:05 3806121                   /lib/x86_64-linux-gnu/libm-2.27.so
7f5df562b000-7f5df582a000 ---p 0019d000 103:05 3806121                   /lib/x86_64-linux-gnu/libm-2.27.so
7f5df582a000-7f5df582b000 r--p 0019c000 103:05 3806121                   /lib/x86_64-linux-gnu/libm-2.27.so
7f5df582b000-7f5df582c000 rw-p 0019d000 103:05 3806121                   /lib/x86_64-linux-gnu/libm-2.27.so
7f5df582c000-7f5df6514000 r-xp 00000000 103:05 1581920                   /usr/lib/jvm/java-8-oracle/jre/lib/amd64/server/libjvm.so
7f5df6514000-7f5df6713000 ---p 00ce8000 103:05 1581920                   /usr/lib/jvm/java-8-oracle/jre/lib/amd64/server/libjvm.so
7f5df6713000-7f5df67a9000 r--p 00ce7000 103:05 1581920                   /usr/lib/jvm/java-8-oracle/jre/lib/amd64/server/libjvm.so
7f5df67a9000-7f5df67da000 rw-p 00d7d000 103:05 1581920                   /usr/lib/jvm/java-8-oracle/jre/lib/amd64/server/libjvm.so
7f5df67da000-7f5df6815000 rw-p 00000000 00:00 0 
7f5df6815000-7f5df69fc000 r-xp 00000000 103:05 3806058                   /lib/x86_64-linux-gnu/libc-2.27.so
7f5df69fc000-7f5df6bfc000 ---p 001e7000 103:05 3806058                   /lib/x86_64-linux-gnu/libc-2.27.so
7f5df6bfc000-7f5df6c00000 r--p 001e7000 103:05 3806058                   /lib/x86_64-linux-gnu/libc-2.27.so
7f5df6c00000-7f5df6c02000 rw-p 001eb000 103:05 3806058                   /lib/x86_64-linux-gnu/libc-2.27.so
7f5df6c02000-7f5df6c06000 rw-p 00000000 00:00 0 
7f5df6c06000-7f5df6c09000 r-xp 00000000 103:05 3806081                   /lib/x86_64-linux-gnu/libdl-2.27.so
7f5df6c09000-7f5df6e08000 ---p 00003000 103:05 3806081                   /lib/x86_64-linux-gnu/libdl-2.27.so
7f5df6e08000-7f5df6e09000 r--p 00002000 103:05 3806081                   /lib/x86_64-linux-gnu/libdl-2.27.so
7f5df6e09000-7f5df6e0a000 rw-p 00003000 103:05 3806081                   /lib/x86_64-linux-gnu/libdl-2.27.so
7f5df6e0a000-7f5df6e21000 r-xp 00000000 103:05 409197                    /usr/lib/jvm/java-8-oracle/lib/amd64/jli/libjli.so
7f5df6e21000-7f5df7020000 ---p 00017000 103:05 409197                    /usr/lib/jvm/java-8-oracle/lib/amd64/jli/libjli.so
7f5df7020000-7f5df7021000 r--p 00016000 103:05 409197                    /usr/lib/jvm/java-8-oracle/lib/amd64/jli/libjli.so
7f5df7021000-7f5df7022000 rw-p 00017000 103:05 409197                    /usr/lib/jvm/java-8-oracle/lib/amd64/jli/libjli.so
7f5df7022000-7f5df703c000 r-xp 00000000 103:05 3806191                   /lib/x86_64-linux-gnu/libpthread-2.27.so
7f5df703c000-7f5df723b000 ---p 0001a000 103:05 3806191                   /lib/x86_64-linux-gnu/libpthread-2.27.so
7f5df723b000-7f5df723c000 r--p 00019000 103:05 3806191                   /lib/x86_64-linux-gnu/libpthread-2.27.so
7f5df723c000-7f5df723d000 rw-p 0001a000 103:05 3806191                   /lib/x86_64-linux-gnu/libpthread-2.27.so
7f5df723d000-7f5df7241000 rw-p 00000000 00:00 0 
7f5df7241000-7f5df7247000 r-xp 00000000 103:05 413404                    /usr/lib/x86_64-linux-gnu/libgtk3-nocsd.so.0
7f5df7247000-7f5df7446000 ---p 00006000 103:05 413404                    /usr/lib/x86_64-linux-gnu/libgtk3-nocsd.so.0
7f5df7446000-7f5df7447000 r--p 00005000 103:05 413404                    /usr/lib/x86_64-linux-gnu/libgtk3-nocsd.so.0
7f5df7447000-7f5df7448000 rw-p 00006000 103:05 413404                    /usr/lib/x86_64-linux-gnu/libgtk3-nocsd.so.0
7f5df7448000-7f5df746f000 r-xp 00000000 103:05 3806030                   /lib/x86_64-linux-gnu/ld-2.27.so
7f5df746f000-7f5df7470000 r--s 00000000 103:05 2754344                   /var/cache/fontconfig/f6e6e0a5c3d2f6ae0c0c2e0ecd42a997-le64.cache-7
7f5df7470000-7f5df752d000 rw-p 00000000 00:00 0 
7f5df752d000-7f5df752e000 ---p 00000000 00:00 0 
7f5df752e000-7f5df7531000 ---p 00000000 00:00 0 
7f5df7531000-7f5df7632000 rw-p 00000000 00:00 0 
7f5df7632000-7f5df7633000 r--s 00000000 103:05 2754298                   /var/cache/fontconfig/4b2eda6bb976bda485cb2176619421d5-le64.cache-7
7f5df7633000-7f5df763a000 r--s 00000000 103:05 657616                    /usr/lib/x86_64-linux-gnu/gconv/gconv-modules.cache
7f5df763a000-7f5df763b000 r--s 00005000 103:05 3419402                   /home/fernandr/eclipse-workspace/MyIJPlugs/AplimTools/lib/lma/lma-jar/1.0/lma-1.0.jar
7f5df763b000-7f5df763d000 r--s 00035000 103:05 3418936                   /home/fernandr/eclipse-workspace/MyIJPlugs/AplimTools/lib/Fijiyama_GUI/Fijiyama_GUI-jar/4.0.0/Fijiyama_GUI-4.0.0.jar
7f5df763d000-7f5df7665000 rw-p 00000000 00:00 0 
7f5df7665000-7f5df766d000 rw-s 00000000 103:05 2883959                   /tmp/hsperfdata_fernandr/8811
7f5df766d000-7f5df766e000 rw-p 00000000 00:00 0 
7f5df766e000-7f5df766f000 r--p 00000000 00:00 0 
7f5df766f000-7f5df7670000 r--p 00027000 103:05 3806030                   /lib/x86_64-linux-gnu/ld-2.27.so
7f5df7670000-7f5df7671000 rw-p 00028000 103:05 3806030                   /lib/x86_64-linux-gnu/ld-2.27.so
7f5df7671000-7f5df7672000 rw-p 00000000 00:00 0 
7fff6f77d000-7fff6f79e000 rw-p 00000000 00:00 0                          [stack]
7fff6f7d5000-7fff6f7d8000 r--p 00000000 00:00 0                          [vvar]
7fff6f7d8000-7fff6f7da000 r-xp 00000000 00:00 0                          [vdso]
ffffffffff600000-ffffffffff601000 r-xp 00000000 00:00 0                  [vsyscall]

VM Arguments:
jvm_args: -Djava.library.path=/home/fernandr/Programmes/Fiji.app/lib/linux64 -Dfile.encoding=UTF-8 
java_command: com.vitimage.aplimtools.Bionano_T1T2M0_Importer
java_class_path (initial): /home/fernandr/eclipse-workspace/MyIJPlugs/AplimTools/target/classes:/home/fernandr/eclipse-workspace/MyIJPlugs/AplimTools/lib/Fijiyama_GUI/Fijiyama_GUI-jar/4.0.0/Fijiyama_GUI-4.0.0.jar:/home/fernandr/eclipse-workspace/MyIJPlugs/AplimTools/lib/lma/lma-jar/1.0/lma-1.0.jar:/home/fernandr/Programmes/Fiji.app/jars/simpleitk-0.9.0.jar:/home/fernandr/.m2/repository/net/imagej/ij/1.52t/ij-1.52t.jar:/usr/lib/jvm/java-8-oracle/lib/tools.jar:/home/fernandr/.m2/repository/sc/fiji/VIB-lib/2.2.0/VIB-lib-2.2.0.jar:/home/fernandr/.m2/repository/sc/fiji/pal-optimization/2.0.1/pal-optimization-2.0.1.jar:/home/fernandr/.m2/repository/gov/nist/math/jama/1.0.3/jama-1.0.3.jar:/home/fernandr/.m2/repository/org/scijava/scijava-java3d/0.1.0/scijava-java3d-0.1.0.jar:/home/fernandr/.m2/repository/org/scijava/scijava-common/2.62.1/scijava-common-2.62.1.jar:/home/fernandr/.m2/repository/org/scijava/parsington/1.0.0/parsington-1.0.0.jar:/home/fernandr/.m2/repository/com/googlecode/gentyref/gentyref/1.1.0/gentyref-1.1.0.jar:/home/fernandr/.m2/repository/org/bushe/eventbus/1.4/eventbus-1.4.jar:/home/fernandr/.m2/repository/org/itk/simple/simpleitk/0.9.0/simpleitk-0.9.0.jar:/home/fernandr/.m2/repository/sc/fiji/3D_Viewer/4.0.3/3D_Viewer-4.0.3.jar:/home/fernandr/.m2/repository/org/scijava/j3dcore/1.6.0-scijava-2/j3dcore-1.6.0-scijava-2.jar:/home/fernandr/.m2/repository/org/jogamp/gluegen/gluegen-rt/2.3.2/gluegen-rt-2.3.2.jar:/home/fernandr/.m2/repository/org/jogamp/jogl/jogl-all/2.3.2/jogl-all-2.3.2.jar:/home/fernandr/.m2/repository/org/scijava/j3dutils/1.6.0-scijava-2/j3dutils-1.6.0-scijava-2.jar:/home/fernandr/.m2/repository/org/scijava/vecmath/1.6.0-scijava-2/vecmath-1.6.0-scijava-2.jar:/home/fernandr/.m2/repository/org/apache/commons/commons-math3/3.6.1/commons-math3-3.6.1.jar
Launcher Type: SUN_STANDARD

Environment Variables:
JAVA_HOME=/usr/lib/jvm/java-8-oracle
PATH=/home/fernandr/.local/share/umake/bin:/home/fernandr/.local/bin:/usr/local/sbin:/usr/local/bin:/usr/sbin:/usr/bin:/sbin:/bin:/usr/games:/usr/local/games:/home/fernandr/Programmes/ImageJ:/home/fernandr/Programmes/Fiji.app:/snap/bin:/usr/lib/jvm/java-8-oracle/bin:/usr/lib/jvm/java-8-oracle/db/bin:/usr/lib/jvm/java-8-oracle/jre/bin
USERNAME=fernandr
LD_PRELOAD=libgtk3-nocsd.so.0
SHELL=/bin/bash
DISPLAY=:1

Signal Handlers:
SIGSEGV: [libjvm.so+0xad3e60], sa_mask[0]=11111111011111111101111111111110, sa_flags=SA_RESTART|SA_SIGINFO
SIGBUS: [libjvm.so+0xad3e60], sa_mask[0]=11111111011111111101111111111110, sa_flags=SA_RESTART|SA_SIGINFO
SIGFPE: [libjvm.so+0x90b880], sa_mask[0]=11111111011111111101111111111110, sa_flags=SA_RESTART|SA_SIGINFO
SIGPIPE: [libjvm.so+0x90b880], sa_mask[0]=11111111011111111101111111111110, sa_flags=SA_RESTART|SA_SIGINFO
SIGXFSZ: [libjvm.so+0x90b880], sa_mask[0]=11111111011111111101111111111110, sa_flags=SA_RESTART|SA_SIGINFO
SIGILL: [libjvm.so+0x90b880], sa_mask[0]=11111111011111111101111111111110, sa_flags=SA_RESTART|SA_SIGINFO
SIGUSR1: SIG_DFL, sa_mask[0]=00000000000000000000000000000000, sa_flags=none
SIGUSR2: [libjvm.so+0x90b750], sa_mask[0]=00100000000000000000000000000000, sa_flags=SA_RESTART|SA_SIGINFO
SIGHUP: [libjvm.so+0x90bd70], sa_mask[0]=11111111011111111101111111111110, sa_flags=SA_RESTART|SA_SIGINFO
SIGINT: [libjvm.so+0x90bd70], sa_mask[0]=11111111011111111101111111111110, sa_flags=SA_RESTART|SA_SIGINFO
SIGTERM: [libjvm.so+0x90bd70], sa_mask[0]=11111111011111111101111111111110, sa_flags=SA_RESTART|SA_SIGINFO
SIGQUIT: [libjvm.so+0x90bd70], sa_mask[0]=11111111011111111101111111111110, sa_flags=SA_RESTART|SA_SIGINFO


---------------  S Y S T E M  ---------------

OS:DISTRIB_ID=Ubuntu
DISTRIB_RELEASE=18.04
DISTRIB_CODENAME=bionic
DISTRIB_DESCRIPTION="Ubuntu 18.04.2 LTS"

uname:Linux 4.15.0-91-generic #92-Ubuntu SMP Fri Feb 28 11:09:48 UTC 2020 x86_64
libc:glibc 2.27 NPTL 2.27 
rlimit: STACK 8192k, CORE 0k, NPROC 127333, NOFILE 4096, AS infinity
load average:1,85 1,14 0,82

/proc/meminfo:
MemTotal:       32693512 kB
MemFree:         8766888 kB
MemAvailable:   21189960 kB
Buffers:         4473512 kB
Cached:          8125992 kB
SwapCached:            0 kB
Active:         13544744 kB
Inactive:        9488944 kB
Active(anon):   10277388 kB
Inactive(anon):   215596 kB
Active(file):    3267356 kB
Inactive(file):  9273348 kB
Unevictable:       12168 kB
Mlocked:           12168 kB
SwapTotal:      19530748 kB
SwapFree:       19530748 kB
Dirty:                 8 kB
Writeback:             0 kB
AnonPages:      10446704 kB
Mapped:          1354728 kB
Shmem:            218936 kB
Slab:             473372 kB
SReclaimable:     342184 kB
SUnreclaim:       131188 kB
KernelStack:       26528 kB
PageTables:       102944 kB
NFS_Unstable:          0 kB
Bounce:                0 kB
WritebackTmp:          0 kB
CommitLimit:    35877504 kB
Committed_AS:   20791760 kB
VmallocTotal:   34359738367 kB
VmallocUsed:           0 kB
VmallocChunk:          0 kB
HardwareCorrupted:     0 kB
AnonHugePages:         0 kB
ShmemHugePages:        0 kB
ShmemPmdMapped:        0 kB
CmaTotal:              0 kB
CmaFree:               0 kB
HugePages_Total:       0
HugePages_Free:        0
HugePages_Rsvd:        0
HugePages_Surp:        0
Hugepagesize:       2048 kB
DirectMap4k:     1446396 kB
DirectMap2M:    24522752 kB
DirectMap1G:     8388608 kB

container (cgroup) information:
container_type: cgroupv1
cpu_cpuset_cpus: 0-11
cpu_memory_nodes: 0
active_processor_count: 12
cpu_quota: -1
cpu_period: 100000
cpu_shares: -1
memory_limit_in_bytes: -1
memory_and_swap_limit_in_bytes: -2
memory_soft_limit_in_bytes: -1
memory_usage_in_bytes: 23599607808
memory_max_usage_in_bytes: 0


CPU:total 12 (initial active 12) (6 cores per cpu, 2 threads per core) family 6 model 158 stepping 10, cmov, cx8, fxsr, mmx, sse, sse2, sse3, ssse3, sse4.1, sse4.2, popcnt, avx, avx2, aes, clmul, erms, rtm, 3dnowpref, lzcnt, ht, tsc, tscinvbit, bmi1, bmi2, adx

/proc/cpuinfo:
processor	: 0
vendor_id	: GenuineIntel
cpu family	: 6
model		: 158
model name	: Intel(R) Xeon(R) E-2186M  CPU @ 2.90GHz
stepping	: 10
microcode	: 0xca
cpu MHz		: 4182.337
cache size	: 12288 KB
physical id	: 0
siblings	: 12
core id		: 0
cpu cores	: 6
apicid		: 0
initial apicid	: 0
fpu		: yes
fpu_exception	: yes
cpuid level	: 22
wp		: yes
flags		: fpu vme de pse tsc msr pae mce cx8 apic sep mtrr pge mca cmov pat pse36 clflush dts acpi mmx fxsr sse sse2 ss ht tm pbe syscall nx pdpe1gb rdtscp lm constant_tsc art arch_perfmon pebs bts rep_good nopl xtopology nonstop_tsc cpuid aperfmperf tsc_known_freq pni pclmulqdq dtes64 monitor ds_cpl vmx smx est tm2 ssse3 sdbg fma cx16 xtpr pdcm pcid sse4_1 sse4_2 x2apic movbe popcnt tsc_deadline_timer aes xsave avx f16c rdrand lahf_lm abm 3dnowprefetch cpuid_fault epb invpcid_single pti ssbd ibrs ibpb stibp tpr_shadow vnmi flexpriority ept vpid fsgsbase tsc_adjust bmi1 hle avx2 smep bmi2 erms invpcid rtm mpx rdseed adx smap clflushopt intel_pt xsaveopt xsavec xgetbv1 xsaves dtherm ida arat pln pts hwp hwp_notify hwp_act_window hwp_epp md_clear flush_l1d
bugs		: cpu_meltdown spectre_v1 spectre_v2 spec_store_bypass l1tf mds swapgs taa itlb_multihit
bogomips	: 5808.00
clflush size	: 64
cache_alignment	: 64
address sizes	: 39 bits physical, 48 bits virtual
power management:

processor	: 1
vendor_id	: GenuineIntel
cpu family	: 6
model		: 158
model name	: Intel(R) Xeon(R) E-2186M  CPU @ 2.90GHz
stepping	: 10
microcode	: 0xca
cpu MHz		: 4371.418
cache size	: 12288 KB
physical id	: 0
siblings	: 12
core id		: 1
cpu cores	: 6
apicid		: 2
initial apicid	: 2
fpu		: yes
fpu_exception	: yes
cpuid level	: 22
wp		: yes
flags		: fpu vme de pse tsc msr pae mce cx8 apic sep mtrr pge mca cmov pat pse36 clflush dts acpi mmx fxsr sse sse2 ss ht tm pbe syscall nx pdpe1gb rdtscp lm constant_tsc art arch_perfmon pebs bts rep_good nopl xtopology nonstop_tsc cpuid aperfmperf tsc_known_freq pni pclmulqdq dtes64 monitor ds_cpl vmx smx est tm2 ssse3 sdbg fma cx16 xtpr pdcm pcid sse4_1 sse4_2 x2apic movbe popcnt tsc_deadline_timer aes xsave avx f16c rdrand lahf_lm abm 3dnowprefetch cpuid_fault epb invpcid_single pti ssbd ibrs ibpb stibp tpr_shadow vnmi flexpriority ept vpid fsgsbase tsc_adjust bmi1 hle avx2 smep bmi2 erms invpcid rtm mpx rdseed adx smap clflushopt intel_pt xsaveopt xsavec xgetbv1 xsaves dtherm ida arat pln pts hwp hwp_notify hwp_act_window hwp_epp flush_l1d
bugs		: cpu_meltdown spectre_v1 spectre_v2 spec_store_bypass l1tf mds swapgs taa itlb_multihit
bogomips	: 5808.00
clflush size	: 64
cache_alignment	: 64
address sizes	: 39 bits physical, 48 bits virtual
power management:

processor	: 2
vendor_id	: GenuineIntel
cpu family	: 6
model		: 158
model name	: Intel(R) Xeon(R) E-2186M  CPU @ 2.90GHz
stepping	: 10
microcode	: 0xca
cpu MHz		: 4340.644
cache size	: 12288 KB
physical id	: 0
siblings	: 12
core id		: 2
cpu cores	: 6
apicid		: 4
initial apicid	: 4
fpu		: yes
fpu_exception	: yes
cpuid level	: 22
wp		: yes
flags		: fpu vme de pse tsc msr pae mce cx8 apic sep mtrr pge mca cmov pat pse36 clflush dts acpi mmx fxsr sse sse2 ss ht tm pbe syscall nx pdpe1gb rdtscp lm constant_tsc art arch_perfmon pebs bts rep_good nopl xtopology nonstop_tsc cpuid aperfmperf tsc_known_freq pni pclmulqdq dtes64 monitor ds_cpl vmx smx est tm2 ssse3 sdbg fma cx16 xtpr pdcm pcid sse4_1 sse4_2 x2apic movbe popcnt tsc_deadline_timer aes xsave avx f16c rdrand lahf_lm abm 3dnowprefetch cpuid_fault epb invpcid_single pti ssbd ibrs ibpb stibp tpr_shadow vnmi flexpriority ept vpid fsgsbase tsc_adjust bmi1 hle avx2 smep bmi2 erms invpcid rtm mpx rdseed adx smap clflushopt intel_pt xsaveopt xsavec xgetbv1 xsaves dtherm ida arat pln pts hwp hwp_notify hwp_act_window hwp_epp flush_l1d
bugs		: cpu_meltdown spectre_v1 spectre_v2 spec_store_bypass l1tf mds swapgs taa itlb_multihit
bogomips	: 5808.00
clflush size	: 64
cache_alignment	: 64
address sizes	: 39 bits physical, 48 bits virtual
power management:

processor	: 3
vendor_id	: GenuineIntel
cpu family	: 6
model		: 158
model name	: Intel(R) Xeon(R) E-2186M  CPU @ 2.90GHz
stepping	: 10
microcode	: 0xca
cpu MHz		: 4050.987
cache size	: 12288 KB
physical id	: 0
siblings	: 12
core id		: 3
cpu cores	: 6
apicid		: 6
initial apicid	: 6
fpu		: yes
fpu_exception	: yes
cpuid level	: 22
wp		: yes
flags		: fpu vme de pse tsc msr pae mce cx8 apic sep mtrr pge mca cmov pat pse36 clflush dts acpi mmx fxsr sse sse2 ss ht tm pbe syscall nx pdpe1gb rdtscp lm constant_tsc art arch_perfmon pebs bts rep_good nopl xtopology nonstop_tsc cpuid aperfmperf tsc_known_freq pni pclmulqdq dtes64 monitor ds_cpl vmx smx est tm2 ssse3 sdbg fma cx16 xtpr pdcm pcid sse4_1 sse4_2 x2apic movbe popcnt tsc_deadline_timer aes xsave avx f16c rdrand lahf_lm abm 3dnowprefetch cpuid_fault epb invpcid_single pti ssbd ibrs ibpb stibp tpr_shadow vnmi flexpriority ept vpid fsgsbase tsc_adjust bmi1 hle avx2 smep bmi2 erms invpcid rtm mpx rdseed adx smap clflushopt intel_pt xsaveopt xsavec xgetbv1 xsaves dtherm ida arat pln pts hwp hwp_notify hwp_act_window hwp_epp flush_l1d
bugs		: cpu_meltdown spectre_v1 spectre_v2 spec_store_bypass l1tf mds swapgs taa itlb_multihit
bogomips	: 5808.00
clflush size	: 64
cache_alignment	: 64
address sizes	: 39 bits physical, 48 bits virtual
power management:

processor	: 4
vendor_id	: GenuineIntel
cpu family	: 6
model		: 158
model name	: Intel(R) Xeon(R) E-2186M  CPU @ 2.90GHz
stepping	: 10
microcode	: 0xca
cpu MHz		: 4226.987
cache size	: 12288 KB
physical id	: 0
siblings	: 12
core id		: 4
cpu cores	: 6
apicid		: 8
initial apicid	: 8
fpu		: yes
fpu_exception	: yes
cpuid level	: 22
wp		: yes
flags		: fpu vme de pse tsc msr pae mce cx8 apic sep mtrr pge mca cmov pat pse36 clflush dts acpi mmx fxsr sse sse2 ss ht tm pbe syscall nx pdpe1gb rdtscp lm constant_tsc art arch_perfmon pebs bts rep_good nopl xtopology nonstop_tsc cpuid aperfmperf tsc_known_freq pni pclmulqdq dtes64 monitor ds_cpl vmx smx est tm2 ssse3 sdbg fma cx16 xtpr pdcm pcid sse4_1 sse4_2 x2apic movbe popcnt tsc_deadline_timer aes xsave avx f16c rdrand lahf_lm abm 3dnowprefetch cpuid_fault epb invpcid_single pti ssbd ibrs ibpb stibp tpr_shadow vnmi flexpriority ept vpid fsgsbase tsc_adjust bmi1 hle avx2 smep bmi2 erms invpcid rtm mpx rdseed adx smap clflushopt intel_pt xsaveopt xsavec xgetbv1 xsaves dtherm ida arat pln pts hwp hwp_notify hwp_act_window hwp_epp flush_l1d
bugs		: cpu_meltdown spectre_v1 spectre_v2 spec_store_bypass l1tf mds swapgs taa itlb_multihit
bogomips	: 5808.00
clflush size	: 64
cache_alignment	: 64
address sizes	: 39 bits physical, 48 bits virtual
power management:

processor	: 5
vendor_id	: GenuineIntel
cpu family	: 6
model		: 158
model name	: Intel(R) Xeon(R) E-2186M  CPU @ 2.90GHz
stepping	: 10
microcode	: 0xca
cpu MHz		: 4356.550
cache size	: 12288 KB
physical id	: 0
siblings	: 12
core id		: 5
cpu cores	: 6
apicid		: 10
initial apicid	: 10
fpu		: yes
fpu_exception	: yes
cpuid level	: 22
wp		: yes
flags		: fpu vme de pse tsc msr pae mce cx8 apic sep mtrr pge mca cmov pat pse36 clflush dts acpi mmx fxsr sse sse2 ss ht tm pbe syscall nx pdpe1gb rdtscp lm constant_tsc art arch_perfmon pebs bts rep_good nopl xtopology nonstop_tsc cpuid aperfmperf tsc_known_freq pni pclmulqdq dtes64 monitor ds_cpl vmx smx est tm2 ssse3 sdbg fma cx16 xtpr pdcm pcid sse4_1 sse4_2 x2apic movbe popcnt tsc_deadline_timer aes xsave avx f16c rdrand lahf_lm abm 3dnowprefetch cpuid_fault epb invpcid_single pti ssbd ibrs ibpb stibp tpr_shadow vnmi flexpriority ept vpid fsgsbase tsc_adjust bmi1 hle avx2 smep bmi2 erms invpcid rtm mpx rdseed adx smap clflushopt intel_pt xsaveopt xsavec xgetbv1 xsaves dtherm ida arat pln pts hwp hwp_notify hwp_act_window hwp_epp flush_l1d
bugs		: cpu_meltdown spectre_v1 spectre_v2 spec_store_bypass l1tf mds swapgs taa itlb_multihit
bogomips	: 5808.00
clflush size	: 64
cache_alignment	: 64
address sizes	: 39 bits physical, 48 bits virtual
power management:

processor	: 6
vendor_id	: GenuineIntel
cpu family	: 6
model		: 158
model name	: Intel(R) Xeon(R) E-2186M  CPU @ 2.90GHz
stepping	: 10
microcode	: 0xca
cpu MHz		: 4204.952
cache size	: 12288 KB
physical id	: 0
siblings	: 12
core id		: 0
cpu cores	: 6
apicid		: 1
initial apicid	: 1
fpu		: yes
fpu_exception	: yes
cpuid level	: 22
wp		: yes
flags		: fpu vme de pse tsc msr pae mce cx8 apic sep mtrr pge mca cmov pat pse36 clflush dts acpi mmx fxsr sse sse2 ss ht tm pbe syscall nx pdpe1gb rdtscp lm constant_tsc art arch_perfmon pebs bts rep_good nopl xtopology nonstop_tsc cpuid aperfmperf tsc_known_freq pni pclmulqdq dtes64 monitor ds_cpl vmx smx est tm2 ssse3 sdbg fma cx16 xtpr pdcm pcid sse4_1 sse4_2 x2apic movbe popcnt tsc_deadline_timer aes xsave avx f16c rdrand lahf_lm abm 3dnowprefetch cpuid_fault epb invpcid_single pti ssbd ibrs ibpb stibp tpr_shadow vnmi flexpriority ept vpid fsgsbase tsc_adjust bmi1 hle avx2 smep bmi2 erms invpcid rtm mpx rdseed adx smap clflushopt intel_pt xsaveopt xsavec xgetbv1 xsaves dtherm ida arat pln pts hwp hwp_notify hwp_act_window hwp_epp md_clear flush_l1d
bugs		: cpu_meltdown spectre_v1 spectre_v2 spec_store_bypass l1tf mds swapgs taa itlb_multihit
bogomips	: 5808.00
clflush size	: 64
cache_alignment	: 64
address sizes	: 39 bits physical, 48 bits virtual
power management:

processor	: 7
vendor_id	: GenuineIntel
cpu family	: 6
model		: 158
model name	: Intel(R) Xeon(R) E-2186M  CPU @ 2.90GHz
stepping	: 10
microcode	: 0xca
cpu MHz		: 4346.369
cache size	: 12288 KB
physical id	: 0
siblings	: 12
core id		: 1
cpu cores	: 6
apicid		: 3
initial apicid	: 3
fpu		: yes
fpu_exception	: yes
cpuid level	: 22
wp		: yes
flags		: fpu vme de pse tsc msr pae mce cx8 apic sep mtrr pge mca cmov pat pse36 clflush dts acpi mmx fxsr sse sse2 ss ht tm pbe syscall nx pdpe1gb rdtscp lm constant_tsc art arch_perfmon pebs bts rep_good nopl xtopology nonstop_tsc cpuid aperfmperf tsc_known_freq pni pclmulqdq dtes64 monitor ds_cpl vmx smx est tm2 ssse3 sdbg fma cx16 xtpr pdcm pcid sse4_1 sse4_2 x2apic movbe popcnt tsc_deadline_timer aes xsave avx f16c rdrand lahf_lm abm 3dnowprefetch cpuid_fault epb invpcid_single pti ssbd ibrs ibpb stibp tpr_shadow vnmi flexpriority ept vpid fsgsbase tsc_adjust bmi1 hle avx2 smep bmi2 erms invpcid rtm mpx rdseed adx smap clflushopt intel_pt xsaveopt xsavec xgetbv1 xsaves dtherm ida arat pln pts hwp hwp_notify hwp_act_window hwp_epp md_clear flush_l1d
bugs		: cpu_meltdown spectre_v1 spectre_v2 spec_store_bypass l1tf mds swapgs taa itlb_multihit
bogomips	: 5808.00
clflush size	: 64
cache_alignment	: 64
address sizes	: 39 bits physical, 48 bits virtual
power management:

processor	: 8
vendor_id	: GenuineIntel
cpu family	: 6
model		: 158
model name	: Intel(R) Xeon(R) E-2186M  CPU @ 2.90GHz
stepping	: 10
microcode	: 0xca
cpu MHz		: 4372.597
cache size	: 12288 KB
physical id	: 0
siblings	: 12
core id		: 2
cpu cores	: 6
apicid		: 5
initial apicid	: 5
fpu		: yes
fpu_exception	: yes
cpuid level	: 22
wp		: yes
flags		: fpu vme de pse tsc msr pae mce cx8 apic sep mtrr pge mca cmov pat pse36 clflush dts acpi mmx fxsr sse sse2 ss ht tm pbe syscall nx pdpe1gb rdtscp lm constant_tsc art arch_perfmon pebs bts rep_good nopl xtopology nonstop_tsc cpuid aperfmperf tsc_known_freq pni pclmulqdq dtes64 monitor ds_cpl vmx smx est tm2 ssse3 sdbg fma cx16 xtpr pdcm pcid sse4_1 sse4_2 x2apic movbe popcnt tsc_deadline_timer aes xsave avx f16c rdrand lahf_lm abm 3dnowprefetch cpuid_fault epb invpcid_single pti ssbd ibrs ibpb stibp tpr_shadow vnmi flexpriority ept vpid fsgsbase tsc_adjust bmi1 hle avx2 smep bmi2 erms invpcid rtm mpx rdseed adx smap clflushopt intel_pt xsaveopt xsavec xgetbv1 xsaves dtherm ida arat pln pts hwp hwp_notify hwp_act_window hwp_epp md_clear flush_l1d
bugs		: cpu_meltdown spectre_v1 spectre_v2 spec_store_bypass l1tf mds swapgs taa itlb_multihit
bogomips	: 5808.00
clflush size	: 64
cache_alignment	: 64
address sizes	: 39 bits physical, 48 bits virtual
power management:

processor	: 9
vendor_id	: GenuineIntel
cpu family	: 6
model		: 158
model name	: Intel(R) Xeon(R) E-2186M  CPU @ 2.90GHz
stepping	: 10
microcode	: 0xca
cpu MHz		: 4342.395
cache size	: 12288 KB
physical id	: 0
siblings	: 12
core id		: 3
cpu cores	: 6
apicid		: 7
initial apicid	: 7
fpu		: yes
fpu_exception	: yes
cpuid level	: 22
wp		: yes
flags		: fpu vme de pse tsc msr pae mce cx8 apic sep mtrr pge mca cmov pat pse36 clflush dts acpi mmx fxsr sse sse2 ss ht tm pbe syscall nx pdpe1gb rdtscp lm constant_tsc art arch_perfmon pebs bts rep_good nopl xtopology nonstop_tsc cpuid aperfmperf tsc_known_freq pni pclmulqdq dtes64 monitor ds_cpl vmx smx est tm2 ssse3 sdbg fma cx16 xtpr pdcm pcid sse4_1 sse4_2 x2apic movbe popcnt tsc_deadline_timer aes xsave avx f16c rdrand lahf_lm abm 3dnowprefetch cpuid_fault epb invpcid_single pti ssbd ibrs ibpb stibp tpr_shadow vnmi flexpriority ept vpid fsgsbase tsc_adjust bmi1 hle avx2 smep bmi2 erms invpcid rtm mpx rdseed adx smap clflushopt intel_pt xsaveopt xsavec xgetbv1 xsaves dtherm ida arat pln pts hwp hwp_notify hwp_act_window hwp_epp md_clear flush_l1d
bugs		: cpu_meltdown spectre_v1 spectre_v2 spec_store_bypass l1tf mds swapgs taa itlb_multihit
bogomips	: 5808.00
clflush size	: 64
cache_alignment	: 64
address sizes	: 39 bits physical, 48 bits virtual
power management:

processor	: 10
vendor_id	: GenuineIntel
cpu family	: 6
model		: 158
model name	: Intel(R) Xeon(R) E-2186M  CPU @ 2.90GHz
stepping	: 10
microcode	: 0xca
cpu MHz		: 4116.418
cache size	: 12288 KB
physical id	: 0
siblings	: 12
core id		: 4
cpu cores	: 6
apicid		: 9
initial apicid	: 9
fpu		: yes
fpu_exception	: yes
cpuid level	: 22
wp		: yes
flags		: fpu vme de pse tsc msr pae mce cx8 apic sep mtrr pge mca cmov pat pse36 clflush dts acpi mmx fxsr sse sse2 ss ht tm pbe syscall nx pdpe1gb rdtscp lm constant_tsc art arch_perfmon pebs bts rep_good nopl xtopology nonstop_tsc cpuid aperfmperf tsc_known_freq pni pclmulqdq dtes64 monitor ds_cpl vmx smx est tm2 ssse3 sdbg fma cx16 xtpr pdcm pcid sse4_1 sse4_2 x2apic movbe popcnt tsc_deadline_timer aes xsave avx f16c rdrand lahf_lm abm 3dnowprefetch cpuid_fault epb invpcid_single pti ssbd ibrs ibpb stibp tpr_shadow vnmi flexpriority ept vpid fsgsbase tsc_adjust bmi1 hle avx2 smep bmi2 erms invpcid rtm mpx rdseed adx smap clflushopt intel_pt xsaveopt xsavec xgetbv1 xsaves dtherm ida arat pln pts hwp hwp_notify hwp_act_window hwp_epp md_clear flush_l1d
bugs		: cpu_meltdown spectre_v1 spectre_v2 spec_store_bypass l1tf mds swapgs taa itlb_multihit
bogomips	: 5808.00
clflush size	: 64
cache_alignment	: 64
address sizes	: 39 bits physical, 48 bits virtual
power management:

processor	: 11
vendor_id	: GenuineIntel
cpu family	: 6
model		: 158
model name	: Intel(R) Xeon(R) E-2186M  CPU @ 2.90GHz
stepping	: 10
microcode	: 0xca
cpu MHz		: 4373.330
cache size	: 12288 KB
physical id	: 0
siblings	: 12
core id		: 5
cpu cores	: 6
apicid		: 11
initial apicid	: 11
fpu		: yes
fpu_exception	: yes
cpuid level	: 22
wp		: yes
flags		: fpu vme de pse tsc msr pae mce cx8 apic sep mtrr pge mca cmov pat pse36 clflush dts acpi mmx fxsr sse sse2 ss ht tm pbe syscall nx pdpe1gb rdtscp lm constant_tsc art arch_perfmon pebs bts rep_good nopl xtopology nonstop_tsc cpuid aperfmperf tsc_known_freq pni pclmulqdq dtes64 monitor ds_cpl vmx smx est tm2 ssse3 sdbg fma cx16 xtpr pdcm pcid sse4_1 sse4_2 x2apic movbe popcnt tsc_deadline_timer aes xsave avx f16c rdrand lahf_lm abm 3dnowprefetch cpuid_fault epb invpcid_single pti ssbd ibrs ibpb stibp tpr_shadow vnmi flexpriority ept vpid fsgsbase tsc_adjust bmi1 hle avx2 smep bmi2 erms invpcid rtm mpx rdseed adx smap clflushopt intel_pt xsaveopt xsavec xgetbv1 xsaves dtherm ida arat pln pts hwp hwp_notify hwp_act_window hwp_epp md_clear flush_l1d
bugs		: cpu_meltdown spectre_v1 spectre_v2 spec_store_bypass l1tf mds swapgs taa itlb_multihit
bogomips	: 5808.00
clflush size	: 64
cache_alignment	: 64
address sizes	: 39 bits physical, 48 bits virtual
power management:



Memory: 4k page, physical 32693512k(8766888k free), swap 19530748k(19530748k free)

vm_info: Java HotSpot(TM) 64-Bit Server VM (25.201-b09) for linux-amd64 JRE (1.8.0_201-b09), built on Dec 15 2018 11:35:59 by "java_re" with gcc 7.3.0

time: Sat Apr  4 00:02:27 2020
timezone: CEST
elapsed time: 55 seconds (0d 0h 0m 55s)

