#
# A fatal error has been detected by the Java Runtime Environment:
#
#  SIGSEGV (0xb) at pc=0x00007f1f003eb98d, pid=29655, tid=0x00007f1ed8841700
#
# JRE version: Java(TM) SE Runtime Environment (8.0_201-b09) (build 1.8.0_201-b09)
# Java VM: Java HotSpot(TM) 64-Bit Server VM (25.201-b09 mixed mode linux-amd64 compressed oops)
# Problematic frame:
# C  [libc.so.6+0x9798d]  cfree+0x3d
#
# Failed to write core dump. Core dumps have been disabled. To enable core dumping, try "ulimit -c unlimited" before starting Java again
#
# If you would like to submit a bug report, please visit:
#   http://bugreport.java.com/bugreport/crash.jsp
# The crash happened outside the Java Virtual Machine in native code.
# See problematic frame for where to report the bug.
#

---------------  T H R E A D  ---------------

Current thread (0x00007f1ef8092800):  JavaThread "Finalizer" daemon [_thread_in_native, id=29675, stack(0x00007f1ed8741000,0x00007f1ed8842000)]

siginfo: si_signo: 11 (SIGSEGV), si_code: 1 (SEGV_MAPERR), si_addr: 0x00007f1e427ff008

Registers:
RAX=0x0000000000000000, RBX=0x00007f1df18af3b0, RCX=0x0000000002ed0068, RDX=0x00007f1df18afc30
RSP=0x00007f1ed883dc80, RBP=0x00007f1ed883dd60, RSI=0x00007f1ed883dd60, RDI=0x00007f1e427ff010
R8 =0x00000000f8005c39, R9 =0x00007f1ef9d68000, R10=0x00007f1e5eb3cf30, R11=0x00000005da00d050
R12=0x00007f1e427ff010, R13=0x00007f1ee9806740, R14=0x00007f1ed8840920, R15=0x00007f1ef8092800
RIP=0x00007f1f003eb98d, EFLAGS=0x0000000000010202, CSGSFS=0x002b000000000033, ERR=0x0000000000000004
  TRAPNO=0x000000000000000e

Top of Stack: (sp=0x00007f1ed883dc80)
0x00007f1ed883dc80:   00007f1e67058690 00007f1e65012d3c
0x00007f1ed883dc90:   00007f1ed127d098 00007f1e6502846b
0x00007f1ed883dca0:   00007f1ef8092800 c5fc854741773900
0x00007f1ed883dcb0:   00007f1e67058690 00007f1df18af3b0
0x00007f1ed883dcc0:   00007f1ed883dd60 0000000000000000
0x00007f1ed883dcd0:   00007f1ee9806740 00007f1ed8840920
0x00007f1ed883dce0:   00007f1ef8092800 00007f1e5f879ee8
0x00007f1ed883dcf0:   00007f1df18af3b0 00007f1e5f879f2c
0x00007f1ed883dd00:   00007f1ed883dd60 00007f1df18af3b0
0x00007f1ed883dd10:   00007f1ed883dd60 00007f1e5f879f59
0x00007f1ed883dd20:   00007f1df18af3b0 00007f1e650280ef
0x00007f1ed883dd30:   00007f1e00000000 00007f1e65012d3c
0x00007f1ed883dd40:   00007f1ed883de10 00007f1e00000042
0x00007f1ed883dd50:   00007f1effea8baa 0000000000000000
0x00007f1ed883dd60:   00007f1e67058690 00007f1effea8bab
0x00007f1ed883dd70:   00007f1effea8ba9 0000000000000000
0x00007f1ed883dd80:   00007f1ed127d098 00007f1ef9ab7f80
0x00007f1ed883dd90:   0000000000000000 00007f1ef9148b80
0x00007f1ed883dda0:   00007f1ed883de10 c5fc854741773900
0x00007f1ed883ddb0:   00007f1ef8092800 00007f1ef9148b80
0x00007f1ed883ddc0:   00007f1ef9ab7f80 c5fc854741773900
0x00007f1ed883ddd0:   00007f1ed883de10 00007f1ef8960410
0x00007f1ed883dde0:   00007f1ed883de90 00007f1ef89603b0
0x00007f1ed883ddf0:   0000000000000000 0000000000000000
0x00007f1ed883de00:   00007f1ed1283328 00007f1ed88408e8
0x00007f1ed883de10:   00007f1ef8092800 c5fc854741773900
0x00007f1ed883de20:   00007f1ed883de90 00007f1ef89603b0
0x00007f1ed883de30:   00007f1ed883de90 0000000000000000
0x00007f1ed883de40:   00007f1ed1283328 00007f1ed88408e8
0x00007f1ed883de50:   00007f1ef8092800 00007f1e650280ef
0x00007f1ed883de60:   00007f1ee9806740 00007f1e65012d3c
0x00007f1ed883de70:   00007f1ef8092800 00007f1e65011e98 

Instructions: (pc=0x00007f1f003eb98d)
0x00007f1f003eb96d:   24 28 31 c0 48 8b 05 70 35 35 00 48 8b 00 48 85
0x00007f1f003eb97d:   c0 0f 85 9c 02 00 00 48 85 ff 0f 84 13 01 00 00
0x00007f1f003eb98d:   48 8b 77 f8 4c 8d 6f f0 40 f6 c6 02 0f 85 29 01
0x00007f1f003eb99d:   00 00 48 8b 2d d2 33 35 00 64 48 83 7d 00 00 0f 

Register to memory mapping:

RAX=0x0000000000000000 is an unknown value
RBX=0x00007f1df18af3b0 is an unknown value
RCX=0x0000000002ed0068 is an unknown value
RDX=0x00007f1df18afc30 is an unknown value
RSP=0x00007f1ed883dc80 is pointing into the stack for thread: 0x00007f1ef8092800
RBP=0x00007f1ed883dd60 is pointing into the stack for thread: 0x00007f1ef8092800
RSI=0x00007f1ed883dd60 is pointing into the stack for thread: 0x00007f1ef8092800
RDI=0x00007f1e427ff010 is an unknown value
R8 =0x00000000f8005c39 is an unknown value
R9 =0x00007f1ef9d68000 is an unknown value
R10=0x00007f1e5eb3cf30: Java_org_itk_simple_SimpleITKJNI_delete_1Image+0 in /home/fernandr/Programmes/Fiji.app/lib/linux64/libSimpleITKJava.so at 0x00007f1e58cad000
R11=0x00000005da00d050 is pointing into object: 0x00000005da00d048
java.lang.System$2 
 - klass: 'java/lang/System$2'
R12=0x00007f1e427ff010 is an unknown value
R13=0x00007f1ee9806740 is at entry_point+704 in (nmethod*)0x00007f1ee9806290
R14=0x00007f1ed8840920 is pointing into the stack for thread: 0x00007f1ef8092800
R15=0x00007f1ef8092800 is a thread


Stack: [0x00007f1ed8741000,0x00007f1ed8842000],  sp=0x00007f1ed883dc80,  free space=1011k
Native frames: (J=compiled Java code, j=interpreted, Vv=VM code, C=native code)
C  [libc.so.6+0x9798d]  cfree+0x3d
V  [libjvm.so+0xb3dbab]

Java frames: (J=compiled Java code, j=interpreted, Vv=VM code)
J 3939  org.itk.simple.SimpleITKJNI.delete_Image(J)V (0 bytes) @ 0x00007f1ee9951881 [0x00007f1ee9951840+0x41]
J 3805 C1 org.itk.simple.Image.finalize()V (5 bytes) @ 0x00007f1ee92ade8c [0x00007f1ee92adc60+0x22c]
J 3732% C2 java.lang.ref.Finalizer$FinalizerThread.run()V (55 bytes) @ 0x00007f1ee9806740 [0x00007f1ee9806480+0x2c0]
v  ~StubRoutines::call_stub

---------------  P R O C E S S  ---------------

Java Threads: ( => current thread )
  0x00007f1efa6fd800 JavaThread "pool-1-thread-12" [_thread_blocked, id=30796, stack(0x00007f1eb92e0000,0x00007f1eb93e1000)]
  0x00007f1efa6fc000 JavaThread "pool-1-thread-11" [_thread_blocked, id=30795, stack(0x00007f1eb90de000,0x00007f1eb91df000)]
  0x00007f1efa6fb800 JavaThread "pool-1-thread-10" [_thread_blocked, id=30794, stack(0x00007f1eb91df000,0x00007f1eb92e0000)]
  0x00007f1efa6fa800 JavaThread "pool-1-thread-9" [_thread_blocked, id=30793, stack(0x00007f1eb8fdd000,0x00007f1eb90de000)]
  0x00007f1efa6fa000 JavaThread "pool-1-thread-8" [_thread_blocked, id=30792, stack(0x00007f1eb93e1000,0x00007f1eb94e2000)]
  0x00007f1efa6f9000 JavaThread "pool-1-thread-7" [_thread_blocked, id=30791, stack(0x00007f1eb8edc000,0x00007f1eb8fdd000)]
  0x00007f1efa6f0000 JavaThread "pool-1-thread-6" [_thread_blocked, id=30790, stack(0x00007f1eb94e2000,0x00007f1eb95e3000)]
  0x00007f1efa6ef800 JavaThread "pool-1-thread-5" [_thread_blocked, id=30789, stack(0x00007f1eb8cda000,0x00007f1eb8ddb000)]
  0x00007f1ef91da800 JavaThread "pool-1-thread-4" [_thread_blocked, id=30788, stack(0x00007f1eb96e4000,0x00007f1eb97e5000)]
  0x00007f1ef91da000 JavaThread "pool-1-thread-3" [_thread_blocked, id=30787, stack(0x00007f1eb95e3000,0x00007f1eb96e4000)]
  0x00007f1ef91df800 JavaThread "pool-1-thread-2" [_thread_blocked, id=30786, stack(0x00007f1eb8bd9000,0x00007f1eb8cda000)]
  0x00007f1ef91de000 JavaThread "pool-1-thread-1" [_thread_blocked, id=30785, stack(0x00007f1eb8ddb000,0x00007f1eb8edc000)]
  0x00007f1ef91d6800 JavaThread "zSelector" [_thread_blocked, id=30766, stack(0x00007f1eb98e6000,0x00007f1eb99e7000)]
  0x00007f1ef90ef000 JavaThread "zSelector" [_thread_blocked, id=30765, stack(0x00007f1ebbcff000,0x00007f1ebbe00000)]
  0x00007f1ef90f3800 JavaThread "zSelector" [_thread_blocked, id=30761, stack(0x00007f1eb97e5000,0x00007f1eb98e6000)]
  0x00007f1ef818f800 JavaThread "zSelector" [_thread_blocked, id=29711, stack(0x00007f1ebb3ea000,0x00007f1ebb4eb000)]
  0x00007f1ef899f000 JavaThread "zSelector" [_thread_blocked, id=29710, stack(0x00007f1ebb4eb000,0x00007f1ebb5ec000)]
  0x00007f1ef8992000 JavaThread "zSelector" [_thread_blocked, id=29708, stack(0x00007f1ed06f1000,0x00007f1ed07f2000)]
  0x00007f1ef898a000 JavaThread "zSelector" [_thread_blocked, id=29707, stack(0x00007f1ebb9ed000,0x00007f1ebbaee000)]
  0x00007f1ef895f800 JavaThread "TimerQueue" daemon [_thread_blocked, id=29691, stack(0x00007f1ebb8ec000,0x00007f1ebb9ed000)]
  0x00007f1ef8360800 JavaThread "AWT-EventQueue-0" [_thread_blocked, id=29686, stack(0x00007f1ed0e8f000,0x00007f1ed0f90000)]
  0x00007f1ef835c000 JavaThread "AWT-Shutdown" [_thread_blocked, id=29685, stack(0x00007f1ed0f90000,0x00007f1ed1091000)]
  0x00007f1ef82cd000 JavaThread "AWT-XAWT" daemon [_thread_in_native, id=29684, stack(0x00007f1ed1291000,0x00007f1ed1392000)]
  0x00007f1ef82a4000 JavaThread "Java2D Disposer" daemon [_thread_blocked, id=29683, stack(0x00007f1ed17a2000,0x00007f1ed18a3000)]
  0x00007f1ef80d9800 JavaThread "Service Thread" daemon [_thread_blocked, id=29681, stack(0x00007f1ed813b000,0x00007f1ed823c000)]
  0x00007f1ef80ce000 JavaThread "C1 CompilerThread3" daemon [_thread_blocked, id=29680, stack(0x00007f1ed823d000,0x00007f1ed833d000)]
  0x00007f1ef80cc000 JavaThread "C2 CompilerThread2" daemon [_thread_in_native, id=29679, stack(0x00007f1ed833e000,0x00007f1ed843e000)]
  0x00007f1ef80ca000 JavaThread "C2 CompilerThread1" daemon [_thread_in_native, id=29678, stack(0x00007f1ed843f000,0x00007f1ed853f000)]
  0x00007f1ef80c7800 JavaThread "C2 CompilerThread0" daemon [_thread_in_native, id=29677, stack(0x00007f1ed8540000,0x00007f1ed8640000)]
  0x00007f1ef80c6000 JavaThread "Signal Dispatcher" daemon [_thread_blocked, id=29676, stack(0x00007f1ed8640000,0x00007f1ed8741000)]
=>0x00007f1ef8092800 JavaThread "Finalizer" daemon [_thread_in_native, id=29675, stack(0x00007f1ed8741000,0x00007f1ed8842000)]
  0x00007f1ef8090000 JavaThread "Reference Handler" daemon [_thread_blocked, id=29674, stack(0x00007f1ed8842000,0x00007f1ed8943000)]
  0x00007f1ef800c000 JavaThread "Run$_main" [_thread_in_Java, id=29661, stack(0x00007f1f0106d000,0x00007f1f0116d000)]

Other Threads:
  0x00007f1ef8086800 VMThread [stack: 0x00007f1ed8944000,0x00007f1ed8a44000] [id=29673]
  0x00007f1ef80dc000 WatcherThread [stack: 0x00007f1ed803b000,0x00007f1ed813b000] [id=29682]

VM state:not at safepoint (normal execution)

VM Mutex/Monitor currently owned by a thread: None

heap address: 0x00000005cd200000, size: 7982 MB, Compressed Oops mode: Zero based, Oop shift amount: 3
Narrow klass base: 0x0000000000000000, Narrow klass shift: 3
Compressed class space size: 1073741824 Address: 0x00000007c0000000

Heap:
 PSYoungGen      total 538624K, used 4357K [0x0000000719b80000, 0x0000000752b80000, 0x00000007c0000000)
  eden space 535040K, 0% used [0x0000000719b80000,0x0000000719fc16a8,0x000000073a600000)
  from space 3584K, 0% used [0x000000074d800000,0x000000074d800000,0x000000074db80000)
  to   space 61440K, 0% used [0x000000074ef80000,0x000000074ef80000,0x0000000752b80000)
 ParOldGen       total 487936K, used 248978K [0x00000005cd200000, 0x00000005eae80000, 0x0000000719b80000)
  object space 487936K, 51% used [0x00000005cd200000,0x00000005dc524b80,0x00000005eae80000)
 Metaspace       used 21938K, capacity 22233K, committed 22528K, reserved 1069056K
  class space    used 2223K, capacity 2298K, committed 2304K, reserved 1048576K

Card table byte_map: [0x00007f1efcbd1000,0x00007f1efdb69000] byte_map_base: 0x00007f1ef9d68000

Marking Bits: (ParMarkBitMap*) 0x00007f1f00336d80
 Begin Bits: [0x00007f1ea4690000, 0x00007f1eac348000)
 End Bits:   [0x00007f1eac348000, 0x00007f1eb4000000)

Polling page: 0x00007f1f011ad000

CodeCache: size=245760Kb used=16505Kb max_used=16519Kb free=229254Kb
 bounds [0x00007f1ee9000000, 0x00007f1eea040000, 0x00007f1ef8000000]
 total_blobs=4531 nmethods=3593 adapters=850
 compilation: enabled

Compilation events (10 events):
Event: 60,127 Thread 0x00007f1ef80cc000 nmethod 4229 0x00007f1eea000dd0 code [0x00007f1eea001020, 0x00007f1eea001b50]
Event: 60,153 Thread 0x00007f1ef80c7800 nmethod 4228 0x00007f1eea02b750 code [0x00007f1eea02bce0, 0x00007f1eea02ea50]
Event: 60,209 Thread 0x00007f1ef80cc000 4231       4       java.util.concurrent.SynchronousQueue$TransferStack::transfer (380 bytes)
Event: 60,211 Thread 0x00007f1ef80ce000 4232       1       sun.awt.X11.XComponentPeer::beginValidate (1 bytes)
Event: 60,211 Thread 0x00007f1ef80c7800 4234       4       com.vitimage.registration.ItkTransform::computeDenseFieldFromSparseCorrespondancePoints (1720 bytes)
Event: 60,211 Thread 0x00007f1ef80ce000 nmethod 4232 0x00007f1ee9f92090 code [0x00007f1ee9f921e0, 0x00007f1ee9f922f0]
Event: 60,211 Thread 0x00007f1ef80ce000 4233       1       sun.awt.X11.XComponentPeer::endValidate (1 bytes)
Event: 60,211 Thread 0x00007f1ef80ce000 nmethod 4233 0x00007f1ee9f91d10 code [0x00007f1ee9f91e60, 0x00007f1ee9f91f70]
Event: 60,212 Thread 0x00007f1ef80ce000 4235       3       com.vitimage.common.ItkImagePlusInterface::convertImagePlusArrayToDisplacementField (336 bytes)
Event: 60,214 Thread 0x00007f1ef80ce000 nmethod 4235 0x00007f1eea026350 code [0x00007f1eea026820, 0x00007f1eea029448]

GC Heap History (10 events):
Event: 57,491 GC heap before
{Heap before GC invocations=45 (full 2):
 PSYoungGen      total 535552K, used 352K [0x0000000719b80000, 0x0000000754f00000, 0x00000007c0000000)
  eden space 535040K, 0% used [0x0000000719b80000,0x0000000719b80000,0x000000073a600000)
  from space 512K, 68% used [0x0000000751d00000,0x0000000751d58000,0x0000000751d80000)
  to   space 36864K, 0% used [0x0000000752b00000,0x0000000752b00000,0x0000000754f00000)
 ParOldGen       total 487936K, used 335865K [0x00000005cd200000, 0x00000005eae80000, 0x0000000719b80000)
  object space 487936K, 68% used [0x00000005cd200000,0x00000005e19fe468,0x00000005eae80000)
 Metaspace       used 21917K, capacity 22169K, committed 22528K, reserved 1069056K
  class space    used 2222K, capacity 2298K, committed 2304K, reserved 1048576K
Event: 57,537 GC heap after
Heap after GC invocations=45 (full 2):
 PSYoungGen      total 535552K, used 0K [0x0000000719b80000, 0x0000000754f00000, 0x00000007c0000000)
  eden space 535040K, 0% used [0x0000000719b80000,0x0000000719b80000,0x000000073a600000)
  from space 512K, 0% used [0x0000000751d00000,0x0000000751d00000,0x0000000751d80000)
  to   space 36864K, 0% used [0x0000000752b00000,0x0000000752b00000,0x0000000754f00000)
 ParOldGen       total 487936K, used 247789K [0x00000005cd200000, 0x00000005eae80000, 0x0000000719b80000)
  object space 487936K, 50% used [0x00000005cd200000,0x00000005dc3fb6a8,0x00000005eae80000)
 Metaspace       used 21917K, capacity 22169K, committed 22528K, reserved 1069056K
  class space    used 2222K, capacity 2298K, committed 2304K, reserved 1048576K
}
Event: 58,824 GC heap before
{Heap before GC invocations=46 (full 2):
 PSYoungGen      total 535552K, used 92442K [0x0000000719b80000, 0x0000000754f00000, 0x00000007c0000000)
  eden space 535040K, 17% used [0x0000000719b80000,0x000000071f5c6b58,0x000000073a600000)
  from space 512K, 0% used [0x0000000751d00000,0x0000000751d00000,0x0000000751d80000)
  to   space 36864K, 0% used [0x0000000752b00000,0x0000000752b00000,0x0000000754f00000)
 ParOldGen       total 487936K, used 247789K [0x00000005cd200000, 0x00000005eae80000, 0x0000000719b80000)
  object space 487936K, 50% used [0x00000005cd200000,0x00000005dc3fb6a8,0x00000005eae80000)
 Metaspace       used 21926K, capacity 22169K, committed 22528K, reserved 1069056K
  class space    used 2222K, capacity 2298K, committed 2304K, reserved 1048576K
Event: 58,942 GC heap after
Heap after GC invocations=46 (full 2):
 PSYoungGen      total 571904K, used 36832K [0x0000000719b80000, 0x0000000754f00000, 0x00000007c0000000)
  eden space 535040K, 0% used [0x0000000719b80000,0x0000000719b80000,0x000000073a600000)
  from space 36864K, 99% used [0x0000000752b00000,0x0000000754ef8160,0x0000000754f00000)
  to   space 60928K, 0% used [0x000000074d800000,0x000000074d800000,0x0000000751380000)
 ParOldGen       total 487936K, used 299293K [0x00000005cd200000, 0x00000005eae80000, 0x0000000719b80000)
  object space 487936K, 61% used [0x00000005cd200000,0x00000005df6476a8,0x00000005eae80000)
 Metaspace       used 21926K, capacity 22169K, committed 22528K, reserved 1069056K
  class space    used 2222K, capacity 2298K, committed 2304K, reserved 1048576K
}
Event: 58,942 GC heap before
{Heap before GC invocations=47 (full 3):
 PSYoungGen      total 571904K, used 36832K [0x0000000719b80000, 0x0000000754f00000, 0x00000007c0000000)
  eden space 535040K, 0% used [0x0000000719b80000,0x0000000719b80000,0x000000073a600000)
  from space 36864K, 99% used [0x0000000752b00000,0x0000000754ef8160,0x0000000754f00000)
  to   space 60928K, 0% used [0x000000074d800000,0x000000074d800000,0x0000000751380000)
 ParOldGen       total 487936K, used 299293K [0x00000005cd200000, 0x00000005eae80000, 0x0000000719b80000)
  object space 487936K, 61% used [0x00000005cd200000,0x00000005df6476a8,0x00000005eae80000)
 Metaspace       used 21926K, capacity 22169K, committed 22528K, reserved 1069056K
  class space    used 2222K, capacity 2298K, committed 2304K, reserved 1048576K
Event: 59,155 GC heap after
Heap after GC invocations=47 (full 3):
 PSYoungGen      total 571904K, used 0K [0x0000000719b80000, 0x0000000754f00000, 0x00000007c0000000)
  eden space 535040K, 0% used [0x0000000719b80000,0x0000000719b80000,0x000000073a600000)
  from space 36864K, 0% used [0x0000000752b00000,0x0000000752b00000,0x0000000754f00000)
  to   space 60928K, 0% used [0x000000074d800000,0x000000074d800000,0x0000000751380000)
 ParOldGen       total 487936K, used 329552K [0x00000005cd200000, 0x00000005eae80000, 0x0000000719b80000)
  object space 487936K, 67% used [0x00000005cd200000,0x00000005e13d4200,0x00000005eae80000)
 Metaspace       used 21926K, capacity 22169K, committed 22528K, reserved 1069056K
  class space    used 2222K, capacity 2298K, committed 2304K, reserved 1048576K
}
Event: 60,215 GC heap before
{Heap before GC invocations=48 (full 3):
 PSYoungGen      total 571904K, used 135587K [0x0000000719b80000, 0x0000000754f00000, 0x00000007c0000000)
  eden space 535040K, 25% used [0x0000000719b80000,0x0000000721fe8c18,0x000000073a600000)
  from space 36864K, 0% used [0x0000000752b00000,0x0000000752b00000,0x0000000754f00000)
  to   space 60928K, 0% used [0x000000074d800000,0x000000074d800000,0x0000000751380000)
 ParOldGen       total 487936K, used 329552K [0x00000005cd200000, 0x00000005eae80000, 0x0000000719b80000)
  object space 487936K, 67% used [0x00000005cd200000,0x00000005e13d4200,0x00000005eae80000)
 Metaspace       used 21938K, capacity 22233K, committed 22528K, reserved 1069056K
  class space    used 2223K, capacity 2298K, committed 2304K, reserved 1048576K
Event: 60,223 GC heap after
Heap after GC invocations=48 (full 3):
 PSYoungGen      total 538624K, used 3264K [0x0000000719b80000, 0x0000000752b80000, 0x00000007c0000000)
  eden space 535040K, 0% used [0x0000000719b80000,0x0000000719b80000,0x000000073a600000)
  from space 3584K, 91% used [0x000000074d800000,0x000000074db300c0,0x000000074db80000)
  to   space 61440K, 0% used [0x000000074ef80000,0x000000074ef80000,0x0000000752b80000)
 ParOldGen       total 487936K, used 329552K [0x00000005cd200000, 0x00000005eae80000, 0x0000000719b80000)
  object space 487936K, 67% used [0x00000005cd200000,0x00000005e13d4200,0x00000005eae80000)
 Metaspace       used 21938K, capacity 22233K, committed 22528K, reserved 1069056K
  class space    used 2223K, capacity 2298K, committed 2304K, reserved 1048576K
}
Event: 60,223 GC heap before
{Heap before GC invocations=49 (full 4):
 PSYoungGen      total 538624K, used 3264K [0x0000000719b80000, 0x0000000752b80000, 0x00000007c0000000)
  eden space 535040K, 0% used [0x0000000719b80000,0x0000000719b80000,0x000000073a600000)
  from space 3584K, 91% used [0x000000074d800000,0x000000074db300c0,0x000000074db80000)
  to   space 61440K, 0% used [0x000000074ef80000,0x000000074ef80000,0x0000000752b80000)
 ParOldGen       total 487936K, used 329552K [0x00000005cd200000, 0x00000005eae80000, 0x0000000719b80000)
  object space 487936K, 67% used [0x00000005cd200000,0x00000005e13d4200,0x00000005eae80000)
 Metaspace       used 21938K, capacity 22233K, committed 22528K, reserved 1069056K
  class space    used 2223K, capacity 2298K, committed 2304K, reserved 1048576K
Event: 60,237 GC heap after
Heap after GC invocations=49 (full 4):
 PSYoungGen      total 538624K, used 0K [0x0000000719b80000, 0x0000000752b80000, 0x00000007c0000000)
  eden space 535040K, 0% used [0x0000000719b80000,0x0000000719b80000,0x000000073a600000)
  from space 3584K, 0% used [0x000000074d800000,0x000000074d800000,0x000000074db80000)
  to   space 61440K, 0% used [0x000000074ef80000,0x000000074ef80000,0x0000000752b80000)
 ParOldGen       total 487936K, used 248978K [0x00000005cd200000, 0x00000005eae80000, 0x0000000719b80000)
  object space 487936K, 51% used [0x00000005cd200000,0x00000005dc524b80,0x00000005eae80000)
 Metaspace       used 21938K, capacity 22233K, committed 22528K, reserved 1069056K
  class space    used 2223K, capacity 2298K, committed 2304K, reserved 1048576K
}

Deoptimization events (10 events):
Event: 37,680 Thread 0x00007f1ef800c000 Uncommon trap: reason=unstable_if action=reinterpret pc=0x00007f1ee91b3a14 method=java.util.TimSort.countRunAndMakeAscending([Ljava/lang/Object;IILjava/util/Comparator;)I @ 27
Event: 39,302 Thread 0x00007f1ef800c000 Uncommon trap: reason=unstable_if action=reinterpret pc=0x00007f1ee9d32ec0 method=java.util.TimSort.mergeLo(IIII)V @ 513
Event: 41,649 Thread 0x00007f1ef800c000 Uncommon trap: reason=unstable_if action=reinterpret pc=0x00007f1ee98396d4 method=java.util.TimSort.mergeHi(IIII)V @ 568
Event: 57,129 Thread 0x00007f1ef800c000 Uncommon trap: reason=unstable_if action=reinterpret pc=0x00007f1ee986523c method=sun.misc.FDBigInteger.cmp(Lsun/misc/FDBigInteger;)I @ 84
Event: 57,159 Thread 0x00007f1ef91da800 Uncommon trap: reason=unstable_if action=reinterpret pc=0x00007f1ee99ef6d4 method=ij.plugin.filter.GaussianBlur.convolveLine([F[F[[FIIIIII)V @ 165
Event: 58,047 Thread 0x00007f1ef800c000 Uncommon trap: reason=unstable_if action=reinterpret pc=0x00007f1ee9f25298 method=com.vitimage.registration.ItkTransform.getFlattenDenseFieldAsDeformationField(Lij/ImagePlus;)Lorg/itk/simple/DisplacementFieldTransform; @ 440
Event: 58,748 Thread 0x00007f1ef800c000 Uncommon trap: reason=unloaded action=reinterpret pc=0x00007f1ee9f78bc0 method=com.vitimage.registration.ItkTransform.getFlattenDenseFieldAsDeformationField(Lij/ImagePlus;)Lorg/itk/simple/DisplacementFieldTransform; @ 595
Event: 58,773 Thread 0x00007f1ef800c000 Uncommon trap: reason=unstable_if action=reinterpret pc=0x00007f1ee9f20544 method=com.vitimage.common.ItkImagePlusInterface.convertImagePlusArrayToDisplacementField([Lij/ImagePlus;)Lorg/itk/simple/Image; @ 222
Event: 59,351 Thread 0x00007f1ef800c000 Uncommon trap: reason=unstable_if action=reinterpret pc=0x00007f1ee9f4bc24 method=com.vitimage.common.VitimageUtils.clipFloatImage(Lij/ImagePlus;DD)Lij/ImagePlus; @ 79
Event: 60,212 Thread 0x00007f1ef800c000 Uncommon trap: reason=unstable_if action=reinterpret pc=0x00007f1ee9f8078c method=com.vitimage.common.ItkImagePlusInterface.convertImagePlusArrayToDisplacementField([Lij/ImagePlus;)Lorg/itk/simple/Image; @ 222

Classes redefined (0 events):
No events

Internal exceptions (10 events):
Event: 59,435 Thread 0x00007f1ef800c000 Implicit null exception at 0x00007f1ee9b47600 to 0x00007f1ee9b47842
Event: 59,435 Thread 0x00007f1ef800c000 Exception <a 'java/lang/NullPointerException'> (0x000000071b7126d8) thrown at [/HUDSON/workspace/8-2-build-linux-amd64/jdk8u201/12317/hotspot/src/share/vm/runtime/sharedRuntime.cpp, line 605]
Event: 59,436 Thread 0x00007f1ef800c000 Implicit null exception at 0x00007f1ee9b47600 to 0x00007f1ee9b47842
Event: 59,436 Thread 0x00007f1ef800c000 Exception <a 'java/lang/NullPointerException'> (0x000000071b82c9b0) thrown at [/HUDSON/workspace/8-2-build-linux-amd64/jdk8u201/12317/hotspot/src/share/vm/runtime/sharedRuntime.cpp, line 605]
Event: 59,436 Thread 0x00007f1ef800c000 Implicit null exception at 0x00007f1ee9b47600 to 0x00007f1ee9b47842
Event: 59,436 Thread 0x00007f1ef800c000 Exception <a 'java/lang/NullPointerException'> (0x000000071b838848) thrown at [/HUDSON/workspace/8-2-build-linux-amd64/jdk8u201/12317/hotspot/src/share/vm/runtime/sharedRuntime.cpp, line 605]
Event: 59,436 Thread 0x00007f1ef800c000 Implicit null exception at 0x00007f1ee9b47600 to 0x00007f1ee9b47842
Event: 59,436 Thread 0x00007f1ef800c000 Exception <a 'java/lang/NullPointerException'> (0x000000071b8444b8) thrown at [/HUDSON/workspace/8-2-build-linux-amd64/jdk8u201/12317/hotspot/src/share/vm/runtime/sharedRuntime.cpp, line 605]
Event: 59,436 Thread 0x00007f1ef800c000 Implicit null exception at 0x00007f1ee9b47600 to 0x00007f1ee9b47842
Event: 59,436 Thread 0x00007f1ef800c000 Exception <a 'java/lang/NullPointerException'> (0x000000071b850128) thrown at [/HUDSON/workspace/8-2-build-linux-amd64/jdk8u201/12317/hotspot/src/share/vm/runtime/sharedRuntime.cpp, line 605]

Events (10 events):
Event: 59,838 Thread 0x00007f1ef913e000 Thread exited: 0x00007f1ef913e000
Event: 59,838 Thread 0x00007f1ef8124000 Thread exited: 0x00007f1ef8124000
Event: 59,838 Thread 0x00007f1ef9192000 Thread exited: 0x00007f1ef9192000
Event: 59,841 Thread 0x00007f1ef915a800 Thread exited: 0x00007f1ef915a800
Event: 59,843 Thread 0x00007f1ef9184000 Thread exited: 0x00007f1ef9184000
Event: 60,212 Thread 0x00007f1ef800c000 Uncommon trap: trap_request=0xffffff65 fr.pc=0x00007f1ee9f8078c
Event: 60,212 Thread 0x00007f1ef800c000 DEOPT PACKING pc=0x00007f1ee9f8078c sp=0x00007f1f0116a910
Event: 60,212 Thread 0x00007f1ef800c000 DEOPT UNPACKING pc=0x00007f1ee904573a sp=0x00007f1f0116a8c8 mode 2
Event: 60,215 Executing VM operation: ParallelGCSystemGC
Event: 60,237 Executing VM operation: ParallelGCSystemGC done


Dynamic libraries:
00400000-00401000 r-xp 00000000 103:05 399591                            /usr/lib/jvm/java-8-oracle/bin/java
00600000-00601000 r--p 00000000 103:05 399591                            /usr/lib/jvm/java-8-oracle/bin/java
00601000-00602000 rw-p 00001000 103:05 399591                            /usr/lib/jvm/java-8-oracle/bin/java
01ea4000-026d9000 rw-p 00000000 00:00 0                                  [heap]
5cd200000-5eae80000 rw-p 00000000 00:00 0 
5eae80000-719b80000 ---p 00000000 00:00 0 
719b80000-752b80000 rw-p 00000000 00:00 0 
752b80000-7c0000000 ---p 00000000 00:00 0 
7c0000000-7c0240000 rw-p 00000000 00:00 0 
7c0240000-800000000 ---p 00000000 00:00 0 
7f1dc4000000-7f1dc4021000 rw-p 00000000 00:00 0 
7f1dc4021000-7f1dc8000000 ---p 00000000 00:00 0 
7f1dcc000000-7f1dcc021000 rw-p 00000000 00:00 0 
7f1dcc021000-7f1dd0000000 ---p 00000000 00:00 0 
7f1dd0000000-7f1dd0021000 rw-p 00000000 00:00 0 
7f1dd0021000-7f1dd4000000 ---p 00000000 00:00 0 
7f1dd4000000-7f1dd4021000 rw-p 00000000 00:00 0 
7f1dd4021000-7f1dd8000000 ---p 00000000 00:00 0 
7f1dd8000000-7f1dd8021000 rw-p 00000000 00:00 0 
7f1dd8021000-7f1ddc000000 ---p 00000000 00:00 0 
7f1ddc000000-7f1ddc021000 rw-p 00000000 00:00 0 
7f1ddc021000-7f1de0000000 ---p 00000000 00:00 0 
7f1de0000000-7f1de0021000 rw-p 00000000 00:00 0 
7f1de0021000-7f1de4000000 ---p 00000000 00:00 0 
7f1de4000000-7f1de4021000 rw-p 00000000 00:00 0 
7f1de4021000-7f1de8000000 ---p 00000000 00:00 0 
7f1de8000000-7f1de8021000 rw-p 00000000 00:00 0 
7f1de8021000-7f1dec000000 ---p 00000000 00:00 0 
7f1dec000000-7f1dec021000 rw-p 00000000 00:00 0 
7f1dec021000-7f1df0000000 ---p 00000000 00:00 0 
7f1df0000000-7f1df20b1000 rw-p 00000000 00:00 0 
7f1df20b1000-7f1df4000000 ---p 00000000 00:00 0 
7f1df4000000-7f1df4021000 rw-p 00000000 00:00 0 
7f1df4021000-7f1df8000000 ---p 00000000 00:00 0 
7f1dfc000000-7f1dfda72000 rw-p 00000000 00:00 0 
7f1dfda72000-7f1e00000000 ---p 00000000 00:00 0 
7f1e00000000-7f1e00021000 rw-p 00000000 00:00 0 
7f1e00021000-7f1e04000000 ---p 00000000 00:00 0 
7f1e04000000-7f1e04054000 rw-p 00000000 00:00 0 
7f1e04054000-7f1e08000000 ---p 00000000 00:00 0 
7f1e0c000000-7f1e0c03c000 rw-p 00000000 00:00 0 
7f1e0c03c000-7f1e10000000 ---p 00000000 00:00 0 
7f1e10000000-7f1e1003c000 rw-p 00000000 00:00 0 
7f1e1003c000-7f1e14000000 ---p 00000000 00:00 0 
7f1e14000000-7f1e1402c000 rw-p 00000000 00:00 0 
7f1e1402c000-7f1e18000000 ---p 00000000 00:00 0 
7f1e18000000-7f1e18021000 rw-p 00000000 00:00 0 
7f1e18021000-7f1e1c000000 ---p 00000000 00:00 0 
7f1e1c000000-7f1e1c024000 rw-p 00000000 00:00 0 
7f1e1c024000-7f1e20000000 ---p 00000000 00:00 0 
7f1e20000000-7f1e20034000 rw-p 00000000 00:00 0 
7f1e20034000-7f1e24000000 ---p 00000000 00:00 0 
7f1e24000000-7f1e24021000 rw-p 00000000 00:00 0 
7f1e24021000-7f1e28000000 ---p 00000000 00:00 0 
7f1e28000000-7f1e2803c000 rw-p 00000000 00:00 0 
7f1e2803c000-7f1e2c000000 ---p 00000000 00:00 0 
7f1e2c000000-7f1e2c02c000 rw-p 00000000 00:00 0 
7f1e2c02c000-7f1e30000000 ---p 00000000 00:00 0 
7f1e30000000-7f1e30025000 rw-p 00000000 00:00 0 
7f1e30025000-7f1e34000000 ---p 00000000 00:00 0 
7f1e34000000-7f1e34021000 rw-p 00000000 00:00 0 
7f1e34021000-7f1e38000000 ---p 00000000 00:00 0 
7f1e38000000-7f1e38021000 rw-p 00000000 00:00 0 
7f1e38021000-7f1e3c000000 ---p 00000000 00:00 0 
7f1e3c000000-7f1e3c021000 rw-p 00000000 00:00 0 
7f1e3c021000-7f1e40000000 ---p 00000000 00:00 0 
7f1e44000000-7f1e44021000 rw-p 00000000 00:00 0 
7f1e44021000-7f1e48000000 ---p 00000000 00:00 0 
7f1e48000000-7f1e48021000 rw-p 00000000 00:00 0 
7f1e48021000-7f1e4c000000 ---p 00000000 00:00 0 
7f1e4c000000-7f1e4c021000 rw-p 00000000 00:00 0 
7f1e4c021000-7f1e50000000 ---p 00000000 00:00 0 
7f1e50000000-7f1e50021000 rw-p 00000000 00:00 0 
7f1e50021000-7f1e54000000 ---p 00000000 00:00 0 
7f1e54000000-7f1e54021000 rw-p 00000000 00:00 0 
7f1e54021000-7f1e58000000 ---p 00000000 00:00 0 
7f1e58cad000-7f1e66d74000 r-xp 00000000 103:05 2121741                   /home/fernandr/Programmes/Fiji.app/lib/linux64/libSimpleITKJava.so
7f1e66d74000-7f1e66f73000 ---p 0e0c7000 103:05 2121741                   /home/fernandr/Programmes/Fiji.app/lib/linux64/libSimpleITKJava.so
7f1e66f73000-7f1e67fe1000 rw-p 0e0c6000 103:05 2121741                   /home/fernandr/Programmes/Fiji.app/lib/linux64/libSimpleITKJava.so
7f1e67fe1000-7f1e68000000 rw-p 00000000 00:00 0 
7f1e68000000-7f1e68316000 rw-p 00000000 00:00 0 
7f1e68316000-7f1e6c000000 ---p 00000000 00:00 0 
7f1e6c000000-7f1e6c021000 rw-p 00000000 00:00 0 
7f1e6c021000-7f1e70000000 ---p 00000000 00:00 0 
7f1e70000000-7f1e7002f000 rw-p 00000000 00:00 0 
7f1e7002f000-7f1e74000000 ---p 00000000 00:00 0 
7f1e74000000-7f1e74021000 rw-p 00000000 00:00 0 
7f1e74021000-7f1e78000000 ---p 00000000 00:00 0 
7f1e78000000-7f1e78021000 rw-p 00000000 00:00 0 
7f1e78021000-7f1e7c000000 ---p 00000000 00:00 0 
7f1e7c000000-7f1e7c026000 rw-p 00000000 00:00 0 
7f1e7c026000-7f1e80000000 ---p 00000000 00:00 0 
7f1e80000000-7f1e81703000 rw-p 00000000 00:00 0 
7f1e81703000-7f1e84000000 ---p 00000000 00:00 0 
7f1e84000000-7f1e84021000 rw-p 00000000 00:00 0 
7f1e84021000-7f1e88000000 ---p 00000000 00:00 0 
7f1e88000000-7f1e89bc9000 rw-p 00000000 00:00 0 
7f1e89bc9000-7f1e8c000000 ---p 00000000 00:00 0 
7f1e8c000000-7f1e8fffc000 rw-p 00000000 00:00 0 
7f1e8fffc000-7f1e90000000 ---p 00000000 00:00 0 
7f1e90000000-7f1e90021000 rw-p 00000000 00:00 0 
7f1e90021000-7f1e94000000 ---p 00000000 00:00 0 
7f1e94000000-7f1e97ffd000 rw-p 00000000 00:00 0 
7f1e97ffd000-7f1e98000000 ---p 00000000 00:00 0 
7f1e98000000-7f1e98021000 rw-p 00000000 00:00 0 
7f1e98021000-7f1e9c000000 ---p 00000000 00:00 0 
7f1e9c000000-7f1e9dc1b000 rw-p 00000000 00:00 0 
7f1e9dc1b000-7f1ea0000000 ---p 00000000 00:00 0 
7f1ea0000000-7f1ea00b4000 rw-p 00000000 00:00 0 
7f1ea00b4000-7f1ea4000000 ---p 00000000 00:00 0 
7f1ea458f000-7f1ea4592000 ---p 00000000 00:00 0 
7f1ea4592000-7f1eb4000000 rw-p 00000000 00:00 0 
7f1eb4000000-7f1eb4021000 rw-p 00000000 00:00 0 
7f1eb4021000-7f1eb8000000 ---p 00000000 00:00 0 
7f1eb80ce000-7f1eb80d1000 ---p 00000000 00:00 0 
7f1eb80d1000-7f1eb81cf000 rw-p 00000000 00:00 0 
7f1eb81cf000-7f1eb81d2000 ---p 00000000 00:00 0 
7f1eb81d2000-7f1eb82d0000 rw-p 00000000 00:00 0 
7f1eb82d0000-7f1eb82d3000 ---p 00000000 00:00 0 
7f1eb82d3000-7f1eb83d1000 rw-p 00000000 00:00 0 
7f1eb83d1000-7f1eb83d4000 ---p 00000000 00:00 0 
7f1eb83d4000-7f1eb84d2000 rw-p 00000000 00:00 0 
7f1eb84d2000-7f1eb84d5000 ---p 00000000 00:00 0 
7f1eb84d5000-7f1eb85d3000 rw-p 00000000 00:00 0 
7f1eb85d3000-7f1eb85d6000 ---p 00000000 00:00 0 
7f1eb85d6000-7f1eb86d4000 rw-p 00000000 00:00 0 
7f1eb86d4000-7f1eb86d7000 ---p 00000000 00:00 0 
7f1eb86d7000-7f1eb87d5000 rw-p 00000000 00:00 0 
7f1eb87d5000-7f1eb87d8000 ---p 00000000 00:00 0 
7f1eb87d8000-7f1eb88d6000 rw-p 00000000 00:00 0 
7f1eb88d6000-7f1eb88d9000 ---p 00000000 00:00 0 
7f1eb88d9000-7f1eb89d7000 rw-p 00000000 00:00 0 
7f1eb89d7000-7f1eb89da000 ---p 00000000 00:00 0 
7f1eb89da000-7f1eb8ad8000 rw-p 00000000 00:00 0 
7f1eb8ad8000-7f1eb8adb000 ---p 00000000 00:00 0 
7f1eb8adb000-7f1eb8bd9000 rw-p 00000000 00:00 0 
7f1eb8bd9000-7f1eb8bdc000 ---p 00000000 00:00 0 
7f1eb8bdc000-7f1eb8cda000 rw-p 00000000 00:00 0 
7f1eb8cda000-7f1eb8cdd000 ---p 00000000 00:00 0 
7f1eb8cdd000-7f1eb8ddb000 rw-p 00000000 00:00 0 
7f1eb8ddb000-7f1eb8dde000 ---p 00000000 00:00 0 
7f1eb8dde000-7f1eb8edc000 rw-p 00000000 00:00 0 
7f1eb8edc000-7f1eb8edf000 ---p 00000000 00:00 0 
7f1eb8edf000-7f1eb8fdd000 rw-p 00000000 00:00 0 
7f1eb8fdd000-7f1eb8fe0000 ---p 00000000 00:00 0 
7f1eb8fe0000-7f1eb90de000 rw-p 00000000 00:00 0 
7f1eb90de000-7f1eb90e1000 ---p 00000000 00:00 0 
7f1eb90e1000-7f1eb91df000 rw-p 00000000 00:00 0 
7f1eb91df000-7f1eb91e2000 ---p 00000000 00:00 0 
7f1eb91e2000-7f1eb92e0000 rw-p 00000000 00:00 0 
7f1eb92e0000-7f1eb92e3000 ---p 00000000 00:00 0 
7f1eb92e3000-7f1eb93e1000 rw-p 00000000 00:00 0 
7f1eb93e1000-7f1eb93e4000 ---p 00000000 00:00 0 
7f1eb93e4000-7f1eb94e2000 rw-p 00000000 00:00 0 
7f1eb94e2000-7f1eb94e5000 ---p 00000000 00:00 0 
7f1eb94e5000-7f1eb95e3000 rw-p 00000000 00:00 0 
7f1eb95e3000-7f1eb95e6000 ---p 00000000 00:00 0 
7f1eb95e6000-7f1eb96e4000 rw-p 00000000 00:00 0 
7f1eb96e4000-7f1eb96e7000 ---p 00000000 00:00 0 
7f1eb96e7000-7f1eb97e5000 rw-p 00000000 00:00 0 
7f1eb97e5000-7f1eb97e8000 ---p 00000000 00:00 0 
7f1eb97e8000-7f1eb98e6000 rw-p 00000000 00:00 0 
7f1eb98e6000-7f1eb98e9000 ---p 00000000 00:00 0 
7f1eb98e9000-7f1eb99e7000 rw-p 00000000 00:00 0 
7f1eb99e7000-7f1eb99e8000 ---p 00000000 00:00 0 
7f1eb99e8000-7f1eba1e8000 rw-p 00000000 00:00 0 
7f1eba1e8000-7f1eba1e9000 ---p 00000000 00:00 0 
7f1eba1e9000-7f1eba9e9000 rw-p 00000000 00:00 0 
7f1eba9e9000-7f1eba9ea000 ---p 00000000 00:00 0 
7f1eba9ea000-7f1ebb3aa000 rw-p 00000000 00:00 0 
7f1ebb3aa000-7f1ebb3ea000 ---p 00000000 00:00 0 
7f1ebb3ea000-7f1ebb3ed000 ---p 00000000 00:00 0 
7f1ebb3ed000-7f1ebb4eb000 rw-p 00000000 00:00 0 
7f1ebb4eb000-7f1ebb4ee000 ---p 00000000 00:00 0 
7f1ebb4ee000-7f1ebb5ec000 rw-p 00000000 00:00 0 
7f1ebb5ec000-7f1ebb6ec000 rw-s 00000000 00:05 27263028                   /SYSV00000000 (deleted)
7f1ebb6ec000-7f1ebb8ec000 rw-p 00000000 00:00 0 
7f1ebb8ec000-7f1ebb8ef000 ---p 00000000 00:00 0 
7f1ebb8ef000-7f1ebb9ed000 rw-p 00000000 00:00 0 
7f1ebb9ed000-7f1ebb9f0000 ---p 00000000 00:00 0 
7f1ebb9f0000-7f1ebbcee000 rw-p 00000000 00:00 0 
7f1ebbcff000-7f1ebbd02000 ---p 00000000 00:00 0 
7f1ebbd02000-7f1ebc000000 rw-p 00000000 00:00 0 
7f1ebc000000-7f1ebc021000 rw-p 00000000 00:00 0 
7f1ebc021000-7f1ec0000000 ---p 00000000 00:00 0 
7f1ec0000000-7f1ec0021000 rw-p 00000000 00:00 0 
7f1ec0021000-7f1ec4000000 ---p 00000000 00:00 0 
7f1ec4000000-7f1ec4021000 rw-p 00000000 00:00 0 
7f1ec4021000-7f1ec8000000 ---p 00000000 00:00 0 
7f1ec8000000-7f1ec8021000 rw-p 00000000 00:00 0 
7f1ec8021000-7f1ecc000000 ---p 00000000 00:00 0 
7f1ecc000000-7f1ecc021000 rw-p 00000000 00:00 0 
7f1ecc021000-7f1ed0000000 ---p 00000000 00:00 0 
7f1ed0027000-7f1ed00a0000 r--s 010fd000 103:05 409159                    /usr/lib/jvm/java-8-oracle/lib/tools.jar
7f1ed00a0000-7f1ed00ca000 r-xp 00000000 103:05 1319030                   /usr/lib/jvm/java-8-oracle/jre/lib/amd64/libdcpr.so
7f1ed00ca000-7f1ed02c9000 ---p 0002a000 103:05 1319030                   /usr/lib/jvm/java-8-oracle/jre/lib/amd64/libdcpr.so
7f1ed02c9000-7f1ed02ca000 r--p 00029000 103:05 1319030                   /usr/lib/jvm/java-8-oracle/jre/lib/amd64/libdcpr.so
7f1ed02ca000-7f1ed02cd000 rw-p 0002a000 103:05 1319030                   /usr/lib/jvm/java-8-oracle/jre/lib/amd64/libdcpr.so
7f1ed02cd000-7f1ed02d8000 r--s 00000000 103:05 2754318                   /var/cache/fontconfig/945677eb7aeaf62f1d50efc3fb3ec7d8-le64.cache-7
7f1ed02d8000-7f1ed02dd000 r--s 00000000 103:05 2754289                   /var/cache/fontconfig/2300eef321c393bfd76478a5c0e95b23-le64.cache-7
7f1ed02dd000-7f1ed02de000 r--s 00000000 103:05 2754282                   /var/cache/fontconfig/0d8c3b2ac0904cb8a57a757ad11a4a08-le64.cache-7
7f1ed02de000-7f1ed02e2000 r--s 00000000 103:05 2758608                   /var/cache/fontconfig/6d41288fd70b0be22e8c3a91e032eec0-le64.cache-7
7f1ed02e2000-7f1ed02f7000 r--s 00000000 103:05 2754278                   /var/cache/fontconfig/04aabc0a78ac019cf9454389977116d2-le64.cache-7
7f1ed02f7000-7f1ed02f8000 r--s 00000000 103:05 2754286                   /var/cache/fontconfig/1ac9eb803944fde146138c791f5cc56a-le64.cache-7
7f1ed02f8000-7f1ed02f9000 r--s 00000000 103:05 2754337                   /var/cache/fontconfig/dc05db6664285cc2f12bf69c139ae4c3-le64.cache-7
7f1ed02f9000-7f1ed02fb000 r--s 00000000 103:05 2754283                   /var/cache/fontconfig/14a5e22175779b556eaa434240950366-le64.cache-7
7f1ed02fb000-7f1ed02fc000 r--s 00000000 103:05 2754310                   /var/cache/fontconfig/660208299946a285a940457d1287da33-le64.cache-7
7f1ed02fc000-7f1ed02fe000 r--s 00000000 103:05 2754301                   /var/cache/fontconfig/4f3e3037c9980c83b53a9351efadef62-le64.cache-7
7f1ed02fe000-7f1ed0300000 r--s 00000000 103:05 2754315                   /var/cache/fontconfig/767a8244fc0220cfb567a839d0392e0b-le64.cache-7
7f1ed0300000-7f1ed0301000 r--s 00000000 103:05 2755247                   /var/cache/fontconfig/4794a0821666d79190d59a36cb4f44b5-le64.cache-7
7f1ed0301000-7f1ed0303000 r--s 00000000 103:05 2759434                   /var/cache/fontconfig/0bd3dc0958fa2205aaaa8ebb13e2872b-le64.cache-7
7f1ed0303000-7f1ed0308000 r--s 00000000 103:05 2754338                   /var/cache/fontconfig/def309198bfa603429122923fa2bb2d4-le64.cache-7
7f1ed0308000-7f1ed0309000 r--s 00000000 103:05 2754326                   /var/cache/fontconfig/b872e6e592da6075ffa4ab0a1fcc0c75-le64.cache-7
7f1ed0309000-7f1ed030a000 r--s 00000000 103:05 2754343                   /var/cache/fontconfig/f6d4eedfaab2589bde49f7a3ff831d22-le64.cache-7
7f1ed030a000-7f1ed030b000 r--s 00000000 103:05 2754308                   /var/cache/fontconfig/589f83ef4c36d296ce6e1c846f468f08-le64.cache-7
7f1ed030b000-7f1ed030c000 r--s 00000000 103:05 2754328                   /var/cache/fontconfig/bab58bb527bb656aaa9f116d68a48d89-le64.cache-7
7f1ed030c000-7f1ed030d000 r--s 00000000 103:05 2754287                   /var/cache/fontconfig/2171a34dccabdb6bcbbc728186263178-le64.cache-7
7f1ed030d000-7f1ed030e000 r--s 00000000 103:05 2754329                   /var/cache/fontconfig/c5c45a61289222e0d30b1a26ef4effbe-le64.cache-7
7f1ed030e000-7f1ed030f000 r--s 00000000 103:05 2754324                   /var/cache/fontconfig/aec30016f93e1b46d1a973dce0d74068-le64.cache-7
7f1ed030f000-7f1ed0310000 r--s 00000000 103:05 2754294                   /var/cache/fontconfig/3f589640d34b7dc9042c8d453f7c8b9c-le64.cache-7
7f1ed0310000-7f1ed0315000 r--s 00000000 103:05 2754981                   /var/cache/fontconfig/9d2451b1fd30e5bffe8383fd27c35478-le64.cache-7
7f1ed03eb000-7f1ed03fa000 r--s 000f1000 103:05 2231674                   /home/fernandr/.m2/repository/org/scijava/j3dutils/1.6.0-scijava-2/j3dutils-1.6.0-scijava-2.jar
7f1ed0413000-7f1ed0437000 r--s 0031e000 103:05 2231672                   /home/fernandr/.m2/repository/org/jogamp/jogl/jogl-all/2.3.2/jogl-all-2.3.2.jar
7f1ed0449000-7f1ed044f000 r--s 0004f000 103:05 2231670                   /home/fernandr/.m2/repository/org/jogamp/gluegen/gluegen-rt/2.3.2/gluegen-rt-2.3.2.jar
7f1ed044f000-7f1ed045c000 r--s 001ce000 103:05 2231668                   /home/fernandr/.m2/repository/org/scijava/j3dcore/1.6.0-scijava-2/j3dcore-1.6.0-scijava-2.jar
7f1ed045c000-7f1ed0463000 r--s 00083000 103:05 2240416                   /home/fernandr/.m2/repository/sc/fiji/3D_Viewer/4.0.3/3D_Viewer-4.0.3.jar
7f1ed0463000-7f1ed046d000 r--s 0008a000 103:05 2122552                   /home/fernandr/.m2/repository/org/itk/simple/simpleitk/0.9.0/simpleitk-0.9.0.jar
7f1ed0478000-7f1ed047b000 r--s 00026000 103:05 2231676                   /home/fernandr/.m2/repository/org/scijava/vecmath/1.6.0-scijava-2/vecmath-1.6.0-scijava-2.jar
7f1ed047b000-7f1ed047e000 r--s 00012000 103:05 2231666                   /home/fernandr/.m2/repository/org/bushe/eventbus/1.4/eventbus-1.4.jar
7f1ed047e000-7f1ed048e000 r--s 000ac000 103:05 2231660                   /home/fernandr/.m2/repository/org/scijava/scijava-common/2.62.1/scijava-common-2.62.1.jar
7f1ed048e000-7f1ed04aa000 r--s 00393000 103:05 1448276                   /usr/lib/jvm/java-8-oracle/jre/lib/ext/cldrdata.jar
7f1ed04c5000-7f1ed04c7000 r--s 00003000 103:05 2231664                   /home/fernandr/.m2/repository/com/googlecode/gentyref/gentyref/1.1.0/gentyref-1.1.0.jar
7f1ed04c7000-7f1ed04c9000 r--s 00009000 103:05 2231662                   /home/fernandr/.m2/repository/org/scijava/parsington/1.0.0/parsington-1.0.0.jar
7f1ed04c9000-7f1ed04ca000 r--s 00001000 103:05 2055202                   /home/fernandr/.m2/repository/org/scijava/scijava-java3d/0.1.0/scijava-java3d-0.1.0.jar
7f1ed04ca000-7f1ed04cc000 r--s 00008000 103:05 2027869                   /home/fernandr/.m2/repository/gov/nist/math/jama/1.0.3/jama-1.0.3.jar
7f1ed04cc000-7f1ed04cd000 r--s 0000a000 103:05 1978199                   /home/fernandr/.m2/repository/sc/fiji/pal-optimization/2.0.1/pal-optimization-2.0.1.jar
7f1ed04cd000-7f1ed04d7000 r--s 00116000 103:05 1448283                   /usr/lib/jvm/java-8-oracle/jre/lib/ext/localedata.jar
7f1ed04d7000-7f1ed04de000 r--s 00095000 103:05 1978197                   /home/fernandr/.m2/repository/sc/fiji/VIB-lib/2.2.0/VIB-lib-2.2.0.jar
7f1ed04de000-7f1ed04f1000 r--s 00345000 103:05 1319020                   /usr/lib/jvm/java-8-oracle/jre/lib/resources.jar
7f1ed04f1000-7f1ed06f1000 rw-p 00000000 00:00 0 
7f1ed06f1000-7f1ed06f4000 ---p 00000000 00:00 0 
7f1ed06f4000-7f1ed07f2000 rw-p 00000000 00:00 0 
7f1ed07f2000-7f1ed085e000 r-xp 00000000 103:05 1319045                   /usr/lib/jvm/java-8-oracle/jre/lib/amd64/libt2k.so
7f1ed085e000-7f1ed0a5e000 ---p 0006c000 103:05 1319045                   /usr/lib/jvm/java-8-oracle/jre/lib/amd64/libt2k.so
7f1ed0a5e000-7f1ed0a64000 r--p 0006c000 103:05 1319045                   /usr/lib/jvm/java-8-oracle/jre/lib/amd64/libt2k.so
7f1ed0a64000-7f1ed0a65000 rw-p 00072000 103:05 1319045                   /usr/lib/jvm/java-8-oracle/jre/lib/amd64/libt2k.so
7f1ed0a65000-7f1ed0a76000 r-xp 00000000 103:05 1319086                   /usr/lib/jvm/java-8-oracle/jre/lib/amd64/libnio.so
7f1ed0a76000-7f1ed0c75000 ---p 00011000 103:05 1319086                   /usr/lib/jvm/java-8-oracle/jre/lib/amd64/libnio.so
7f1ed0c75000-7f1ed0c76000 r--p 00010000 103:05 1319086                   /usr/lib/jvm/java-8-oracle/jre/lib/amd64/libnio.so
7f1ed0c76000-7f1ed0c77000 rw-p 00011000 103:05 1319086                   /usr/lib/jvm/java-8-oracle/jre/lib/amd64/libnio.so
7f1ed0c77000-7f1ed0c8d000 r-xp 00000000 103:05 1319083                   /usr/lib/jvm/java-8-oracle/jre/lib/amd64/libnet.so
7f1ed0c8d000-7f1ed0e8d000 ---p 00016000 103:05 1319083                   /usr/lib/jvm/java-8-oracle/jre/lib/amd64/libnet.so
7f1ed0e8d000-7f1ed0e8e000 r--p 00016000 103:05 1319083                   /usr/lib/jvm/java-8-oracle/jre/lib/amd64/libnet.so
7f1ed0e8e000-7f1ed0e8f000 rw-p 00017000 103:05 1319083                   /usr/lib/jvm/java-8-oracle/jre/lib/amd64/libnet.so
7f1ed0e8f000-7f1ed0e92000 ---p 00000000 00:00 0 
7f1ed0e92000-7f1ed0f90000 rw-p 00000000 00:00 0 
7f1ed0f90000-7f1ed0f93000 ---p 00000000 00:00 0 
7f1ed0f93000-7f1ed1291000 rw-p 00000000 00:00 0 
7f1ed1291000-7f1ed1294000 ---p 00000000 00:00 0 
7f1ed1294000-7f1ed1392000 rw-p 00000000 00:00 0 
7f1ed1392000-7f1ed1397000 r-xp 00000000 103:05 401423                    /usr/lib/x86_64-linux-gnu/libXfixes.so.3.1.0
7f1ed1397000-7f1ed1596000 ---p 00005000 103:05 401423                    /usr/lib/x86_64-linux-gnu/libXfixes.so.3.1.0
7f1ed1596000-7f1ed1597000 r--p 00004000 103:05 401423                    /usr/lib/x86_64-linux-gnu/libXfixes.so.3.1.0
7f1ed1597000-7f1ed1598000 rw-p 00005000 103:05 401423                    /usr/lib/x86_64-linux-gnu/libXfixes.so.3.1.0
7f1ed1598000-7f1ed15a1000 r-xp 00000000 103:05 401415                    /usr/lib/x86_64-linux-gnu/libXcursor.so.1.0.2
7f1ed15a1000-7f1ed17a0000 ---p 00009000 103:05 401415                    /usr/lib/x86_64-linux-gnu/libXcursor.so.1.0.2
7f1ed17a0000-7f1ed17a1000 r--p 00008000 103:05 401415                    /usr/lib/x86_64-linux-gnu/libXcursor.so.1.0.2
7f1ed17a1000-7f1ed17a2000 rw-p 00009000 103:05 401415                    /usr/lib/x86_64-linux-gnu/libXcursor.so.1.0.2
7f1ed17a2000-7f1ed17a5000 ---p 00000000 00:00 0 
7f1ed17a5000-7f1ed18a3000 rw-p 00000000 00:00 0 
7f1ed18a3000-7f1ed18ba000 r-xp 00000000 103:05 3801268                   /lib/x86_64-linux-gnu/libgcc_s.so.1
7f1ed18ba000-7f1ed1ab9000 ---p 00017000 103:05 3801268                   /lib/x86_64-linux-gnu/libgcc_s.so.1
7f1ed1ab9000-7f1ed1aba000 r--p 00016000 103:05 3801268                   /lib/x86_64-linux-gnu/libgcc_s.so.1
7f1ed1aba000-7f1ed1abb000 rw-p 00017000 103:05 3801268                   /lib/x86_64-linux-gnu/libgcc_s.so.1
7f1ed1abb000-7f1ed1b18000 r-xp 00000000 103:05 1319057                   /usr/lib/jvm/java-8-oracle/jre/lib/amd64/libfontmanager.so
7f1ed1b18000-7f1ed1d18000 ---p 0005d000 103:05 1319057                   /usr/lib/jvm/java-8-oracle/jre/lib/amd64/libfontmanager.so
7f1ed1d18000-7f1ed1d1b000 r--p 0005d000 103:05 1319057                   /usr/lib/jvm/java-8-oracle/jre/lib/amd64/libfontmanager.so
7f1ed1d1b000-7f1ed1d1c000 rw-p 00060000 103:05 1319057                   /usr/lib/jvm/java-8-oracle/jre/lib/amd64/libfontmanager.so
7f1ed1d1c000-7f1ed1d2f000 r-xp 00000000 103:05 3801384                   /lib/x86_64-linux-gnu/libbsd.so.0.8.7
7f1ed1d2f000-7f1ed1f2e000 ---p 00013000 103:05 3801384                   /lib/x86_64-linux-gnu/libbsd.so.0.8.7
7f1ed1f2e000-7f1ed1f2f000 r--p 00012000 103:05 3801384                   /lib/x86_64-linux-gnu/libbsd.so.0.8.7
7f1ed1f2f000-7f1ed1f30000 rw-p 00013000 103:05 3801384                   /lib/x86_64-linux-gnu/libbsd.so.0.8.7
7f1ed1f30000-7f1ed1f31000 rw-p 00000000 00:00 0 
7f1ed1f31000-7f1ed1f36000 r-xp 00000000 103:05 401419                    /usr/lib/x86_64-linux-gnu/libXdmcp.so.6.0.0
7f1ed1f36000-7f1ed2135000 ---p 00005000 103:05 401419                    /usr/lib/x86_64-linux-gnu/libXdmcp.so.6.0.0
7f1ed2135000-7f1ed2136000 r--p 00004000 103:05 401419                    /usr/lib/x86_64-linux-gnu/libXdmcp.so.6.0.0
7f1ed2136000-7f1ed2137000 rw-p 00005000 103:05 401419                    /usr/lib/x86_64-linux-gnu/libXdmcp.so.6.0.0
7f1ed2137000-7f1ed2139000 r-xp 00000000 103:05 401408                    /usr/lib/x86_64-linux-gnu/libXau.so.6.0.0
7f1ed2139000-7f1ed2339000 ---p 00002000 103:05 401408                    /usr/lib/x86_64-linux-gnu/libXau.so.6.0.0
7f1ed2339000-7f1ed233a000 r--p 00002000 103:05 401408                    /usr/lib/x86_64-linux-gnu/libXau.so.6.0.0
7f1ed233a000-7f1ed233b000 rw-p 00003000 103:05 401408                    /usr/lib/x86_64-linux-gnu/libXau.so.6.0.0
7f1ed233b000-7f1ed2361000 r-xp 00000000 103:05 396084                    /usr/lib/x86_64-linux-gnu/libxcb.so.1.1.0
7f1ed2361000-7f1ed2561000 ---p 00026000 103:05 396084                    /usr/lib/x86_64-linux-gnu/libxcb.so.1.1.0
7f1ed2561000-7f1ed2562000 r--p 00026000 103:05 396084                    /usr/lib/x86_64-linux-gnu/libxcb.so.1.1.0
7f1ed2562000-7f1ed2563000 rw-p 00027000 103:05 396084                    /usr/lib/x86_64-linux-gnu/libxcb.so.1.1.0
7f1ed2563000-7f1ed2572000 r-xp 00000000 103:05 401429                    /usr/lib/x86_64-linux-gnu/libXi.so.6.1.0
7f1ed2572000-7f1ed2771000 ---p 0000f000 103:05 401429                    /usr/lib/x86_64-linux-gnu/libXi.so.6.1.0
7f1ed2771000-7f1ed2772000 r--p 0000e000 103:05 401429                    /usr/lib/x86_64-linux-gnu/libXi.so.6.1.0
7f1ed2772000-7f1ed2773000 rw-p 0000f000 103:05 401429                    /usr/lib/x86_64-linux-gnu/libXi.so.6.1.0
7f1ed2773000-7f1ed2778000 r-xp 00000000 103:05 401447                    /usr/lib/x86_64-linux-gnu/libXtst.so.6.1.0
7f1ed2778000-7f1ed2977000 ---p 00005000 103:05 401447                    /usr/lib/x86_64-linux-gnu/libXtst.so.6.1.0
7f1ed2977000-7f1ed2978000 r--p 00004000 103:05 401447                    /usr/lib/x86_64-linux-gnu/libXtst.so.6.1.0
7f1ed2978000-7f1ed2979000 rw-p 00005000 103:05 401447                    /usr/lib/x86_64-linux-gnu/libXtst.so.6.1.0
7f1ed2979000-7f1ed2982000 r-xp 00000000 103:05 401441                    /usr/lib/x86_64-linux-gnu/libXrender.so.1.3.0
7f1ed2982000-7f1ed2b81000 ---p 00009000 103:05 401441                    /usr/lib/x86_64-linux-gnu/libXrender.so.1.3.0
7f1ed2b81000-7f1ed2b82000 r--p 00008000 103:05 401441                    /usr/lib/x86_64-linux-gnu/libXrender.so.1.3.0
7f1ed2b82000-7f1ed2b83000 rw-p 00009000 103:05 401441                    /usr/lib/x86_64-linux-gnu/libXrender.so.1.3.0
7f1ed2b83000-7f1ed2cb6000 r-xp 00000000 103:05 400060                    /usr/lib/x86_64-linux-gnu/libX11.so.6.3.0
7f1ed2cb6000-7f1ed2eb6000 ---p 00133000 103:05 400060                    /usr/lib/x86_64-linux-gnu/libX11.so.6.3.0
7f1ed2eb6000-7f1ed2eb7000 r--p 00133000 103:05 400060                    /usr/lib/x86_64-linux-gnu/libX11.so.6.3.0
7f1ed2eb7000-7f1ed2ebb000 rw-p 00134000 103:05 400060                    /usr/lib/x86_64-linux-gnu/libX11.so.6.3.0
7f1ed2ebb000-7f1ed2ecc000 r-xp 00000000 103:05 401421                    /usr/lib/x86_64-linux-gnu/libXext.so.6.4.0
7f1ed2ecc000-7f1ed30cb000 ---p 00011000 103:05 401421                    /usr/lib/x86_64-linux-gnu/libXext.so.6.4.0
7f1ed30cb000-7f1ed30cc000 r--p 00010000 103:05 401421                    /usr/lib/x86_64-linux-gnu/libXext.so.6.4.0
7f1ed30cc000-7f1ed30cd000 rw-p 00011000 103:05 401421                    /usr/lib/x86_64-linux-gnu/libXext.so.6.4.0
7f1ed30cd000-7f1ed30ce000 r--s 00000000 103:05 2754284                   /var/cache/fontconfig/16c2fda60d1b4b719f4b3d06fd951d25-le64.cache-7
7f1ed30ce000-7f1ed30cf000 r--s 00000000 103:05 2754323                   /var/cache/fontconfig/a48eab177a16e4f3713381162db2f3e9-le64.cache-7
7f1ed30cf000-7f1ed30d0000 r--s 00000000 103:05 2754304                   /var/cache/fontconfig/564b2e68ac9bc4e36a6f7f6d6125ec1c-le64.cache-7
7f1ed30d0000-7f1ed30d6000 r--s 00000000 103:05 2759433                   /var/cache/fontconfig/3047814df9a2f067bd2d96a2b9c36e5a-le64.cache-7
7f1ed30d6000-7f1ed30de000 r--s 00000000 103:05 2753774                   /var/cache/fontconfig/bf3b770c553c462765856025a94f1ce6-le64.cache-7
7f1ed30de000-7f1ed30df000 r--s 00000000 103:05 2754305                   /var/cache/fontconfig/56cf4f4769d0f4abc89a4895d7bd3ae1-le64.cache-7
7f1ed30df000-7f1ed30e0000 r--s 00000000 103:05 2754327                   /var/cache/fontconfig/b9d506c9ac06c20b433354fa67a72993-le64.cache-7
7f1ed30e0000-7f1ed30e6000 r--s 00000000 103:05 2754325                   /var/cache/fontconfig/b47c4e1ecd0709278f4910c18777a504-le64.cache-7
7f1ed30e6000-7f1ed30f9000 r--s 00000000 103:05 2754334                   /var/cache/fontconfig/d52a8644073d54c13679302ca1180695-le64.cache-7
7f1ed30f9000-7f1ed30fa000 r--s 00000000 103:05 2754292                   /var/cache/fontconfig/370e5b74bf5dafc30834de68e24a87a4-le64.cache-7
7f1ed30fa000-7f1ed30fb000 r--s 00000000 103:05 2754313                   /var/cache/fontconfig/6b2c5944714ca7831b25bed9e85cb5c8-le64.cache-7
7f1ed30fb000-7f1ed30fc000 r--s 00000000 103:05 2754333                   /var/cache/fontconfig/d5178ab6d91b49bf20a416737dcea9e8-le64.cache-7
7f1ed30fc000-7f1ed310a000 r--s 00000000 103:05 2754320                   /var/cache/fontconfig/9b89f8e3dae116d678bbf48e5f21f69b-le64.cache-7
7f1ed310a000-7f1ed315d000 r-xp 00000000 103:05 1319090                   /usr/lib/jvm/java-8-oracle/jre/lib/amd64/libawt_xawt.so
7f1ed315d000-7f1ed335c000 ---p 00053000 103:05 1319090                   /usr/lib/jvm/java-8-oracle/jre/lib/amd64/libawt_xawt.so
7f1ed335c000-7f1ed335d000 r--p 00052000 103:05 1319090                   /usr/lib/jvm/java-8-oracle/jre/lib/amd64/libawt_xawt.so
7f1ed335d000-7f1ed3360000 rw-p 00053000 103:05 1319090                   /usr/lib/jvm/java-8-oracle/jre/lib/amd64/libawt_xawt.so
7f1ed3360000-7f1ed3361000 rw-p 00000000 00:00 0 
7f1ed3361000-7f1ed3401000 r-xp 00000000 103:05 1319075                   /usr/lib/jvm/java-8-oracle/jre/lib/amd64/libawt.so
7f1ed3401000-7f1ed3600000 ---p 000a0000 103:05 1319075                   /usr/lib/jvm/java-8-oracle/jre/lib/amd64/libawt.so
7f1ed3600000-7f1ed3601000 r--p 0009f000 103:05 1319075                   /usr/lib/jvm/java-8-oracle/jre/lib/amd64/libawt.so
7f1ed3601000-7f1ed360c000 rw-p 000a0000 103:05 1319075                   /usr/lib/jvm/java-8-oracle/jre/lib/amd64/libawt.so
7f1ed360c000-7f1ed3631000 rw-p 00000000 00:00 0 
7f1ed3631000-7f1ed4000000 r--p 00000000 103:05 400112                    /usr/lib/locale/locale-archive
7f1ed4000000-7f1ed4021000 rw-p 00000000 00:00 0 
7f1ed4021000-7f1ed8000000 ---p 00000000 00:00 0 
7f1ed8000000-7f1ed8001000 r--s 00000000 103:05 2754303                   /var/cache/fontconfig/551ecf3b0e8b0bca0f25c0944f561853-le64.cache-7
7f1ed8001000-7f1ed8004000 r--s 00000000 103:05 2754342                   /var/cache/fontconfig/f259c2cffa685e28062317905db73c4a-le64.cache-7
7f1ed8004000-7f1ed8006000 r--s 00000000 103:05 2754302                   /var/cache/fontconfig/550f3886151c940c12a5ed35f6a00586-le64.cache-7
7f1ed8006000-7f1ed8014000 r--s 00000000 103:05 2764616                   /var/cache/fontconfig/e13b20fdb08344e0e664864cc2ede53d-le64.cache-7
7f1ed8014000-7f1ed803a000 r--p 00000000 103:05 1182632                   /usr/share/locale-langpack/fr/LC_MESSAGES/libc.mo
7f1ed803a000-7f1ed803b000 ---p 00000000 00:00 0 
7f1ed803b000-7f1ed813b000 rw-p 00000000 00:00 0 
7f1ed813b000-7f1ed813e000 ---p 00000000 00:00 0 
7f1ed813e000-7f1ed823c000 rw-p 00000000 00:00 0 
7f1ed823c000-7f1ed823d000 ---p 00000000 00:00 0 
7f1ed823d000-7f1ed8240000 ---p 00000000 00:00 0 
7f1ed8240000-7f1ed833d000 rw-p 00000000 00:00 0 
7f1ed833d000-7f1ed833e000 ---p 00000000 00:00 0 
7f1ed833e000-7f1ed8341000 ---p 00000000 00:00 0 
7f1ed8341000-7f1ed843e000 rw-p 00000000 00:00 0 
7f1ed843e000-7f1ed843f000 ---p 00000000 00:00 0 
7f1ed843f000-7f1ed8442000 ---p 00000000 00:00 0 
7f1ed8442000-7f1ed853f000 rw-p 00000000 00:00 0 
7f1ed853f000-7f1ed8540000 ---p 00000000 00:00 0 
7f1ed8540000-7f1ed8543000 ---p 00000000 00:00 0 
7f1ed8543000-7f1ed8640000 rw-p 00000000 00:00 0 
7f1ed8640000-7f1ed8643000 ---p 00000000 00:00 0 
7f1ed8643000-7f1ed8741000 rw-p 00000000 00:00 0 
7f1ed8741000-7f1ed8744000 ---p 00000000 00:00 0 
7f1ed8744000-7f1ed8842000 rw-p 00000000 00:00 0 
7f1ed8842000-7f1ed8845000 ---p 00000000 00:00 0 
7f1ed8845000-7f1ed8943000 rw-p 00000000 00:00 0 
7f1ed8943000-7f1ed8944000 ---p 00000000 00:00 0 
7f1ed8944000-7f1edc000000 rw-p 00000000 00:00 0 
7f1edc000000-7f1edc021000 rw-p 00000000 00:00 0 
7f1edc021000-7f1ee0000000 ---p 00000000 00:00 0 
7f1ee0000000-7f1ee0021000 rw-p 00000000 00:00 0 
7f1ee0021000-7f1ee4000000 ---p 00000000 00:00 0 
7f1ee4000000-7f1ee4021000 rw-p 00000000 00:00 0 
7f1ee4021000-7f1ee8000000 ---p 00000000 00:00 0 
7f1ee8000000-7f1ee8003000 r--s 00000000 103:05 2754311                   /var/cache/fontconfig/674d1711f2d1d2a09646eb0bdcadee49-le64.cache-7
7f1ee8003000-7f1ee8004000 r--s 00000000 103:05 2754295                   /var/cache/fontconfig/3f7329c5293ffd510edef78f73874cfd-le64.cache-7
7f1ee8004000-7f1ee8008000 r--s 00000000 103:05 2754335                   /var/cache/fontconfig/d589a48862398ed80a3d6066f4f56f4c-le64.cache-7
7f1ee8008000-7f1ee8009000 r--s 00000000 103:05 2754281                   /var/cache/fontconfig/0c9eb80ebd1c36541ebe2852d3bb0c49-le64.cache-7
7f1ee8009000-7f1ee8012000 r--s 00233000 103:05 1975536                   /home/fernandr/.m2/repository/net/imagej/ij/1.52t/ij-1.52t.jar
7f1ee8012000-7f1ee84a7000 rw-p 00000000 00:00 0 
7f1ee84a7000-7f1ee8681000 r--s 03d6f000 103:05 1319016                   /usr/lib/jvm/java-8-oracle/jre/lib/rt.jar
7f1ee8681000-7f1ee86f7000 rw-p 00000000 00:00 0 
7f1ee86f7000-7f1ee86f8000 ---p 00000000 00:00 0 
7f1ee86f8000-7f1ee87f8000 rw-p 00000000 00:00 0 
7f1ee87f8000-7f1ee87f9000 ---p 00000000 00:00 0 
7f1ee87f9000-7f1ee88f9000 rw-p 00000000 00:00 0 
7f1ee88f9000-7f1ee88fa000 ---p 00000000 00:00 0 
7f1ee88fa000-7f1ee89fa000 rw-p 00000000 00:00 0 
7f1ee89fa000-7f1ee89fb000 ---p 00000000 00:00 0 
7f1ee89fb000-7f1ee8afb000 rw-p 00000000 00:00 0 
7f1ee8afb000-7f1ee8afc000 ---p 00000000 00:00 0 
7f1ee8afc000-7f1ee8bfc000 rw-p 00000000 00:00 0 
7f1ee8bfc000-7f1ee8bfd000 ---p 00000000 00:00 0 
7f1ee8bfd000-7f1ee8cfd000 rw-p 00000000 00:00 0 
7f1ee8cfd000-7f1ee8cfe000 ---p 00000000 00:00 0 
7f1ee8cfe000-7f1ee8dfe000 rw-p 00000000 00:00 0 
7f1ee8dfe000-7f1ee8dff000 ---p 00000000 00:00 0 
7f1ee8dff000-7f1ee8eff000 rw-p 00000000 00:00 0 
7f1ee8eff000-7f1ee8f00000 ---p 00000000 00:00 0 
7f1ee8f00000-7f1ee9000000 rw-p 00000000 00:00 0 
7f1ee9000000-7f1eea040000 rwxp 00000000 00:00 0 
7f1eea040000-7f1ef8000000 ---p 00000000 00:00 0 
7f1ef8000000-7f1efc000000 rw-p 00000000 00:00 0 
7f1efc000000-7f1efc001000 r--s 00000000 103:05 2754288                   /var/cache/fontconfig/22368d551a680bfe5a62c02760edf4ea-le64.cache-7
7f1efc001000-7f1efc002000 r--s 00000000 103:05 2754300                   /var/cache/fontconfig/4d9c95eba1cb85bbcf2878543262124a-le64.cache-7
7f1efc002000-7f1efc003000 r--s 00000000 103:05 2754317                   /var/cache/fontconfig/85e0a52ce643a7ba2ae53e5d6949cead-le64.cache-7
7f1efc003000-7f1efc004000 r--s 00000000 103:05 2754297                   /var/cache/fontconfig/49f0de54bdd920fe4f0dfd4cbac43e6b-le64.cache-7
7f1efc004000-7f1efc006000 r--s 00000000 103:05 2754312                   /var/cache/fontconfig/6afa1bb216ce958c1589e297e8008489-le64.cache-7
7f1efc006000-7f1efc010000 r--s 0008a000 103:05 2054473                   /home/fernandr/Programmes/Fiji.app/jars/simpleitk-0.9.0.jar
7f1efc010000-7f1efc06b000 rw-p 00000000 00:00 0 
7f1efc06b000-7f1efc06c000 ---p 00000000 00:00 0 
7f1efc06c000-7f1efc25b000 rw-p 00000000 00:00 0 
7f1efc25b000-7f1efcbd1000 ---p 00000000 00:00 0 
7f1efcbd1000-7f1efccc0000 rw-p 00000000 00:00 0 
7f1efccc0000-7f1efd635000 ---p 00000000 00:00 0 
7f1efd635000-7f1efd7fe000 rw-p 00000000 00:00 0 
7f1efd7fe000-7f1efdb68000 ---p 00000000 00:00 0 
7f1efdb68000-7f1efdbaa000 rw-p 00000000 00:00 0 
7f1efdbaa000-7f1efdf29000 ---p 00000000 00:00 0 
7f1efdf29000-7f1efdf44000 r-xp 00000000 103:05 1319079                   /usr/lib/jvm/java-8-oracle/jre/lib/amd64/libzip.so
7f1efdf44000-7f1efe143000 ---p 0001b000 103:05 1319079                   /usr/lib/jvm/java-8-oracle/jre/lib/amd64/libzip.so
7f1efe143000-7f1efe144000 r--p 0001a000 103:05 1319079                   /usr/lib/jvm/java-8-oracle/jre/lib/amd64/libzip.so
7f1efe144000-7f1efe145000 rw-p 0001b000 103:05 1319079                   /usr/lib/jvm/java-8-oracle/jre/lib/amd64/libzip.so
7f1efe145000-7f1efe150000 r-xp 00000000 103:05 3806148                   /lib/x86_64-linux-gnu/libnss_files-2.27.so
7f1efe150000-7f1efe34f000 ---p 0000b000 103:05 3806148                   /lib/x86_64-linux-gnu/libnss_files-2.27.so
7f1efe34f000-7f1efe350000 r--p 0000a000 103:05 3806148                   /lib/x86_64-linux-gnu/libnss_files-2.27.so
7f1efe350000-7f1efe351000 rw-p 0000b000 103:05 3806148                   /lib/x86_64-linux-gnu/libnss_files-2.27.so
7f1efe351000-7f1efe357000 rw-p 00000000 00:00 0 
7f1efe357000-7f1efe36e000 r-xp 00000000 103:05 3806142                   /lib/x86_64-linux-gnu/libnsl-2.27.so
7f1efe36e000-7f1efe56d000 ---p 00017000 103:05 3806142                   /lib/x86_64-linux-gnu/libnsl-2.27.so
7f1efe56d000-7f1efe56e000 r--p 00016000 103:05 3806142                   /lib/x86_64-linux-gnu/libnsl-2.27.so
7f1efe56e000-7f1efe56f000 rw-p 00017000 103:05 3806142                   /lib/x86_64-linux-gnu/libnsl-2.27.so
7f1efe56f000-7f1efe571000 rw-p 00000000 00:00 0 
7f1efe571000-7f1efe57c000 r-xp 00000000 103:05 3806159                   /lib/x86_64-linux-gnu/libnss_nis-2.27.so
7f1efe57c000-7f1efe77b000 ---p 0000b000 103:05 3806159                   /lib/x86_64-linux-gnu/libnss_nis-2.27.so
7f1efe77b000-7f1efe77c000 r--p 0000a000 103:05 3806159                   /lib/x86_64-linux-gnu/libnss_nis-2.27.so
7f1efe77c000-7f1efe77d000 rw-p 0000b000 103:05 3806159                   /lib/x86_64-linux-gnu/libnss_nis-2.27.so
7f1efe77d000-7f1efe785000 r-xp 00000000 103:05 3806144                   /lib/x86_64-linux-gnu/libnss_compat-2.27.so
7f1efe785000-7f1efe985000 ---p 00008000 103:05 3806144                   /lib/x86_64-linux-gnu/libnss_compat-2.27.so
7f1efe985000-7f1efe986000 r--p 00008000 103:05 3806144                   /lib/x86_64-linux-gnu/libnss_compat-2.27.so
7f1efe986000-7f1efe987000 rw-p 00009000 103:05 3806144                   /lib/x86_64-linux-gnu/libnss_compat-2.27.so
7f1efe987000-7f1efe9b3000 r-xp 00000000 103:05 1319071                   /usr/lib/jvm/java-8-oracle/jre/lib/amd64/libjava.so
7f1efe9b3000-7f1efebb3000 ---p 0002c000 103:05 1319071                   /usr/lib/jvm/java-8-oracle/jre/lib/amd64/libjava.so
7f1efebb3000-7f1efebb4000 r--p 0002c000 103:05 1319071                   /usr/lib/jvm/java-8-oracle/jre/lib/amd64/libjava.so
7f1efebb4000-7f1efebb6000 rw-p 0002d000 103:05 1319071                   /usr/lib/jvm/java-8-oracle/jre/lib/amd64/libjava.so
7f1efebb6000-7f1efebc3000 r-xp 00000000 103:05 1319077                   /usr/lib/jvm/java-8-oracle/jre/lib/amd64/libverify.so
7f1efebc3000-7f1efedc2000 ---p 0000d000 103:05 1319077                   /usr/lib/jvm/java-8-oracle/jre/lib/amd64/libverify.so
7f1efedc2000-7f1efedc4000 r--p 0000c000 103:05 1319077                   /usr/lib/jvm/java-8-oracle/jre/lib/amd64/libverify.so
7f1efedc4000-7f1efedc5000 rw-p 0000e000 103:05 1319077                   /usr/lib/jvm/java-8-oracle/jre/lib/amd64/libverify.so
7f1efedc5000-7f1efedcc000 r-xp 00000000 103:05 3806199                   /lib/x86_64-linux-gnu/librt-2.27.so
7f1efedcc000-7f1efefcb000 ---p 00007000 103:05 3806199                   /lib/x86_64-linux-gnu/librt-2.27.so
7f1efefcb000-7f1efefcc000 r--p 00006000 103:05 3806199                   /lib/x86_64-linux-gnu/librt-2.27.so
7f1efefcc000-7f1efefcd000 rw-p 00007000 103:05 3806199                   /lib/x86_64-linux-gnu/librt-2.27.so
7f1efefcd000-7f1eff16a000 r-xp 00000000 103:05 3806121                   /lib/x86_64-linux-gnu/libm-2.27.so
7f1eff16a000-7f1eff369000 ---p 0019d000 103:05 3806121                   /lib/x86_64-linux-gnu/libm-2.27.so
7f1eff369000-7f1eff36a000 r--p 0019c000 103:05 3806121                   /lib/x86_64-linux-gnu/libm-2.27.so
7f1eff36a000-7f1eff36b000 rw-p 0019d000 103:05 3806121                   /lib/x86_64-linux-gnu/libm-2.27.so
7f1eff36b000-7f1f00053000 r-xp 00000000 103:05 1581920                   /usr/lib/jvm/java-8-oracle/jre/lib/amd64/server/libjvm.so
7f1f00053000-7f1f00252000 ---p 00ce8000 103:05 1581920                   /usr/lib/jvm/java-8-oracle/jre/lib/amd64/server/libjvm.so
7f1f00252000-7f1f002e8000 r--p 00ce7000 103:05 1581920                   /usr/lib/jvm/java-8-oracle/jre/lib/amd64/server/libjvm.so
7f1f002e8000-7f1f00319000 rw-p 00d7d000 103:05 1581920                   /usr/lib/jvm/java-8-oracle/jre/lib/amd64/server/libjvm.so
7f1f00319000-7f1f00354000 rw-p 00000000 00:00 0 
7f1f00354000-7f1f0053b000 r-xp 00000000 103:05 3806058                   /lib/x86_64-linux-gnu/libc-2.27.so
7f1f0053b000-7f1f0073b000 ---p 001e7000 103:05 3806058                   /lib/x86_64-linux-gnu/libc-2.27.so
7f1f0073b000-7f1f0073f000 r--p 001e7000 103:05 3806058                   /lib/x86_64-linux-gnu/libc-2.27.so
7f1f0073f000-7f1f00741000 rw-p 001eb000 103:05 3806058                   /lib/x86_64-linux-gnu/libc-2.27.so
7f1f00741000-7f1f00745000 rw-p 00000000 00:00 0 
7f1f00745000-7f1f00748000 r-xp 00000000 103:05 3806081                   /lib/x86_64-linux-gnu/libdl-2.27.so
7f1f00748000-7f1f00947000 ---p 00003000 103:05 3806081                   /lib/x86_64-linux-gnu/libdl-2.27.so
7f1f00947000-7f1f00948000 r--p 00002000 103:05 3806081                   /lib/x86_64-linux-gnu/libdl-2.27.so
7f1f00948000-7f1f00949000 rw-p 00003000 103:05 3806081                   /lib/x86_64-linux-gnu/libdl-2.27.so
7f1f00949000-7f1f00960000 r-xp 00000000 103:05 409197                    /usr/lib/jvm/java-8-oracle/lib/amd64/jli/libjli.so
7f1f00960000-7f1f00b5f000 ---p 00017000 103:05 409197                    /usr/lib/jvm/java-8-oracle/lib/amd64/jli/libjli.so
7f1f00b5f000-7f1f00b60000 r--p 00016000 103:05 409197                    /usr/lib/jvm/java-8-oracle/lib/amd64/jli/libjli.so
7f1f00b60000-7f1f00b61000 rw-p 00017000 103:05 409197                    /usr/lib/jvm/java-8-oracle/lib/amd64/jli/libjli.so
7f1f00b61000-7f1f00b7b000 r-xp 00000000 103:05 3806191                   /lib/x86_64-linux-gnu/libpthread-2.27.so
7f1f00b7b000-7f1f00d7a000 ---p 0001a000 103:05 3806191                   /lib/x86_64-linux-gnu/libpthread-2.27.so
7f1f00d7a000-7f1f00d7b000 r--p 00019000 103:05 3806191                   /lib/x86_64-linux-gnu/libpthread-2.27.so
7f1f00d7b000-7f1f00d7c000 rw-p 0001a000 103:05 3806191                   /lib/x86_64-linux-gnu/libpthread-2.27.so
7f1f00d7c000-7f1f00d80000 rw-p 00000000 00:00 0 
7f1f00d80000-7f1f00d86000 r-xp 00000000 103:05 413404                    /usr/lib/x86_64-linux-gnu/libgtk3-nocsd.so.0
7f1f00d86000-7f1f00f85000 ---p 00006000 103:05 413404                    /usr/lib/x86_64-linux-gnu/libgtk3-nocsd.so.0
7f1f00f85000-7f1f00f86000 r--p 00005000 103:05 413404                    /usr/lib/x86_64-linux-gnu/libgtk3-nocsd.so.0
7f1f00f86000-7f1f00f87000 rw-p 00006000 103:05 413404                    /usr/lib/x86_64-linux-gnu/libgtk3-nocsd.so.0
7f1f00f87000-7f1f00fae000 r-xp 00000000 103:05 3806030                   /lib/x86_64-linux-gnu/ld-2.27.so
7f1f00fae000-7f1f00faf000 r--s 00000000 103:05 2754344                   /var/cache/fontconfig/f6e6e0a5c3d2f6ae0c0c2e0ecd42a997-le64.cache-7
7f1f00faf000-7f1f0106c000 rw-p 00000000 00:00 0 
7f1f0106c000-7f1f0106d000 ---p 00000000 00:00 0 
7f1f0106d000-7f1f01070000 ---p 00000000 00:00 0 
7f1f01070000-7f1f01171000 rw-p 00000000 00:00 0 
7f1f01171000-7f1f01172000 r--s 00000000 103:05 2754298                   /var/cache/fontconfig/4b2eda6bb976bda485cb2176619421d5-le64.cache-7
7f1f01172000-7f1f01179000 r--s 00000000 103:05 657616                    /usr/lib/x86_64-linux-gnu/gconv/gconv-modules.cache
7f1f01179000-7f1f0117a000 r--s 00005000 103:05 3419402                   /home/fernandr/eclipse-workspace/MyIJPlugs/AplimTools/lib/lma/lma-jar/1.0/lma-1.0.jar
7f1f0117a000-7f1f0117c000 r--s 00035000 103:05 3418936                   /home/fernandr/eclipse-workspace/MyIJPlugs/AplimTools/lib/Fijiyama_GUI/Fijiyama_GUI-jar/4.0.0/Fijiyama_GUI-4.0.0.jar
7f1f0117c000-7f1f011a4000 rw-p 00000000 00:00 0 
7f1f011a4000-7f1f011ac000 rw-s 00000000 103:05 2883985                   /tmp/hsperfdata_fernandr/29655
7f1f011ac000-7f1f011ad000 rw-p 00000000 00:00 0 
7f1f011ad000-7f1f011ae000 r--p 00000000 00:00 0 
7f1f011ae000-7f1f011af000 r--p 00027000 103:05 3806030                   /lib/x86_64-linux-gnu/ld-2.27.so
7f1f011af000-7f1f011b0000 rw-p 00028000 103:05 3806030                   /lib/x86_64-linux-gnu/ld-2.27.so
7f1f011b0000-7f1f011b1000 rw-p 00000000 00:00 0 
7fffe79fe000-7fffe7a1f000 rw-p 00000000 00:00 0                          [stack]
7fffe7a5f000-7fffe7a62000 r--p 00000000 00:00 0                          [vvar]
7fffe7a62000-7fffe7a64000 r-xp 00000000 00:00 0                          [vdso]
ffffffffff600000-ffffffffff601000 r-xp 00000000 00:00 0                  [vsyscall]

VM Arguments:
jvm_args: -Djava.library.path=/home/fernandr/Programmes/Fiji.app/lib/linux64 -Dfile.encoding=UTF-8 
java_command: com.vitimage.aplimtools.Bionano_T1T2M0_Importer
java_class_path (initial): /home/fernandr/eclipse-workspace/MyIJPlugs/AplimTools/target/classes:/home/fernandr/eclipse-workspace/MyIJPlugs/AplimTools/lib/Fijiyama_GUI/Fijiyama_GUI-jar/4.0.0/Fijiyama_GUI-4.0.0.jar:/home/fernandr/eclipse-workspace/MyIJPlugs/AplimTools/lib/lma/lma-jar/1.0/lma-1.0.jar:/home/fernandr/Programmes/Fiji.app/jars/simpleitk-0.9.0.jar:/home/fernandr/.m2/repository/net/imagej/ij/1.52t/ij-1.52t.jar:/usr/lib/jvm/java-8-oracle/lib/tools.jar:/home/fernandr/.m2/repository/sc/fiji/VIB-lib/2.2.0/VIB-lib-2.2.0.jar:/home/fernandr/.m2/repository/sc/fiji/pal-optimization/2.0.1/pal-optimization-2.0.1.jar:/home/fernandr/.m2/repository/gov/nist/math/jama/1.0.3/jama-1.0.3.jar:/home/fernandr/.m2/repository/org/scijava/scijava-java3d/0.1.0/scijava-java3d-0.1.0.jar:/home/fernandr/.m2/repository/org/scijava/scijava-common/2.62.1/scijava-common-2.62.1.jar:/home/fernandr/.m2/repository/org/scijava/parsington/1.0.0/parsington-1.0.0.jar:/home/fernandr/.m2/repository/com/googlecode/gentyref/gentyref/1.1.0/gentyref-1.1.0.jar:/home/fernandr/.m2/repository/org/bushe/eventbus/1.4/eventbus-1.4.jar:/home/fernandr/.m2/repository/org/itk/simple/simpleitk/0.9.0/simpleitk-0.9.0.jar:/home/fernandr/.m2/repository/sc/fiji/3D_Viewer/4.0.3/3D_Viewer-4.0.3.jar:/home/fernandr/.m2/repository/org/scijava/j3dcore/1.6.0-scijava-2/j3dcore-1.6.0-scijava-2.jar:/home/fernandr/.m2/repository/org/jogamp/gluegen/gluegen-rt/2.3.2/gluegen-rt-2.3.2.jar:/home/fernandr/.m2/repository/org/jogamp/jogl/jogl-all/2.3.2/jogl-all-2.3.2.jar:/home/fernandr/.m2/repository/org/scijava/j3dutils/1.6.0-scijava-2/j3dutils-1.6.0-scijava-2.jar:/home/fernandr/.m2/repository/org/scijava/vecmath/1.6.0-scijava-2/vecmath-1.6.0-scijava-2.jar:/home/fernandr/.m2/repository/org/apache/commons/commons-math3/3.6.1/commons-math3-3.6.1.jar
Launcher Type: SUN_STANDARD

Environment Variables:
JAVA_HOME=/usr/lib/jvm/java-8-oracle
PATH=/home/fernandr/.local/share/umake/bin:/home/fernandr/.local/bin:/usr/local/sbin:/usr/local/bin:/usr/sbin:/usr/bin:/sbin:/bin:/usr/games:/usr/local/games:/home/fernandr/Programmes/ImageJ:/home/fernandr/Programmes/Fiji.app:/snap/bin:/usr/lib/jvm/java-8-oracle/bin:/usr/lib/jvm/java-8-oracle/db/bin:/usr/lib/jvm/java-8-oracle/jre/bin
USERNAME=fernandr
LD_PRELOAD=libgtk3-nocsd.so.0
SHELL=/bin/bash
DISPLAY=:1

Signal Handlers:
SIGSEGV: [libjvm.so+0xad3e60], sa_mask[0]=11111111011111111101111111111110, sa_flags=SA_RESTART|SA_SIGINFO
SIGBUS: [libjvm.so+0xad3e60], sa_mask[0]=11111111011111111101111111111110, sa_flags=SA_RESTART|SA_SIGINFO
SIGFPE: [libjvm.so+0x90b880], sa_mask[0]=11111111011111111101111111111110, sa_flags=SA_RESTART|SA_SIGINFO
SIGPIPE: [libjvm.so+0x90b880], sa_mask[0]=11111111011111111101111111111110, sa_flags=SA_RESTART|SA_SIGINFO
SIGXFSZ: [libjvm.so+0x90b880], sa_mask[0]=11111111011111111101111111111110, sa_flags=SA_RESTART|SA_SIGINFO
SIGILL: [libjvm.so+0x90b880], sa_mask[0]=11111111011111111101111111111110, sa_flags=SA_RESTART|SA_SIGINFO
SIGUSR1: SIG_DFL, sa_mask[0]=00000000000000000000000000000000, sa_flags=none
SIGUSR2: [libjvm.so+0x90b750], sa_mask[0]=00100000000000000000000000000000, sa_flags=SA_RESTART|SA_SIGINFO
SIGHUP: [libjvm.so+0x90bd70], sa_mask[0]=11111111011111111101111111111110, sa_flags=SA_RESTART|SA_SIGINFO
SIGINT: [libjvm.so+0x90bd70], sa_mask[0]=11111111011111111101111111111110, sa_flags=SA_RESTART|SA_SIGINFO
SIGTERM: [libjvm.so+0x90bd70], sa_mask[0]=11111111011111111101111111111110, sa_flags=SA_RESTART|SA_SIGINFO
SIGQUIT: [libjvm.so+0x90bd70], sa_mask[0]=11111111011111111101111111111110, sa_flags=SA_RESTART|SA_SIGINFO


---------------  S Y S T E M  ---------------

OS:DISTRIB_ID=Ubuntu
DISTRIB_RELEASE=18.04
DISTRIB_CODENAME=bionic
DISTRIB_DESCRIPTION="Ubuntu 18.04.2 LTS"

uname:Linux 4.15.0-91-generic #92-Ubuntu SMP Fri Feb 28 11:09:48 UTC 2020 x86_64
libc:glibc 2.27 NPTL 2.27 
rlimit: STACK 8192k, CORE 0k, NPROC 127333, NOFILE 4096, AS infinity
load average:1,34 0,75 0,55

/proc/meminfo:
MemTotal:       32693512 kB
MemFree:         4937880 kB
MemAvailable:   19424148 kB
Buffers:         5735436 kB
Cached:          8628296 kB
SwapCached:            0 kB
Active:         15783920 kB
Inactive:       10742264 kB
Active(anon):   12006424 kB
Inactive(anon):   242252 kB
Active(file):    3777496 kB
Inactive(file): 10500012 kB
Unevictable:       12536 kB
Mlocked:           12536 kB
SwapTotal:      19530748 kB
SwapFree:       19530748 kB
Dirty:                52 kB
Writeback:             0 kB
AnonPages:      12175312 kB
Mapped:          1503436 kB
Shmem:            246360 kB
Slab:             802076 kB
SReclaimable:     668340 kB
SUnreclaim:       133736 kB
KernelStack:       27696 kB
PageTables:       108636 kB
NFS_Unstable:          0 kB
Bounce:                0 kB
WritebackTmp:          0 kB
CommitLimit:    35877504 kB
Committed_AS:   23321460 kB
VmallocTotal:   34359738367 kB
VmallocUsed:           0 kB
VmallocChunk:          0 kB
HardwareCorrupted:     0 kB
AnonHugePages:         0 kB
ShmemHugePages:        0 kB
ShmemPmdMapped:        0 kB
CmaTotal:              0 kB
CmaFree:               0 kB
HugePages_Total:       0
HugePages_Free:        0
HugePages_Rsvd:        0
HugePages_Surp:        0
Hugepagesize:       2048 kB
DirectMap4k:     1452540 kB
DirectMap2M:    25565184 kB
DirectMap1G:     7340032 kB

container (cgroup) information:
container_type: cgroupv1
cpu_cpuset_cpus: 0-11
cpu_memory_nodes: 0
active_processor_count: 12
cpu_quota: -1
cpu_period: 100000
cpu_shares: -1
memory_limit_in_bytes: -1
memory_and_swap_limit_in_bytes: -2
memory_soft_limit_in_bytes: -1
memory_usage_in_bytes: 27176124416
memory_max_usage_in_bytes: 0


CPU:total 12 (initial active 12) (6 cores per cpu, 2 threads per core) family 6 model 158 stepping 10, cmov, cx8, fxsr, mmx, sse, sse2, sse3, ssse3, sse4.1, sse4.2, popcnt, avx, avx2, aes, clmul, erms, rtm, 3dnowpref, lzcnt, ht, tsc, tscinvbit, bmi1, bmi2, adx

/proc/cpuinfo:
processor	: 0
vendor_id	: GenuineIntel
cpu family	: 6
model		: 158
model name	: Intel(R) Xeon(R) E-2186M  CPU @ 2.90GHz
stepping	: 10
microcode	: 0xca
cpu MHz		: 4269.669
cache size	: 12288 KB
physical id	: 0
siblings	: 12
core id		: 0
cpu cores	: 6
apicid		: 0
initial apicid	: 0
fpu		: yes
fpu_exception	: yes
cpuid level	: 22
wp		: yes
flags		: fpu vme de pse tsc msr pae mce cx8 apic sep mtrr pge mca cmov pat pse36 clflush dts acpi mmx fxsr sse sse2 ss ht tm pbe syscall nx pdpe1gb rdtscp lm constant_tsc art arch_perfmon pebs bts rep_good nopl xtopology nonstop_tsc cpuid aperfmperf tsc_known_freq pni pclmulqdq dtes64 monitor ds_cpl vmx smx est tm2 ssse3 sdbg fma cx16 xtpr pdcm pcid sse4_1 sse4_2 x2apic movbe popcnt tsc_deadline_timer aes xsave avx f16c rdrand lahf_lm abm 3dnowprefetch cpuid_fault epb invpcid_single pti ssbd ibrs ibpb stibp tpr_shadow vnmi flexpriority ept vpid fsgsbase tsc_adjust bmi1 hle avx2 smep bmi2 erms invpcid rtm mpx rdseed adx smap clflushopt intel_pt xsaveopt xsavec xgetbv1 xsaves dtherm ida arat pln pts hwp hwp_notify hwp_act_window hwp_epp md_clear flush_l1d
bugs		: cpu_meltdown spectre_v1 spectre_v2 spec_store_bypass l1tf mds swapgs taa itlb_multihit
bogomips	: 5808.00
clflush size	: 64
cache_alignment	: 64
address sizes	: 39 bits physical, 48 bits virtual
power management:

processor	: 1
vendor_id	: GenuineIntel
cpu family	: 6
model		: 158
model name	: Intel(R) Xeon(R) E-2186M  CPU @ 2.90GHz
stepping	: 10
microcode	: 0xca
cpu MHz		: 4169.088
cache size	: 12288 KB
physical id	: 0
siblings	: 12
core id		: 1
cpu cores	: 6
apicid		: 2
initial apicid	: 2
fpu		: yes
fpu_exception	: yes
cpuid level	: 22
wp		: yes
flags		: fpu vme de pse tsc msr pae mce cx8 apic sep mtrr pge mca cmov pat pse36 clflush dts acpi mmx fxsr sse sse2 ss ht tm pbe syscall nx pdpe1gb rdtscp lm constant_tsc art arch_perfmon pebs bts rep_good nopl xtopology nonstop_tsc cpuid aperfmperf tsc_known_freq pni pclmulqdq dtes64 monitor ds_cpl vmx smx est tm2 ssse3 sdbg fma cx16 xtpr pdcm pcid sse4_1 sse4_2 x2apic movbe popcnt tsc_deadline_timer aes xsave avx f16c rdrand lahf_lm abm 3dnowprefetch cpuid_fault epb invpcid_single pti ssbd ibrs ibpb stibp tpr_shadow vnmi flexpriority ept vpid fsgsbase tsc_adjust bmi1 hle avx2 smep bmi2 erms invpcid rtm mpx rdseed adx smap clflushopt intel_pt xsaveopt xsavec xgetbv1 xsaves dtherm ida arat pln pts hwp hwp_notify hwp_act_window hwp_epp flush_l1d
bugs		: cpu_meltdown spectre_v1 spectre_v2 spec_store_bypass l1tf mds swapgs taa itlb_multihit
bogomips	: 5808.00
clflush size	: 64
cache_alignment	: 64
address sizes	: 39 bits physical, 48 bits virtual
power management:

processor	: 2
vendor_id	: GenuineIntel
cpu family	: 6
model		: 158
model name	: Intel(R) Xeon(R) E-2186M  CPU @ 2.90GHz
stepping	: 10
microcode	: 0xca
cpu MHz		: 4274.678
cache size	: 12288 KB
physical id	: 0
siblings	: 12
core id		: 2
cpu cores	: 6
apicid		: 4
initial apicid	: 4
fpu		: yes
fpu_exception	: yes
cpuid level	: 22
wp		: yes
flags		: fpu vme de pse tsc msr pae mce cx8 apic sep mtrr pge mca cmov pat pse36 clflush dts acpi mmx fxsr sse sse2 ss ht tm pbe syscall nx pdpe1gb rdtscp lm constant_tsc art arch_perfmon pebs bts rep_good nopl xtopology nonstop_tsc cpuid aperfmperf tsc_known_freq pni pclmulqdq dtes64 monitor ds_cpl vmx smx est tm2 ssse3 sdbg fma cx16 xtpr pdcm pcid sse4_1 sse4_2 x2apic movbe popcnt tsc_deadline_timer aes xsave avx f16c rdrand lahf_lm abm 3dnowprefetch cpuid_fault epb invpcid_single pti ssbd ibrs ibpb stibp tpr_shadow vnmi flexpriority ept vpid fsgsbase tsc_adjust bmi1 hle avx2 smep bmi2 erms invpcid rtm mpx rdseed adx smap clflushopt intel_pt xsaveopt xsavec xgetbv1 xsaves dtherm ida arat pln pts hwp hwp_notify hwp_act_window hwp_epp flush_l1d
bugs		: cpu_meltdown spectre_v1 spectre_v2 spec_store_bypass l1tf mds swapgs taa itlb_multihit
bogomips	: 5808.00
clflush size	: 64
cache_alignment	: 64
address sizes	: 39 bits physical, 48 bits virtual
power management:

processor	: 3
vendor_id	: GenuineIntel
cpu family	: 6
model		: 158
model name	: Intel(R) Xeon(R) E-2186M  CPU @ 2.90GHz
stepping	: 10
microcode	: 0xca
cpu MHz		: 4329.468
cache size	: 12288 KB
physical id	: 0
siblings	: 12
core id		: 3
cpu cores	: 6
apicid		: 6
initial apicid	: 6
fpu		: yes
fpu_exception	: yes
cpuid level	: 22
wp		: yes
flags		: fpu vme de pse tsc msr pae mce cx8 apic sep mtrr pge mca cmov pat pse36 clflush dts acpi mmx fxsr sse sse2 ss ht tm pbe syscall nx pdpe1gb rdtscp lm constant_tsc art arch_perfmon pebs bts rep_good nopl xtopology nonstop_tsc cpuid aperfmperf tsc_known_freq pni pclmulqdq dtes64 monitor ds_cpl vmx smx est tm2 ssse3 sdbg fma cx16 xtpr pdcm pcid sse4_1 sse4_2 x2apic movbe popcnt tsc_deadline_timer aes xsave avx f16c rdrand lahf_lm abm 3dnowprefetch cpuid_fault epb invpcid_single pti ssbd ibrs ibpb stibp tpr_shadow vnmi flexpriority ept vpid fsgsbase tsc_adjust bmi1 hle avx2 smep bmi2 erms invpcid rtm mpx rdseed adx smap clflushopt intel_pt xsaveopt xsavec xgetbv1 xsaves dtherm ida arat pln pts hwp hwp_notify hwp_act_window hwp_epp flush_l1d
bugs		: cpu_meltdown spectre_v1 spectre_v2 spec_store_bypass l1tf mds swapgs taa itlb_multihit
bogomips	: 5808.00
clflush size	: 64
cache_alignment	: 64
address sizes	: 39 bits physical, 48 bits virtual
power management:

processor	: 4
vendor_id	: GenuineIntel
cpu family	: 6
model		: 158
model name	: Intel(R) Xeon(R) E-2186M  CPU @ 2.90GHz
stepping	: 10
microcode	: 0xca
cpu MHz		: 4374.233
cache size	: 12288 KB
physical id	: 0
siblings	: 12
core id		: 4
cpu cores	: 6
apicid		: 8
initial apicid	: 8
fpu		: yes
fpu_exception	: yes
cpuid level	: 22
wp		: yes
flags		: fpu vme de pse tsc msr pae mce cx8 apic sep mtrr pge mca cmov pat pse36 clflush dts acpi mmx fxsr sse sse2 ss ht tm pbe syscall nx pdpe1gb rdtscp lm constant_tsc art arch_perfmon pebs bts rep_good nopl xtopology nonstop_tsc cpuid aperfmperf tsc_known_freq pni pclmulqdq dtes64 monitor ds_cpl vmx smx est tm2 ssse3 sdbg fma cx16 xtpr pdcm pcid sse4_1 sse4_2 x2apic movbe popcnt tsc_deadline_timer aes xsave avx f16c rdrand lahf_lm abm 3dnowprefetch cpuid_fault epb invpcid_single pti ssbd ibrs ibpb stibp tpr_shadow vnmi flexpriority ept vpid fsgsbase tsc_adjust bmi1 hle avx2 smep bmi2 erms invpcid rtm mpx rdseed adx smap clflushopt intel_pt xsaveopt xsavec xgetbv1 xsaves dtherm ida arat pln pts hwp hwp_notify hwp_act_window hwp_epp flush_l1d
bugs		: cpu_meltdown spectre_v1 spectre_v2 spec_store_bypass l1tf mds swapgs taa itlb_multihit
bogomips	: 5808.00
clflush size	: 64
cache_alignment	: 64
address sizes	: 39 bits physical, 48 bits virtual
power management:

processor	: 5
vendor_id	: GenuineIntel
cpu family	: 6
model		: 158
model name	: Intel(R) Xeon(R) E-2186M  CPU @ 2.90GHz
stepping	: 10
microcode	: 0xca
cpu MHz		: 4317.657
cache size	: 12288 KB
physical id	: 0
siblings	: 12
core id		: 5
cpu cores	: 6
apicid		: 10
initial apicid	: 10
fpu		: yes
fpu_exception	: yes
cpuid level	: 22
wp		: yes
flags		: fpu vme de pse tsc msr pae mce cx8 apic sep mtrr pge mca cmov pat pse36 clflush dts acpi mmx fxsr sse sse2 ss ht tm pbe syscall nx pdpe1gb rdtscp lm constant_tsc art arch_perfmon pebs bts rep_good nopl xtopology nonstop_tsc cpuid aperfmperf tsc_known_freq pni pclmulqdq dtes64 monitor ds_cpl vmx smx est tm2 ssse3 sdbg fma cx16 xtpr pdcm pcid sse4_1 sse4_2 x2apic movbe popcnt tsc_deadline_timer aes xsave avx f16c rdrand lahf_lm abm 3dnowprefetch cpuid_fault epb invpcid_single pti ssbd ibrs ibpb stibp tpr_shadow vnmi flexpriority ept vpid fsgsbase tsc_adjust bmi1 hle avx2 smep bmi2 erms invpcid rtm mpx rdseed adx smap clflushopt intel_pt xsaveopt xsavec xgetbv1 xsaves dtherm ida arat pln pts hwp hwp_notify hwp_act_window hwp_epp flush_l1d
bugs		: cpu_meltdown spectre_v1 spectre_v2 spec_store_bypass l1tf mds swapgs taa itlb_multihit
bogomips	: 5808.00
clflush size	: 64
cache_alignment	: 64
address sizes	: 39 bits physical, 48 bits virtual
power management:

processor	: 6
vendor_id	: GenuineIntel
cpu family	: 6
model		: 158
model name	: Intel(R) Xeon(R) E-2186M  CPU @ 2.90GHz
stepping	: 10
microcode	: 0xca
cpu MHz		: 4330.036
cache size	: 12288 KB
physical id	: 0
siblings	: 12
core id		: 0
cpu cores	: 6
apicid		: 1
initial apicid	: 1
fpu		: yes
fpu_exception	: yes
cpuid level	: 22
wp		: yes
flags		: fpu vme de pse tsc msr pae mce cx8 apic sep mtrr pge mca cmov pat pse36 clflush dts acpi mmx fxsr sse sse2 ss ht tm pbe syscall nx pdpe1gb rdtscp lm constant_tsc art arch_perfmon pebs bts rep_good nopl xtopology nonstop_tsc cpuid aperfmperf tsc_known_freq pni pclmulqdq dtes64 monitor ds_cpl vmx smx est tm2 ssse3 sdbg fma cx16 xtpr pdcm pcid sse4_1 sse4_2 x2apic movbe popcnt tsc_deadline_timer aes xsave avx f16c rdrand lahf_lm abm 3dnowprefetch cpuid_fault epb invpcid_single pti ssbd ibrs ibpb stibp tpr_shadow vnmi flexpriority ept vpid fsgsbase tsc_adjust bmi1 hle avx2 smep bmi2 erms invpcid rtm mpx rdseed adx smap clflushopt intel_pt xsaveopt xsavec xgetbv1 xsaves dtherm ida arat pln pts hwp hwp_notify hwp_act_window hwp_epp md_clear flush_l1d
bugs		: cpu_meltdown spectre_v1 spectre_v2 spec_store_bypass l1tf mds swapgs taa itlb_multihit
bogomips	: 5808.00
clflush size	: 64
cache_alignment	: 64
address sizes	: 39 bits physical, 48 bits virtual
power management:

processor	: 7
vendor_id	: GenuineIntel
cpu family	: 6
model		: 158
model name	: Intel(R) Xeon(R) E-2186M  CPU @ 2.90GHz
stepping	: 10
microcode	: 0xca
cpu MHz		: 4326.795
cache size	: 12288 KB
physical id	: 0
siblings	: 12
core id		: 1
cpu cores	: 6
apicid		: 3
initial apicid	: 3
fpu		: yes
fpu_exception	: yes
cpuid level	: 22
wp		: yes
flags		: fpu vme de pse tsc msr pae mce cx8 apic sep mtrr pge mca cmov pat pse36 clflush dts acpi mmx fxsr sse sse2 ss ht tm pbe syscall nx pdpe1gb rdtscp lm constant_tsc art arch_perfmon pebs bts rep_good nopl xtopology nonstop_tsc cpuid aperfmperf tsc_known_freq pni pclmulqdq dtes64 monitor ds_cpl vmx smx est tm2 ssse3 sdbg fma cx16 xtpr pdcm pcid sse4_1 sse4_2 x2apic movbe popcnt tsc_deadline_timer aes xsave avx f16c rdrand lahf_lm abm 3dnowprefetch cpuid_fault epb invpcid_single pti ssbd ibrs ibpb stibp tpr_shadow vnmi flexpriority ept vpid fsgsbase tsc_adjust bmi1 hle avx2 smep bmi2 erms invpcid rtm mpx rdseed adx smap clflushopt intel_pt xsaveopt xsavec xgetbv1 xsaves dtherm ida arat pln pts hwp hwp_notify hwp_act_window hwp_epp md_clear flush_l1d
bugs		: cpu_meltdown spectre_v1 spectre_v2 spec_store_bypass l1tf mds swapgs taa itlb_multihit
bogomips	: 5808.00
clflush size	: 64
cache_alignment	: 64
address sizes	: 39 bits physical, 48 bits virtual
power management:

processor	: 8
vendor_id	: GenuineIntel
cpu family	: 6
model		: 158
model name	: Intel(R) Xeon(R) E-2186M  CPU @ 2.90GHz
stepping	: 10
microcode	: 0xca
cpu MHz		: 4157.722
cache size	: 12288 KB
physical id	: 0
siblings	: 12
core id		: 2
cpu cores	: 6
apicid		: 5
initial apicid	: 5
fpu		: yes
fpu_exception	: yes
cpuid level	: 22
wp		: yes
flags		: fpu vme de pse tsc msr pae mce cx8 apic sep mtrr pge mca cmov pat pse36 clflush dts acpi mmx fxsr sse sse2 ss ht tm pbe syscall nx pdpe1gb rdtscp lm constant_tsc art arch_perfmon pebs bts rep_good nopl xtopology nonstop_tsc cpuid aperfmperf tsc_known_freq pni pclmulqdq dtes64 monitor ds_cpl vmx smx est tm2 ssse3 sdbg fma cx16 xtpr pdcm pcid sse4_1 sse4_2 x2apic movbe popcnt tsc_deadline_timer aes xsave avx f16c rdrand lahf_lm abm 3dnowprefetch cpuid_fault epb invpcid_single pti ssbd ibrs ibpb stibp tpr_shadow vnmi flexpriority ept vpid fsgsbase tsc_adjust bmi1 hle avx2 smep bmi2 erms invpcid rtm mpx rdseed adx smap clflushopt intel_pt xsaveopt xsavec xgetbv1 xsaves dtherm ida arat pln pts hwp hwp_notify hwp_act_window hwp_epp md_clear flush_l1d
bugs		: cpu_meltdown spectre_v1 spectre_v2 spec_store_bypass l1tf mds swapgs taa itlb_multihit
bogomips	: 5808.00
clflush size	: 64
cache_alignment	: 64
address sizes	: 39 bits physical, 48 bits virtual
power management:

processor	: 9
vendor_id	: GenuineIntel
cpu family	: 6
model		: 158
model name	: Intel(R) Xeon(R) E-2186M  CPU @ 2.90GHz
stepping	: 10
microcode	: 0xca
cpu MHz		: 4188.926
cache size	: 12288 KB
physical id	: 0
siblings	: 12
core id		: 3
cpu cores	: 6
apicid		: 7
initial apicid	: 7
fpu		: yes
fpu_exception	: yes
cpuid level	: 22
wp		: yes
flags		: fpu vme de pse tsc msr pae mce cx8 apic sep mtrr pge mca cmov pat pse36 clflush dts acpi mmx fxsr sse sse2 ss ht tm pbe syscall nx pdpe1gb rdtscp lm constant_tsc art arch_perfmon pebs bts rep_good nopl xtopology nonstop_tsc cpuid aperfmperf tsc_known_freq pni pclmulqdq dtes64 monitor ds_cpl vmx smx est tm2 ssse3 sdbg fma cx16 xtpr pdcm pcid sse4_1 sse4_2 x2apic movbe popcnt tsc_deadline_timer aes xsave avx f16c rdrand lahf_lm abm 3dnowprefetch cpuid_fault epb invpcid_single pti ssbd ibrs ibpb stibp tpr_shadow vnmi flexpriority ept vpid fsgsbase tsc_adjust bmi1 hle avx2 smep bmi2 erms invpcid rtm mpx rdseed adx smap clflushopt intel_pt xsaveopt xsavec xgetbv1 xsaves dtherm ida arat pln pts hwp hwp_notify hwp_act_window hwp_epp md_clear flush_l1d
bugs		: cpu_meltdown spectre_v1 spectre_v2 spec_store_bypass l1tf mds swapgs taa itlb_multihit
bogomips	: 5808.00
clflush size	: 64
cache_alignment	: 64
address sizes	: 39 bits physical, 48 bits virtual
power management:

processor	: 10
vendor_id	: GenuineIntel
cpu family	: 6
model		: 158
model name	: Intel(R) Xeon(R) E-2186M  CPU @ 2.90GHz
stepping	: 10
microcode	: 0xca
cpu MHz		: 4330.846
cache size	: 12288 KB
physical id	: 0
siblings	: 12
core id		: 4
cpu cores	: 6
apicid		: 9
initial apicid	: 9
fpu		: yes
fpu_exception	: yes
cpuid level	: 22
wp		: yes
flags		: fpu vme de pse tsc msr pae mce cx8 apic sep mtrr pge mca cmov pat pse36 clflush dts acpi mmx fxsr sse sse2 ss ht tm pbe syscall nx pdpe1gb rdtscp lm constant_tsc art arch_perfmon pebs bts rep_good nopl xtopology nonstop_tsc cpuid aperfmperf tsc_known_freq pni pclmulqdq dtes64 monitor ds_cpl vmx smx est tm2 ssse3 sdbg fma cx16 xtpr pdcm pcid sse4_1 sse4_2 x2apic movbe popcnt tsc_deadline_timer aes xsave avx f16c rdrand lahf_lm abm 3dnowprefetch cpuid_fault epb invpcid_single pti ssbd ibrs ibpb stibp tpr_shadow vnmi flexpriority ept vpid fsgsbase tsc_adjust bmi1 hle avx2 smep bmi2 erms invpcid rtm mpx rdseed adx smap clflushopt intel_pt xsaveopt xsavec xgetbv1 xsaves dtherm ida arat pln pts hwp hwp_notify hwp_act_window hwp_epp md_clear flush_l1d
bugs		: cpu_meltdown spectre_v1 spectre_v2 spec_store_bypass l1tf mds swapgs taa itlb_multihit
bogomips	: 5808.00
clflush size	: 64
cache_alignment	: 64
address sizes	: 39 bits physical, 48 bits virtual
power management:

processor	: 11
vendor_id	: GenuineIntel
cpu family	: 6
model		: 158
model name	: Intel(R) Xeon(R) E-2186M  CPU @ 2.90GHz
stepping	: 10
microcode	: 0xca
cpu MHz		: 4090.009
cache size	: 12288 KB
physical id	: 0
siblings	: 12
core id		: 5
cpu cores	: 6
apicid		: 11
initial apicid	: 11
fpu		: yes
fpu_exception	: yes
cpuid level	: 22
wp		: yes
flags		: fpu vme de pse tsc msr pae mce cx8 apic sep mtrr pge mca cmov pat pse36 clflush dts acpi mmx fxsr sse sse2 ss ht tm pbe syscall nx pdpe1gb rdtscp lm constant_tsc art arch_perfmon pebs bts rep_good nopl xtopology nonstop_tsc cpuid aperfmperf tsc_known_freq pni pclmulqdq dtes64 monitor ds_cpl vmx smx est tm2 ssse3 sdbg fma cx16 xtpr pdcm pcid sse4_1 sse4_2 x2apic movbe popcnt tsc_deadline_timer aes xsave avx f16c rdrand lahf_lm abm 3dnowprefetch cpuid_fault epb invpcid_single pti ssbd ibrs ibpb stibp tpr_shadow vnmi flexpriority ept vpid fsgsbase tsc_adjust bmi1 hle avx2 smep bmi2 erms invpcid rtm mpx rdseed adx smap clflushopt intel_pt xsaveopt xsavec xgetbv1 xsaves dtherm ida arat pln pts hwp hwp_notify hwp_act_window hwp_epp md_clear flush_l1d
bugs		: cpu_meltdown spectre_v1 spectre_v2 spec_store_bypass l1tf mds swapgs taa itlb_multihit
bogomips	: 5808.00
clflush size	: 64
cache_alignment	: 64
address sizes	: 39 bits physical, 48 bits virtual
power management:



Memory: 4k page, physical 32693512k(4937924k free), swap 19530748k(19530748k free)

vm_info: Java HotSpot(TM) 64-Bit Server VM (25.201-b09) for linux-amd64 JRE (1.8.0_201-b09), built on Dec 15 2018 11:35:59 by "java_re" with gcc 7.3.0

time: Sat Apr  4 01:31:33 2020
timezone: CEST
elapsed time: 60 seconds (0d 0h 1m 0s)

